2025-05-03 05:42:54.697 [info] [main] Log level: Info
2025-05-03 05:42:54.697 [info] [main] Validating found git in: "git"
2025-05-03 05:42:54.697 [info] [main] Using git "2.48.1" from "git"
2025-05-03 05:42:54.697 [info] [Model][doInitialScan] Initial repository scan started
2025-05-03 05:42:54.697 [info] > git rev-parse --show-toplevel [1ms]
2025-05-03 05:42:54.698 [info] > git rev-parse --git-dir --git-common-dir [2ms]
2025-05-03 05:42:54.703 [info] [Model][openRepository] Opened repository: /home/felipe/coding/feiradeciencias
2025-05-03 05:42:54.732 [info] > git rev-parse --show-toplevel [20ms]
2025-05-03 05:42:54.732 [info] > git config --get commit.template [23ms]
2025-05-03 05:42:54.744 [info] > git rev-parse --show-toplevel [4ms]
2025-05-03 05:42:54.748 [info] > git for-each-ref --format=%(refname)%00%(upstream:short)%00%(objectname)%00%(upstream:track)%00%(upstream:remotename)%00%(upstream:remoteref) refs/heads/master refs/remotes/master [4ms]
2025-05-03 05:42:54.749 [info] > git rev-parse --show-toplevel [2ms]
2025-05-03 05:42:54.760 [info] > git status -z -uall [6ms]
2025-05-03 05:42:54.760 [info] > git rev-parse --show-toplevel [8ms]
2025-05-03 05:42:54.760 [info] > git for-each-ref --sort -committerdate --format %(refname) %(objectname) %(*objectname) [1ms]
2025-05-03 05:42:54.780 [info] > git for-each-ref --format=%(refname)%00%(upstream:short)%00%(objectname)%00%(upstream:track)%00%(upstream:remotename)%00%(upstream:remoteref) refs/heads/master refs/remotes/master [8ms]
2025-05-03 05:42:54.785 [info] > git config --get --local branch.master.vscode-merge-base [2ms]
2025-05-03 05:42:54.789 [info] > git config --get commit.template [10ms]
2025-05-03 05:42:54.789 [info] > git rev-parse --show-toplevel [12ms]
2025-05-03 05:42:54.789 [info] [Model][doInitialScan] Initial repository scan completed - repositories (1), closed repositories (0), parent repositories (0), unsafe repositories (0)
2025-05-03 05:42:54.790 [info] > git for-each-ref --format=%(refname)%00%(upstream:short)%00%(objectname)%00%(upstream:track)%00%(upstream:remotename)%00%(upstream:remoteref) refs/heads/origin/master refs/remotes/origin/master [2ms]
2025-05-03 05:42:54.816 [info] > git merge-base refs/heads/master refs/remotes/origin/master [23ms]
2025-05-03 05:42:54.823 [info] > git diff --name-status -z --diff-filter=ADMR ec403c753f3bcd6b9624c6deb7ec86d9758ea321...refs/remotes/origin/master [3ms]
2025-05-03 05:42:54.823 [info] > git for-each-ref --format=%(refname)%00%(upstream:short)%00%(objectname)%00%(upstream:track)%00%(upstream:remotename)%00%(upstream:remoteref) refs/heads/master refs/remotes/master [9ms]
2025-05-03 05:42:54.831 [info] > git status -z -uall [4ms]
2025-05-03 05:42:54.831 [info] > git for-each-ref --sort -committerdate --format %(refname) %(objectname) %(*objectname) [2ms]
2025-05-03 05:42:55.244 [info] > git check-ignore -v -z --stdin [3ms]
2025-05-03 05:43:07.056 [info] > git config --get commit.template [7ms]
2025-05-03 05:43:07.057 [info] > git for-each-ref --format=%(refname)%00%(upstream:short)%00%(objectname)%00%(upstream:track)%00%(upstream:remotename)%00%(upstream:remoteref) refs/heads/master refs/remotes/master [3ms]
2025-05-03 05:43:07.070 [info] > git status -z -uall [6ms]
2025-05-03 05:43:07.071 [info] > git for-each-ref --sort -committerdate --format %(refname) %(objectname) %(*objectname) [2ms]
2025-05-03 05:43:12.086 [info] > git config --get commit.template [5ms]
2025-05-03 05:43:12.086 [info] > git for-each-ref --format=%(refname)%00%(upstream:short)%00%(objectname)%00%(upstream:track)%00%(upstream:remotename)%00%(upstream:remoteref) refs/heads/master refs/remotes/master [1ms]
2025-05-03 05:43:12.097 [info] > git status -z -uall [6ms]
2025-05-03 05:43:12.097 [info] > git for-each-ref --sort -committerdate --format %(refname) %(objectname) %(*objectname) [2ms]
2025-05-03 05:43:30.670 [info] > git show --textconv :static/style.css [6ms]
2025-05-03 05:43:30.671 [info] > git ls-files --stage -- /home/felipe/coding/feiradeciencias/static/style.css [1ms]
2025-05-03 05:43:30.677 [info] > git cat-file -s 494e1195155e5d6dd026355f59b60ab589903cb2 [1ms]
2025-05-03 05:43:30.696 [info] > git blame --root --incremental ec403c753f3bcd6b9624c6deb7ec86d9758ea321 -- /home/felipe/coding/feiradeciencias/static/style.css [2ms]
2025-05-03 05:43:35.630 [info] > git show --textconv :static/style.css [6ms]
2025-05-03 05:43:35.630 [info] > git ls-files --stage -- /home/felipe/coding/feiradeciencias/static/style.css [1ms]
2025-05-03 05:43:35.635 [info] > git cat-file -s 494e1195155e5d6dd026355f59b60ab589903cb2 [1ms]
2025-05-03 05:48:21.067 [info] > git config --get commit.template [9ms]
2025-05-03 05:48:21.067 [info] > git for-each-ref --format=%(refname)%00%(upstream:short)%00%(objectname)%00%(upstream:track)%00%(upstream:remotename)%00%(upstream:remoteref) refs/heads/master refs/remotes/master [1ms]
2025-05-03 05:48:21.077 [info] > git status -z -uall [5ms]
2025-05-03 05:48:21.077 [info] > git for-each-ref --sort -committerdate --format %(refname) %(objectname) %(*objectname) [1ms]
2025-05-03 05:49:16.351 [info] > git config --get commit.template [7ms]
2025-05-03 05:49:16.352 [info] > git for-each-ref --format=%(refname)%00%(upstream:short)%00%(objectname)%00%(upstream:track)%00%(upstream:remotename)%00%(upstream:remoteref) refs/heads/master refs/remotes/master [2ms]
2025-05-03 05:49:16.361 [info] > git status -z -uall [4ms]
2025-05-03 05:49:16.362 [info] > git for-each-ref --sort -committerdate --format %(refname) %(objectname) %(*objectname) [1ms]
2025-05-03 05:49:21.383 [info] > git config --get commit.template [9ms]
2025-05-03 05:49:21.384 [info] > git for-each-ref --format=%(refname)%00%(upstream:short)%00%(objectname)%00%(upstream:track)%00%(upstream:remotename)%00%(upstream:remoteref) refs/heads/master refs/remotes/master [2ms]
2025-05-03 05:49:21.398 [info] > git status -z -uall [6ms]
2025-05-03 05:49:21.399 [info] > git for-each-ref --sort -committerdate --format %(refname) %(objectname) %(*objectname) [1ms]
2025-05-03 05:49:23.801 [info] > git show --textconv :views/home.ejs [6ms]
2025-05-03 05:49:23.802 [info] > git ls-files --stage -- /home/felipe/coding/feiradeciencias/views/home.ejs [2ms]
2025-05-03 05:49:23.808 [info] > git cat-file -s 9945f74c7c494df055fe2afbe51dc3deebf055db [2ms]
2025-05-03 05:49:46.332 [info] > git show --textconv :html/index.html [7ms]
2025-05-03 05:49:46.333 [info] > git ls-files --stage -- /home/felipe/coding/feiradeciencias/html/index.html [1ms]
2025-05-03 05:49:46.338 [info] > git cat-file -s 19dc77271a03261c8301041f17cb0d900ad1e9bc [1ms]
2025-05-03 05:50:24.533 [info] > git config --get commit.template [10ms]
2025-05-03 05:50:24.534 [info] > git for-each-ref --format=%(refname)%00%(upstream:short)%00%(objectname)%00%(upstream:track)%00%(upstream:remotename)%00%(upstream:remoteref) refs/heads/master refs/remotes/master [3ms]
2025-05-03 05:50:24.547 [info] > git status -z -uall [5ms]
2025-05-03 05:50:24.548 [info] > git for-each-ref --sort -committerdate --format %(refname) %(objectname) %(*objectname) [2ms]
2025-05-03 05:50:32.781 [info] > git show --textconv :html/index.html [7ms]
2025-05-03 05:50:32.781 [info] > git ls-files --stage -- /home/felipe/coding/feiradeciencias/html/index.html [1ms]
2025-05-03 05:50:32.787 [info] > git cat-file -s 19dc77271a03261c8301041f17cb0d900ad1e9bc [1ms]
2025-05-03 05:50:33.314 [info] > git blame --root --incremental ec403c753f3bcd6b9624c6deb7ec86d9758ea321 -- /home/felipe/coding/feiradeciencias/html/index.html [1ms]
2025-05-03 05:50:47.287 [info] > git config --get commit.template [1ms]
2025-05-03 05:50:47.295 [info] > git for-each-ref --format=%(refname)%00%(upstream:short)%00%(objectname)%00%(upstream:track)%00%(upstream:remotename)%00%(upstream:remoteref) refs/heads/master refs/remotes/master [1ms]
2025-05-03 05:50:47.307 [info] > git for-each-ref --sort -committerdate --format %(refname) %(objectname) %(*objectname) [0ms]
2025-05-03 05:50:47.308 [info] > git status -z -uall [6ms]
2025-05-03 05:50:49.456 [info] > git show --textconv :views/home.ejs [5ms]
2025-05-03 05:50:49.457 [info] > git ls-files --stage -- /home/felipe/coding/feiradeciencias/views/home.ejs [2ms]
2025-05-03 05:50:49.463 [info] > git cat-file -s 9945f74c7c494df055fe2afbe51dc3deebf055db [2ms]
2025-05-03 05:50:49.478 [info] > git blame --root --incremental ec403c753f3bcd6b9624c6deb7ec86d9758ea321 -- /home/felipe/coding/feiradeciencias/views/home.ejs [2ms]
2025-05-03 05:51:05.653 [info] > git config --get commit.template [7ms]
2025-05-03 05:51:05.655 [info] > git for-each-ref --format=%(refname)%00%(upstream:short)%00%(objectname)%00%(upstream:track)%00%(upstream:remotename)%00%(upstream:remoteref) refs/heads/master refs/remotes/master [3ms]
2025-05-03 05:51:05.672 [info] > git status -z -uall [7ms]
2025-05-03 05:51:05.673 [info] > git for-each-ref --sort -committerdate --format %(refname) %(objectname) %(*objectname) [1ms]
2025-05-03 05:51:07.650 [info] > git show --textconv :app.js [6ms]
2025-05-03 05:51:07.650 [info] > git ls-files --stage -- /home/felipe/coding/feiradeciencias/app.js [1ms]
2025-05-03 05:51:07.657 [info] > git cat-file -s 966b2ada432351609a868649e3cac19da2da53b6 [2ms]
2025-05-03 05:51:07.676 [info] > git blame --root --incremental ec403c753f3bcd6b9624c6deb7ec86d9758ea321 -- /home/felipe/coding/feiradeciencias/app.js [3ms]
2025-05-03 05:51:51.162 [info] > git config --get commit.template [11ms]
2025-05-03 05:51:51.163 [info] > git for-each-ref --format=%(refname)%00%(upstream:short)%00%(objectname)%00%(upstream:track)%00%(upstream:remotename)%00%(upstream:remoteref) refs/heads/master refs/remotes/master [2ms]
2025-05-03 05:51:51.176 [info] > git for-each-ref --sort -committerdate --format %(refname) %(objectname) %(*objectname) [1ms]
2025-05-03 05:51:51.176 [info] > git status -z -uall [6ms]
2025-05-03 05:52:19.690 [info] > git config --get commit.template [6ms]
2025-05-03 05:52:19.691 [info] > git for-each-ref --format=%(refname)%00%(upstream:short)%00%(objectname)%00%(upstream:track)%00%(upstream:remotename)%00%(upstream:remoteref) refs/heads/master refs/remotes/master [1ms]
2025-05-03 05:52:19.700 [info] > git status -z -uall [5ms]
2025-05-03 05:52:19.701 [info] > git for-each-ref --sort -committerdate --format %(refname) %(objectname) %(*objectname) [1ms]
2025-05-03 05:53:53.726 [info] > git show --textconv :views/home.ejs [5ms]
2025-05-03 05:53:53.726 [info] > git ls-files --stage -- /home/felipe/coding/feiradeciencias/views/home.ejs [0ms]
2025-05-03 05:53:53.731 [info] > git cat-file -s 9945f74c7c494df055fe2afbe51dc3deebf055db [1ms]
2025-05-03 05:53:54.496 [info] > git show --textconv :html/error.html [5ms]
2025-05-03 05:53:54.497 [info] > git ls-files --stage -- /home/felipe/coding/feiradeciencias/html/error.html [1ms]
2025-05-03 05:53:54.501 [info] > git cat-file -s c82e52a3bae113b9cd37f12f9a2bcccd5ab44199 [0ms]
2025-05-03 05:53:54.509 [info] > git blame --root --incremental ec403c753f3bcd6b9624c6deb7ec86d9758ea321 -- /home/felipe/coding/feiradeciencias/html/error.html [1ms]
2025-05-03 05:53:55.498 [info] > git show --textconv :views/home.ejs [6ms]
2025-05-03 05:53:55.499 [info] > git ls-files --stage -- /home/felipe/coding/feiradeciencias/views/home.ejs [1ms]
2025-05-03 05:53:55.504 [info] > git cat-file -s 9945f74c7c494df055fe2afbe51dc3deebf055db [1ms]
2025-05-03 05:53:56.033 [info] > git show --textconv :html/index.html [6ms]
2025-05-03 05:53:56.034 [info] > git ls-files --stage -- /home/felipe/coding/feiradeciencias/html/index.html [2ms]
2025-05-03 05:53:56.038 [info] > git cat-file -s 19dc77271a03261c8301041f17cb0d900ad1e9bc [0ms]
2025-05-03 05:53:57.799 [info] > git show --textconv :static/style.css [8ms]
2025-05-03 05:53:57.800 [info] > git ls-files --stage -- /home/felipe/coding/feiradeciencias/static/style.css [2ms]
2025-05-03 05:53:57.807 [info] > git cat-file -s 494e1195155e5d6dd026355f59b60ab589903cb2 [2ms]
2025-05-03 05:54:01.060 [info] > git show --textconv :static/style.css [6ms]
2025-05-03 05:54:01.061 [info] > git ls-files --stage -- /home/felipe/coding/feiradeciencias/static/style.css [1ms]
2025-05-03 05:54:01.067 [info] > git cat-file -s 494e1195155e5d6dd026355f59b60ab589903cb2 [1ms]
2025-05-03 05:54:28.527 [info] > git config --get commit.template [6ms]
2025-05-03 05:54:28.527 [info] > git for-each-ref --format=%(refname)%00%(upstream:short)%00%(objectname)%00%(upstream:track)%00%(upstream:remotename)%00%(upstream:remoteref) refs/heads/master refs/remotes/master [1ms]
2025-05-03 05:54:28.538 [info] > git status -z -uall [6ms]
2025-05-03 05:54:28.539 [info] > git for-each-ref --sort -committerdate --format %(refname) %(objectname) %(*objectname) [3ms]
2025-05-03 05:54:29.584 [info] > git show --textconv :html/error.html [5ms]
2025-05-03 05:54:29.585 [info] > git ls-files --stage -- /home/felipe/coding/feiradeciencias/html/error.html [1ms]
2025-05-03 05:54:29.591 [info] > git cat-file -s c82e52a3bae113b9cd37f12f9a2bcccd5ab44199 [2ms]
2025-05-03 05:54:37.436 [info] > git config --get commit.template [6ms]
2025-05-03 05:54:37.437 [info] > git for-each-ref --format=%(refname)%00%(upstream:short)%00%(objectname)%00%(upstream:track)%00%(upstream:remotename)%00%(upstream:remoteref) refs/heads/master refs/remotes/master [2ms]
2025-05-03 05:54:37.447 [info] > git status -z -uall [5ms]
2025-05-03 05:54:37.448 [info] > git for-each-ref --sort -committerdate --format %(refname) %(objectname) %(*objectname) [1ms]
2025-05-03 05:54:37.780 [info] > git show --textconv :static/style.css [5ms]
2025-05-03 05:54:37.781 [info] > git ls-files --stage -- /home/felipe/coding/feiradeciencias/static/style.css [1ms]
2025-05-03 05:54:37.786 [info] > git cat-file -s 494e1195155e5d6dd026355f59b60ab589903cb2 [1ms]
2025-05-03 05:54:50.609 [info] > git config --get commit.template [7ms]
2025-05-03 05:54:50.609 [info] > git for-each-ref --format=%(refname)%00%(upstream:short)%00%(objectname)%00%(upstream:track)%00%(upstream:remotename)%00%(upstream:remoteref) refs/heads/master refs/remotes/master [1ms]
2025-05-03 05:54:50.619 [info] > git status -z -uall [5ms]
2025-05-03 05:54:50.619 [info] > git for-each-ref --sort -committerdate --format %(refname) %(objectname) %(*objectname) [1ms]
2025-05-03 05:54:55.637 [info] > git config --get commit.template [6ms]
2025-05-03 05:54:55.638 [info] > git for-each-ref --format=%(refname)%00%(upstream:short)%00%(objectname)%00%(upstream:track)%00%(upstream:remotename)%00%(upstream:remoteref) refs/heads/master refs/remotes/master [1ms]
2025-05-03 05:54:55.647 [info] > git status -z -uall [4ms]
2025-05-03 05:54:55.647 [info] > git for-each-ref --sort -committerdate --format %(refname) %(objectname) %(*objectname) [1ms]
2025-05-03 05:55:07.741 [info] > git config --get commit.template [6ms]
2025-05-03 05:55:07.742 [info] > git for-each-ref --format=%(refname)%00%(upstream:short)%00%(objectname)%00%(upstream:track)%00%(upstream:remotename)%00%(upstream:remoteref) refs/heads/master refs/remotes/master [2ms]
2025-05-03 05:55:07.753 [info] > git status -z -uall [5ms]
2025-05-03 05:55:07.753 [info] > git for-each-ref --sort -committerdate --format %(refname) %(objectname) %(*objectname) [1ms]
2025-05-03 05:55:12.772 [info] > git config --get commit.template [8ms]
2025-05-03 05:55:12.773 [info] > git for-each-ref --format=%(refname)%00%(upstream:short)%00%(objectname)%00%(upstream:track)%00%(upstream:remotename)%00%(upstream:remoteref) refs/heads/master refs/remotes/master [2ms]
2025-05-03 05:55:12.785 [info] > git status -z -uall [5ms]
2025-05-03 05:55:12.786 [info] > git for-each-ref --sort -committerdate --format %(refname) %(objectname) %(*objectname) [1ms]
2025-05-03 05:55:17.808 [info] > git config --get commit.template [7ms]
2025-05-03 05:55:17.810 [info] > git for-each-ref --format=%(refname)%00%(upstream:short)%00%(objectname)%00%(upstream:track)%00%(upstream:remotename)%00%(upstream:remoteref) refs/heads/master refs/remotes/master [1ms]
2025-05-03 05:55:17.825 [info] > git status -z -uall [8ms]
2025-05-03 05:55:17.826 [info] > git for-each-ref --sort -committerdate --format %(refname) %(objectname) %(*objectname) [1ms]
2025-05-03 05:55:41.660 [info] > git config --get commit.template [1ms]
2025-05-03 05:55:41.668 [info] > git for-each-ref --format=%(refname)%00%(upstream:short)%00%(objectname)%00%(upstream:track)%00%(upstream:remotename)%00%(upstream:remoteref) refs/heads/master refs/remotes/master [2ms]
2025-05-03 05:55:41.679 [info] > git status -z -uall [5ms]
2025-05-03 05:55:41.680 [info] > git for-each-ref --sort -committerdate --format %(refname) %(objectname) %(*objectname) [2ms]
2025-05-03 05:55:52.890 [info] > git config --get commit.template [6ms]
2025-05-03 05:55:52.890 [info] > git for-each-ref --format=%(refname)%00%(upstream:short)%00%(objectname)%00%(upstream:track)%00%(upstream:remotename)%00%(upstream:remoteref) refs/heads/master refs/remotes/master [1ms]
2025-05-03 05:55:52.900 [info] > git for-each-ref --sort -committerdate --format %(refname) %(objectname) %(*objectname) [1ms]
2025-05-03 05:55:52.901 [info] > git status -z -uall [6ms]
2025-05-03 05:56:10.624 [info] > git config --get commit.template [5ms]
2025-05-03 05:56:10.625 [info] > git for-each-ref --format=%(refname)%00%(upstream:short)%00%(objectname)%00%(upstream:track)%00%(upstream:remotename)%00%(upstream:remoteref) refs/heads/master refs/remotes/master [1ms]
2025-05-03 05:56:10.636 [info] > git status -z -uall [7ms]
2025-05-03 05:56:10.636 [info] > git for-each-ref --sort -committerdate --format %(refname) %(objectname) %(*objectname) [1ms]
2025-05-03 05:56:17.235 [info] > git show --textconv :app.js [5ms]
2025-05-03 05:56:17.236 [info] > git ls-files --stage -- /home/felipe/coding/feiradeciencias/app.js [1ms]
2025-05-03 05:56:17.242 [info] > git cat-file -s 966b2ada432351609a868649e3cac19da2da53b6 [1ms]
2025-05-03 05:56:19.846 [info] > git show --textconv :views/home.ejs [5ms]
2025-05-03 05:56:19.847 [info] > git ls-files --stage -- /home/felipe/coding/feiradeciencias/views/home.ejs [1ms]
2025-05-03 05:56:19.852 [info] > git cat-file -s 9945f74c7c494df055fe2afbe51dc3deebf055db [1ms]
2025-05-03 05:56:23.863 [info] > git config --get commit.template [5ms]
2025-05-03 05:56:23.864 [info] > git for-each-ref --format=%(refname)%00%(upstream:short)%00%(objectname)%00%(upstream:track)%00%(upstream:remotename)%00%(upstream:remoteref) refs/heads/master refs/remotes/master [1ms]
2025-05-03 05:56:23.874 [info] > git status -z -uall [5ms]
2025-05-03 05:56:23.875 [info] > git for-each-ref --sort -committerdate --format %(refname) %(objectname) %(*objectname) [1ms]
2025-05-03 05:56:24.507 [info] > git show --textconv :app.js [5ms]
2025-05-03 05:56:24.508 [info] > git ls-files --stage -- /home/felipe/coding/feiradeciencias/app.js [1ms]
2025-05-03 05:56:24.513 [info] > git cat-file -s 966b2ada432351609a868649e3cac19da2da53b6 [1ms]
2025-05-03 05:56:28.895 [info] > git config --get commit.template [7ms]
2025-05-03 05:56:28.896 [info] > git for-each-ref --format=%(refname)%00%(upstream:short)%00%(objectname)%00%(upstream:track)%00%(upstream:remotename)%00%(upstream:remoteref) refs/heads/master refs/remotes/master [1ms]
2025-05-03 05:56:28.907 [info] > git for-each-ref --sort -committerdate --format %(refname) %(objectname) %(*objectname) [1ms]
2025-05-03 05:56:28.908 [info] > git status -z -uall [6ms]
2025-05-03 05:56:55.965 [info] > git config --get commit.template [10ms]
2025-05-03 05:56:55.966 [info] > git for-each-ref --format=%(refname)%00%(upstream:short)%00%(objectname)%00%(upstream:track)%00%(upstream:remotename)%00%(upstream:remoteref) refs/heads/master refs/remotes/master [2ms]
2025-05-03 05:56:55.975 [info] > git status -z -uall [4ms]
2025-05-03 05:56:55.976 [info] > git for-each-ref --sort -committerdate --format %(refname) %(objectname) %(*objectname) [1ms]
2025-05-03 05:56:57.167 [info] > git show --textconv :views/home.ejs [6ms]
2025-05-03 05:56:57.168 [info] > git ls-files --stage -- /home/felipe/coding/feiradeciencias/views/home.ejs [2ms]
2025-05-03 05:56:57.175 [info] > git cat-file -s 9945f74c7c494df055fe2afbe51dc3deebf055db [2ms]
2025-05-03 05:57:21.941 [info] > git config --get commit.template [4ms]
2025-05-03 05:57:21.942 [info] > git for-each-ref --format=%(refname)%00%(upstream:short)%00%(objectname)%00%(upstream:track)%00%(upstream:remotename)%00%(upstream:remoteref) refs/heads/master refs/remotes/master [1ms]
2025-05-03 05:57:21.953 [info] > git status -z -uall [5ms]
2025-05-03 05:57:21.954 [info] > git for-each-ref --sort -committerdate --format %(refname) %(objectname) %(*objectname) [1ms]
2025-05-03 05:57:26.965 [info] > git config --get commit.template [4ms]
2025-05-03 05:57:26.966 [info] > git for-each-ref --format=%(refname)%00%(upstream:short)%00%(objectname)%00%(upstream:track)%00%(upstream:remotename)%00%(upstream:remoteref) refs/heads/master refs/remotes/master [1ms]
2025-05-03 05:57:26.976 [info] > git status -z -uall [5ms]
2025-05-03 05:57:26.976 [info] > git for-each-ref --sort -committerdate --format %(refname) %(objectname) %(*objectname) [1ms]
2025-05-03 05:57:35.274 [info] > git show --textconv :app.js [6ms]
2025-05-03 05:57:35.275 [info] > git ls-files --stage -- /home/felipe/coding/feiradeciencias/app.js [2ms]
2025-05-03 05:57:35.281 [info] > git cat-file -s 966b2ada432351609a868649e3cac19da2da53b6 [2ms]
2025-05-03 05:57:42.425 [info] > git config --get commit.template [8ms]
2025-05-03 05:57:42.426 [info] > git for-each-ref --format=%(refname)%00%(upstream:short)%00%(objectname)%00%(upstream:track)%00%(upstream:remotename)%00%(upstream:remoteref) refs/heads/master refs/remotes/master [2ms]
2025-05-03 05:57:42.439 [info] > git status -z -uall [6ms]
2025-05-03 05:57:42.440 [info] > git for-each-ref --sort -committerdate --format %(refname) %(objectname) %(*objectname) [1ms]
2025-05-03 05:57:45.396 [info] > git show --textconv :views/home.ejs [7ms]
2025-05-03 05:57:45.397 [info] > git ls-files --stage -- /home/felipe/coding/feiradeciencias/views/home.ejs [1ms]
2025-05-03 05:57:45.402 [info] > git cat-file -s 9945f74c7c494df055fe2afbe51dc3deebf055db [0ms]
2025-05-03 05:58:12.134 [info] > git config --get commit.template [9ms]
2025-05-03 05:58:12.134 [info] > git for-each-ref --format=%(refname)%00%(upstream:short)%00%(objectname)%00%(upstream:track)%00%(upstream:remotename)%00%(upstream:remoteref) refs/heads/master refs/remotes/master [1ms]
2025-05-03 05:58:12.145 [info] > git status -z -uall [6ms]
2025-05-03 05:58:12.146 [info] > git for-each-ref --sort -committerdate --format %(refname) %(objectname) %(*objectname) [2ms]
2025-05-03 05:58:26.896 [info] > git config --get commit.template [7ms]
2025-05-03 05:58:26.897 [info] > git for-each-ref --format=%(refname)%00%(upstream:short)%00%(objectname)%00%(upstream:track)%00%(upstream:remotename)%00%(upstream:remoteref) refs/heads/master refs/remotes/master [1ms]
2025-05-03 05:58:26.909 [info] > git status -z -uall [5ms]
2025-05-03 05:58:26.909 [info] > git for-each-ref --sort -committerdate --format %(refname) %(objectname) %(*objectname) [1ms]
2025-05-03 05:58:28.085 [info] > git show --textconv :views/home.ejs [9ms]
2025-05-03 05:58:28.086 [info] > git ls-files --stage -- /home/felipe/coding/feiradeciencias/views/home.ejs [1ms]
2025-05-03 05:58:28.091 [info] > git cat-file -s 9945f74c7c494df055fe2afbe51dc3deebf055db [0ms]
2025-05-03 05:58:45.946 [info] > git config --get commit.template [2ms]
2025-05-03 05:58:45.954 [info] > git for-each-ref --format=%(refname)%00%(upstream:short)%00%(objectname)%00%(upstream:track)%00%(upstream:remotename)%00%(upstream:remoteref) refs/heads/master refs/remotes/master [0ms]
2025-05-03 05:58:45.965 [info] > git status -z -uall [5ms]
2025-05-03 05:58:45.966 [info] > git for-each-ref --sort -committerdate --format %(refname) %(objectname) %(*objectname) [1ms]
2025-05-03 05:58:50.990 [info] > git for-each-ref --format=%(refname)%00%(upstream:short)%00%(objectname)%00%(upstream:track)%00%(upstream:remotename)%00%(upstream:remoteref) refs/heads/master refs/remotes/master [2ms]
2025-05-03 05:58:50.990 [info] > git config --get commit.template [9ms]
2025-05-03 05:58:51.006 [info] > git status -z -uall [10ms]
2025-05-03 05:58:51.006 [info] > git for-each-ref --sort -committerdate --format %(refname) %(objectname) %(*objectname) [1ms]
2025-05-03 05:58:54.180 [info] > git show --textconv :views/home.ejs [12ms]
2025-05-03 05:58:54.181 [info] > git ls-files --stage -- /home/felipe/coding/feiradeciencias/views/home.ejs [3ms]
2025-05-03 05:58:54.189 [info] > git cat-file -s 9945f74c7c494df055fe2afbe51dc3deebf055db [2ms]
2025-05-03 05:59:02.722 [info] > git for-each-ref --format=%(refname)%00%(upstream:short)%00%(objectname)%00%(upstream:track)%00%(upstream:remotename)%00%(upstream:remoteref) refs/heads/master refs/remotes/master [2ms]
2025-05-03 05:59:02.722 [info] > git config --get commit.template [6ms]
2025-05-03 05:59:02.734 [info] > git status -z -uall [6ms]
2025-05-03 05:59:02.734 [info] > git for-each-ref --sort -committerdate --format %(refname) %(objectname) %(*objectname) [1ms]
2025-05-03 05:59:17.687 [info] > git config --get commit.template [6ms]
2025-05-03 05:59:17.688 [info] > git for-each-ref --format=%(refname)%00%(upstream:short)%00%(objectname)%00%(upstream:track)%00%(upstream:remotename)%00%(upstream:remoteref) refs/heads/master refs/remotes/master [1ms]
2025-05-03 05:59:17.700 [info] > git status -z -uall [6ms]
2025-05-03 05:59:17.701 [info] > git for-each-ref --sort -committerdate --format %(refname) %(objectname) %(*objectname) [1ms]
2025-05-03 05:59:54.041 [info] > git config --get commit.template [6ms]
2025-05-03 05:59:54.044 [info] > git for-each-ref --format=%(refname)%00%(upstream:short)%00%(objectname)%00%(upstream:track)%00%(upstream:remotename)%00%(upstream:remoteref) refs/heads/master refs/remotes/master [2ms]
2025-05-03 05:59:54.053 [info] > git status -z -uall [4ms]
2025-05-03 05:59:54.053 [info] > git for-each-ref --sort -committerdate --format %(refname) %(objectname) %(*objectname) [1ms]
2025-05-03 06:00:01.928 [info] > git config --get commit.template [7ms]
2025-05-03 06:00:01.929 [info] > git for-each-ref --format=%(refname)%00%(upstream:short)%00%(objectname)%00%(upstream:track)%00%(upstream:remotename)%00%(upstream:remoteref) refs/heads/master refs/remotes/master [2ms]
2025-05-03 06:00:01.939 [info] > git status -z -uall [4ms]
2025-05-03 06:00:01.939 [info] > git for-each-ref --sort -committerdate --format %(refname) %(objectname) %(*objectname) [0ms]
2025-05-03 06:00:06.955 [info] > git config --get commit.template [1ms]
2025-05-03 06:00:06.963 [info] > git for-each-ref --format=%(refname)%00%(upstream:short)%00%(objectname)%00%(upstream:track)%00%(upstream:remotename)%00%(upstream:remoteref) refs/heads/master refs/remotes/master [1ms]
2025-05-03 06:00:06.978 [info] > git for-each-ref --sort -committerdate --format %(refname) %(objectname) %(*objectname) [1ms]
2025-05-03 06:00:06.979 [info] > git status -z -uall [9ms]
2025-05-03 06:00:32.257 [info] > git config --get commit.template [7ms]
2025-05-03 06:00:32.257 [info] > git for-each-ref --format=%(refname)%00%(upstream:short)%00%(objectname)%00%(upstream:track)%00%(upstream:remotename)%00%(upstream:remoteref) refs/heads/master refs/remotes/master [1ms]
2025-05-03 06:00:32.267 [info] > git status -z -uall [5ms]
2025-05-03 06:00:32.268 [info] > git for-each-ref --sort -committerdate --format %(refname) %(objectname) %(*objectname) [1ms]
2025-05-03 06:00:33.805 [info] > git show --textconv :views/home.ejs [5ms]
2025-05-03 06:00:33.806 [info] > git ls-files --stage -- /home/felipe/coding/feiradeciencias/views/home.ejs [1ms]
2025-05-03 06:00:33.811 [info] > git cat-file -s 9945f74c7c494df055fe2afbe51dc3deebf055db [1ms]
2025-05-03 06:00:37.289 [info] > git config --get commit.template [7ms]
2025-05-03 06:00:37.290 [info] > git for-each-ref --format=%(refname)%00%(upstream:short)%00%(objectname)%00%(upstream:track)%00%(upstream:remotename)%00%(upstream:remoteref) refs/heads/master refs/remotes/master [2ms]
2025-05-03 06:00:37.303 [info] > git status -z -uall [6ms]
2025-05-03 06:00:37.303 [info] > git for-each-ref --sort -committerdate --format %(refname) %(objectname) %(*objectname) [1ms]
2025-05-03 06:00:43.999 [info] > git config --get commit.template [7ms]
2025-05-03 06:00:43.999 [info] > git for-each-ref --format=%(refname)%00%(upstream:short)%00%(objectname)%00%(upstream:track)%00%(upstream:remotename)%00%(upstream:remoteref) refs/heads/master refs/remotes/master [1ms]
2025-05-03 06:00:44.009 [info] > git status -z -uall [5ms]
2025-05-03 06:00:44.010 [info] > git for-each-ref --sort -committerdate --format %(refname) %(objectname) %(*objectname) [1ms]
2025-05-03 06:00:46.354 [info] > git show --textconv :html/index.html [8ms]
2025-05-03 06:00:46.356 [info] > git ls-files --stage -- /home/felipe/coding/feiradeciencias/html/index.html [2ms]
2025-05-03 06:00:46.364 [info] > git cat-file -s 19dc77271a03261c8301041f17cb0d900ad1e9bc [1ms]
2025-05-03 06:01:13.016 [info] > git for-each-ref --format=%(refname)%00%(upstream:short)%00%(objectname)%00%(upstream:track)%00%(upstream:remotename)%00%(upstream:remoteref) refs/heads/master refs/remotes/master [2ms]
2025-05-03 06:01:13.016 [info] > git config --get commit.template [8ms]
2025-05-03 06:01:13.025 [info] > git for-each-ref --sort -committerdate --format %(refname) %(objectname) %(*objectname) [0ms]
2025-05-03 06:01:13.026 [info] > git status -z -uall [5ms]
2025-05-03 06:01:33.118 [info] > git config --get commit.template [8ms]
2025-05-03 06:01:33.119 [info] > git for-each-ref --format=%(refname)%00%(upstream:short)%00%(objectname)%00%(upstream:track)%00%(upstream:remotename)%00%(upstream:remoteref) refs/heads/master refs/remotes/master [1ms]
2025-05-03 06:01:33.130 [info] > git status -z -uall [5ms]
2025-05-03 06:01:33.131 [info] > git for-each-ref --sort -committerdate --format %(refname) %(objectname) %(*objectname) [1ms]
2025-05-03 06:01:38.899 [info] > git config --get commit.template [4ms]
2025-05-03 06:01:38.899 [info] > git for-each-ref --format=%(refname)%00%(upstream:short)%00%(objectname)%00%(upstream:track)%00%(upstream:remotename)%00%(upstream:remoteref) refs/heads/master refs/remotes/master [1ms]
2025-05-03 06:01:38.910 [info] > git status -z -uall [5ms]
2025-05-03 06:01:38.910 [info] > git for-each-ref --sort -committerdate --format %(refname) %(objectname) %(*objectname) [1ms]
2025-05-03 06:02:37.033 [info] > git config --get commit.template [6ms]
2025-05-03 06:02:37.035 [info] > git for-each-ref --format=%(refname)%00%(upstream:short)%00%(objectname)%00%(upstream:track)%00%(upstream:remotename)%00%(upstream:remoteref) refs/heads/master refs/remotes/master [2ms]
2025-05-03 06:02:37.045 [info] > git status -z -uall [4ms]
2025-05-03 06:02:37.046 [info] > git for-each-ref --sort -committerdate --format %(refname) %(objectname) %(*objectname) [1ms]
2025-05-03 06:02:39.461 [info] > git show --textconv :views/home.ejs [7ms]
2025-05-03 06:02:39.462 [info] > git ls-files --stage -- /home/felipe/coding/feiradeciencias/views/home.ejs [1ms]
2025-05-03 06:02:39.468 [info] > git cat-file -s 9945f74c7c494df055fe2afbe51dc3deebf055db [1ms]
2025-05-03 06:02:42.067 [info] > git config --get commit.template [8ms]
2025-05-03 06:02:42.068 [info] > git for-each-ref --format=%(refname)%00%(upstream:short)%00%(objectname)%00%(upstream:track)%00%(upstream:remotename)%00%(upstream:remoteref) refs/heads/master refs/remotes/master [2ms]
2025-05-03 06:02:42.081 [info] > git status -z -uall [6ms]
2025-05-03 06:02:42.082 [info] > git for-each-ref --sort -committerdate --format %(refname) %(objectname) %(*objectname) [1ms]
2025-05-03 06:03:04.810 [info] > git config --get commit.template [6ms]
2025-05-03 06:03:04.811 [info] > git for-each-ref --format=%(refname)%00%(upstream:short)%00%(objectname)%00%(upstream:track)%00%(upstream:remotename)%00%(upstream:remoteref) refs/heads/master refs/remotes/master [1ms]
2025-05-03 06:03:04.822 [info] > git status -z -uall [6ms]
2025-05-03 06:03:04.823 [info] > git for-each-ref --sort -committerdate --format %(refname) %(objectname) %(*objectname) [2ms]
2025-05-03 06:03:15.149 [info] > git config --get commit.template [6ms]
2025-05-03 06:03:15.150 [info] > git for-each-ref --format=%(refname)%00%(upstream:short)%00%(objectname)%00%(upstream:track)%00%(upstream:remotename)%00%(upstream:remoteref) refs/heads/master refs/remotes/master [1ms]
2025-05-03 06:03:15.159 [info] > git status -z -uall [5ms]
2025-05-03 06:03:15.160 [info] > git for-each-ref --sort -committerdate --format %(refname) %(objectname) %(*objectname) [1ms]
2025-05-03 06:03:40.301 [info] > git show --textconv :views/home.ejs [7ms]
2025-05-03 06:03:40.303 [info] > git ls-files --stage -- /home/felipe/coding/feiradeciencias/views/home.ejs [3ms]
2025-05-03 06:03:40.310 [info] > git cat-file -s 9945f74c7c494df055fe2afbe51dc3deebf055db [0ms]
2025-05-03 06:03:50.448 [info] > git config --get commit.template [6ms]
2025-05-03 06:03:50.449 [info] > git for-each-ref --format=%(refname)%00%(upstream:short)%00%(objectname)%00%(upstream:track)%00%(upstream:remotename)%00%(upstream:remoteref) refs/heads/master refs/remotes/master [1ms]
2025-05-03 06:03:50.459 [info] > git status -z -uall [6ms]
2025-05-03 06:03:50.459 [info] > git for-each-ref --sort -committerdate --format %(refname) %(objectname) %(*objectname) [1ms]
2025-05-03 06:06:43.054 [info] > git config --get commit.template [6ms]
2025-05-03 06:06:43.055 [info] > git for-each-ref --format=%(refname)%00%(upstream:short)%00%(objectname)%00%(upstream:track)%00%(upstream:remotename)%00%(upstream:remoteref) refs/heads/master refs/remotes/master [1ms]
2025-05-03 06:06:43.065 [info] > git for-each-ref --sort -committerdate --format %(refname) %(objectname) %(*objectname) [1ms]
2025-05-03 06:06:43.065 [info] > git status -z -uall [5ms]
2025-05-03 06:06:48.081 [info] > git config --get commit.template [1ms]
2025-05-03 06:06:48.089 [info] > git for-each-ref --format=%(refname)%00%(upstream:short)%00%(objectname)%00%(upstream:track)%00%(upstream:remotename)%00%(upstream:remoteref) refs/heads/master refs/remotes/master [2ms]
2025-05-03 06:06:48.102 [info] > git status -z -uall [5ms]
2025-05-03 06:06:48.102 [info] > git for-each-ref --sort -committerdate --format %(refname) %(objectname) %(*objectname) [1ms]
2025-05-03 06:06:52.846 [info] > git show --textconv :views/home.ejs [6ms]
2025-05-03 06:06:52.846 [info] > git ls-files --stage -- /home/felipe/coding/feiradeciencias/views/home.ejs [1ms]
2025-05-03 06:06:52.854 [info] > git cat-file -s 9945f74c7c494df055fe2afbe51dc3deebf055db [2ms]
2025-05-03 06:07:05.460 [info] > git config --get commit.template [1ms]
2025-05-03 06:07:05.468 [info] > git for-each-ref --format=%(refname)%00%(upstream:short)%00%(objectname)%00%(upstream:track)%00%(upstream:remotename)%00%(upstream:remoteref) refs/heads/master refs/remotes/master [1ms]
2025-05-03 06:07:05.479 [info] > git status -z -uall [6ms]
2025-05-03 06:07:05.480 [info] > git for-each-ref --sort -committerdate --format %(refname) %(objectname) %(*objectname) [1ms]
2025-05-03 06:07:10.505 [info] > git config --get commit.template [8ms]
2025-05-03 06:07:10.506 [info] > git for-each-ref --format=%(refname)%00%(upstream:short)%00%(objectname)%00%(upstream:track)%00%(upstream:remotename)%00%(upstream:remoteref) refs/heads/master refs/remotes/master [2ms]
2025-05-03 06:07:10.518 [info] > git status -z -uall [5ms]
2025-05-03 06:07:10.519 [info] > git for-each-ref --sort -committerdate --format %(refname) %(objectname) %(*objectname) [1ms]
2025-05-03 06:07:15.538 [info] > git config --get commit.template [8ms]
2025-05-03 06:07:15.539 [info] > git for-each-ref --format=%(refname)%00%(upstream:short)%00%(objectname)%00%(upstream:track)%00%(upstream:remotename)%00%(upstream:remoteref) refs/heads/master refs/remotes/master [1ms]
2025-05-03 06:07:15.551 [info] > git status -z -uall [5ms]
2025-05-03 06:07:15.552 [info] > git for-each-ref --sort -committerdate --format %(refname) %(objectname) %(*objectname) [1ms]
2025-05-03 06:07:46.481 [info] > git show --textconv :views/home.ejs [7ms]
2025-05-03 06:07:46.481 [info] > git ls-files --stage -- /home/felipe/coding/feiradeciencias/views/home.ejs [1ms]
2025-05-03 06:07:46.490 [info] > git cat-file -s 9945f74c7c494df055fe2afbe51dc3deebf055db [2ms]
2025-05-03 06:09:15.692 [info] > git config --get commit.template [1ms]
2025-05-03 06:09:15.698 [info] > git for-each-ref --format=%(refname)%00%(upstream:short)%00%(objectname)%00%(upstream:track)%00%(upstream:remotename)%00%(upstream:remoteref) refs/heads/master refs/remotes/master [0ms]
2025-05-03 06:09:15.707 [info] > git status -z -uall [4ms]
2025-05-03 06:09:15.708 [info] > git for-each-ref --sort -committerdate --format %(refname) %(objectname) %(*objectname) [1ms]
2025-05-03 06:09:20.723 [info] > git config --get commit.template [2ms]
2025-05-03 06:09:20.730 [info] > git for-each-ref --format=%(refname)%00%(upstream:short)%00%(objectname)%00%(upstream:track)%00%(upstream:remotename)%00%(upstream:remoteref) refs/heads/master refs/remotes/master [1ms]
2025-05-03 06:09:20.742 [info] > git status -z -uall [6ms]
2025-05-03 06:09:20.742 [info] > git for-each-ref --sort -committerdate --format %(refname) %(objectname) %(*objectname) [1ms]
2025-05-03 06:09:32.447 [info] > git config --get commit.template [7ms]
2025-05-03 06:09:32.447 [info] > git for-each-ref --format=%(refname)%00%(upstream:short)%00%(objectname)%00%(upstream:track)%00%(upstream:remotename)%00%(upstream:remoteref) refs/heads/master refs/remotes/master [1ms]
2025-05-03 06:09:32.458 [info] > git status -z -uall [5ms]
2025-05-03 06:09:32.458 [info] > git for-each-ref --sort -committerdate --format %(refname) %(objectname) %(*objectname) [1ms]
2025-05-03 06:09:37.111 [info] > git show --textconv :views/home.ejs [7ms]
2025-05-03 06:09:37.112 [info] > git ls-files --stage -- /home/felipe/coding/feiradeciencias/views/home.ejs [2ms]
2025-05-03 06:09:37.118 [info] > git cat-file -s 9945f74c7c494df055fe2afbe51dc3deebf055db [2ms]
2025-05-03 06:09:37.475 [info] > git config --get commit.template [8ms]
2025-05-03 06:09:37.477 [info] > git for-each-ref --format=%(refname)%00%(upstream:short)%00%(objectname)%00%(upstream:track)%00%(upstream:remotename)%00%(upstream:remoteref) refs/heads/master refs/remotes/master [2ms]
2025-05-03 06:09:37.488 [info] > git status -z -uall [5ms]
2025-05-03 06:09:37.489 [info] > git for-each-ref --sort -committerdate --format %(refname) %(objectname) %(*objectname) [1ms]
2025-05-03 06:09:46.987 [info] > git config --get commit.template [7ms]
2025-05-03 06:09:46.988 [info] > git for-each-ref --format=%(refname)%00%(upstream:short)%00%(objectname)%00%(upstream:track)%00%(upstream:remotename)%00%(upstream:remoteref) refs/heads/master refs/remotes/master [1ms]
2025-05-03 06:09:47.002 [info] > git status -z -uall [8ms]
2025-05-03 06:09:47.003 [info] > git for-each-ref --sort -committerdate --format %(refname) %(objectname) %(*objectname) [1ms]
2025-05-03 06:10:13.960 [info] > git config --get commit.template [7ms]
2025-05-03 06:10:13.961 [info] > git for-each-ref --format=%(refname)%00%(upstream:short)%00%(objectname)%00%(upstream:track)%00%(upstream:remotename)%00%(upstream:remoteref) refs/heads/master refs/remotes/master [1ms]
2025-05-03 06:10:13.973 [info] > git status -z -uall [5ms]
2025-05-03 06:10:13.974 [info] > git for-each-ref --sort -committerdate --format %(refname) %(objectname) %(*objectname) [1ms]
2025-05-03 06:14:06.082 [info] > git config --get commit.template [10ms]
2025-05-03 06:14:06.083 [info] > git for-each-ref --format=%(refname)%00%(upstream:short)%00%(objectname)%00%(upstream:track)%00%(upstream:remotename)%00%(upstream:remoteref) refs/heads/master refs/remotes/master [1ms]
2025-05-03 06:14:06.097 [info] > git status -z -uall [7ms]
2025-05-03 06:14:06.097 [info] > git for-each-ref --sort -committerdate --format %(refname) %(objectname) %(*objectname) [1ms]
2025-05-03 06:14:34.071 [info] > git config --get commit.template [11ms]
2025-05-03 06:14:34.073 [info] > git for-each-ref --format=%(refname)%00%(upstream:short)%00%(objectname)%00%(upstream:track)%00%(upstream:remotename)%00%(upstream:remoteref) refs/heads/master refs/remotes/master [3ms]
2025-05-03 06:14:34.088 [info] > git status -z -uall [8ms]
2025-05-03 06:14:34.088 [info] > git for-each-ref --sort -committerdate --format %(refname) %(objectname) %(*objectname) [1ms]
2025-05-03 06:14:35.815 [info] > git show --textconv :views/home.ejs [8ms]
2025-05-03 06:14:35.816 [info] > git ls-files --stage -- /home/felipe/coding/feiradeciencias/views/home.ejs [1ms]
2025-05-03 06:14:35.822 [info] > git cat-file -s 9945f74c7c494df055fe2afbe51dc3deebf055db [1ms]
2025-05-03 06:14:39.103 [info] > git config --get commit.template [4ms]
2025-05-03 06:14:39.103 [info] > git for-each-ref --format=%(refname)%00%(upstream:short)%00%(objectname)%00%(upstream:track)%00%(upstream:remotename)%00%(upstream:remoteref) refs/heads/master refs/remotes/master [1ms]
2025-05-03 06:14:39.112 [info] > git for-each-ref --sort -committerdate --format %(refname) %(objectname) %(*objectname) [1ms]
2025-05-03 06:14:39.113 [info] > git status -z -uall [5ms]
2025-05-03 06:14:53.611 [info] > git config --get commit.template [7ms]
2025-05-03 06:14:53.612 [info] > git for-each-ref --format=%(refname)%00%(upstream:short)%00%(objectname)%00%(upstream:track)%00%(upstream:remotename)%00%(upstream:remoteref) refs/heads/master refs/remotes/master [1ms]
2025-05-03 06:14:53.623 [info] > git status -z -uall [5ms]
2025-05-03 06:14:53.624 [info] > git for-each-ref --sort -committerdate --format %(refname) %(objectname) %(*objectname) [2ms]
2025-05-03 06:16:34.142 [info] > git config --get commit.template [8ms]
2025-05-03 06:16:34.143 [info] > git for-each-ref --format=%(refname)%00%(upstream:short)%00%(objectname)%00%(upstream:track)%00%(upstream:remotename)%00%(upstream:remoteref) refs/heads/master refs/remotes/master [3ms]
2025-05-03 06:16:34.153 [info] > git status -z -uall [4ms]
2025-05-03 06:16:34.155 [info] > git for-each-ref --sort -committerdate --format %(refname) %(objectname) %(*objectname) [2ms]
2025-05-03 06:16:35.994 [info] > git show --textconv :views/home.ejs [5ms]
2025-05-03 06:16:35.995 [info] > git ls-files --stage -- /home/felipe/coding/feiradeciencias/views/home.ejs [1ms]
2025-05-03 06:16:36.000 [info] > git cat-file -s 9945f74c7c494df055fe2afbe51dc3deebf055db [1ms]
2025-05-03 06:16:48.597 [info] > git config --get commit.template [1ms]
2025-05-03 06:16:48.610 [info] > git for-each-ref --format=%(refname)%00%(upstream:short)%00%(objectname)%00%(upstream:track)%00%(upstream:remotename)%00%(upstream:remoteref) refs/heads/master refs/remotes/master [3ms]
2025-05-03 06:16:48.621 [info] > git status -z -uall [4ms]
2025-05-03 06:16:48.622 [info] > git for-each-ref --sort -committerdate --format %(refname) %(objectname) %(*objectname) [1ms]
2025-05-03 06:18:47.144 [info] > git config --get commit.template [1ms]
2025-05-03 06:18:47.151 [info] > git for-each-ref --format=%(refname)%00%(upstream:short)%00%(objectname)%00%(upstream:track)%00%(upstream:remotename)%00%(upstream:remoteref) refs/heads/master refs/remotes/master [1ms]
2025-05-03 06:18:47.162 [info] > git status -z -uall [5ms]
2025-05-03 06:18:47.163 [info] > git for-each-ref --sort -committerdate --format %(refname) %(objectname) %(*objectname) [1ms]
2025-05-03 06:19:12.740 [info] > git config --get commit.template [6ms]
2025-05-03 06:19:12.741 [info] > git for-each-ref --format=%(refname)%00%(upstream:short)%00%(objectname)%00%(upstream:track)%00%(upstream:remotename)%00%(upstream:remoteref) refs/heads/master refs/remotes/master [2ms]
2025-05-03 06:19:12.752 [info] > git status -z -uall [5ms]
2025-05-03 06:19:12.754 [info] > git for-each-ref --sort -committerdate --format %(refname) %(objectname) %(*objectname) [2ms]
2025-05-03 06:19:19.216 [info] > git check-ignore -v -z --stdin [2ms]
2025-05-03 06:19:19.795 [info] > git config --get commit.template [9ms]
2025-05-03 06:19:19.796 [info] > git for-each-ref --format=%(refname)%00%(upstream:short)%00%(objectname)%00%(upstream:track)%00%(upstream:remotename)%00%(upstream:remoteref) refs/heads/master refs/remotes/master [2ms]
2025-05-03 06:19:19.809 [info] > git status -z -uall [7ms]
2025-05-03 06:19:19.809 [info] > git for-each-ref --sort -committerdate --format %(refname) %(objectname) %(*objectname) [1ms]
2025-05-03 06:19:26.598 [info] > git show --textconv :html/info/aboutus.html [8ms]
2025-05-03 06:19:26.604 [info] > git ls-files --stage -- /home/felipe/coding/feiradeciencias/html/info/aboutus.html [8ms]
2025-05-03 06:19:26.610 [info] > git hash-object -t tree /dev/null [6ms]
2025-05-03 06:19:26.611 [warning] [GitFileSystemProvider][readFile] File not found - git:/home/felipe/coding/feiradeciencias/html/info/aboutus.html.git?%7B%22path%22%3A%22%2Fhome%2Ffelipe%2Fcoding%2Ffeiradeciencias%2Fhtml%2Finfo%2Faboutus.html%22%2C%22ref%22%3A%22%22%7D
2025-05-03 06:19:26.614 [info] > git hash-object -t tree /dev/null [4ms]
2025-05-03 06:19:26.614 [warning] [GitFileSystemProvider][stat] File not found - git:/home/felipe/coding/feiradeciencias/html/info/aboutus.html.git?%7B%22path%22%3A%22%2Fhome%2Ffelipe%2Fcoding%2Ffeiradeciencias%2Fhtml%2Finfo%2Faboutus.html%22%2C%22ref%22%3A%22%22%7D
2025-05-03 06:19:26.873 [info] > git check-ignore -v -z --stdin [3ms]
2025-05-03 06:19:27.428 [info] > git config --get commit.template [8ms]
2025-05-03 06:19:27.429 [info] > git for-each-ref --format=%(refname)%00%(upstream:short)%00%(objectname)%00%(upstream:track)%00%(upstream:remotename)%00%(upstream:remoteref) refs/heads/master refs/remotes/master [2ms]
2025-05-03 06:19:27.439 [info] > git status -z -uall [4ms]
2025-05-03 06:19:27.440 [info] > git for-each-ref --sort -committerdate --format %(refname) %(objectname) %(*objectname) [1ms]
2025-05-03 06:19:35.719 [info] > git show --textconv :html/info/operating.html [7ms]
2025-05-03 06:19:35.719 [warning] [GitFileSystemProvider][readFile] File not found - git:/home/felipe/coding/feiradeciencias/html/info/operating.html.git?%7B%22path%22%3A%22%2Fhome%2Ffelipe%2Fcoding%2Ffeiradeciencias%2Fhtml%2Finfo%2Foperating.html%22%2C%22ref%22%3A%22%22%7D
2025-05-03 06:19:35.720 [info] > git ls-files --stage -- /home/felipe/coding/feiradeciencias/html/info/operating.html [2ms]
2025-05-03 06:19:35.720 [warning] [GitFileSystemProvider][stat] File not found - git:/home/felipe/coding/feiradeciencias/html/info/operating.html.git?%7B%22path%22%3A%22%2Fhome%2Ffelipe%2Fcoding%2Ffeiradeciencias%2Fhtml%2Finfo%2Foperating.html%22%2C%22ref%22%3A%22%22%7D
2025-05-03 06:19:36.006 [info] > git check-ignore -v -z --stdin [3ms]
2025-05-03 06:19:36.700 [info] > git config --get commit.template [8ms]
2025-05-03 06:19:36.700 [info] > git for-each-ref --format=%(refname)%00%(upstream:short)%00%(objectname)%00%(upstream:track)%00%(upstream:remotename)%00%(upstream:remoteref) refs/heads/master refs/remotes/master [1ms]
2025-05-03 06:19:36.713 [info] > git status -z -uall [7ms]
2025-05-03 06:19:36.713 [info] > git for-each-ref --sort -committerdate --format %(refname) %(objectname) %(*objectname) [1ms]
2025-05-03 06:19:42.371 [info] > git show --textconv :html/info/benefits.html [6ms]
2025-05-03 06:19:42.372 [warning] [GitFileSystemProvider][readFile] File not found - git:/home/felipe/coding/feiradeciencias/html/info/benefits.html.git?%7B%22path%22%3A%22%2Fhome%2Ffelipe%2Fcoding%2Ffeiradeciencias%2Fhtml%2Finfo%2Fbenefits.html%22%2C%22ref%22%3A%22%22%7D
2025-05-03 06:19:42.372 [info] > git ls-files --stage -- /home/felipe/coding/feiradeciencias/html/info/benefits.html [1ms]
2025-05-03 06:19:42.372 [warning] [GitFileSystemProvider][stat] File not found - git:/home/felipe/coding/feiradeciencias/html/info/benefits.html.git?%7B%22path%22%3A%22%2Fhome%2Ffelipe%2Fcoding%2Ffeiradeciencias%2Fhtml%2Finfo%2Fbenefits.html%22%2C%22ref%22%3A%22%22%7D
2025-05-03 06:19:42.657 [info] > git check-ignore -v -z --stdin [3ms]
2025-05-03 06:19:43.550 [info] > git config --get commit.template [6ms]
2025-05-03 06:19:43.551 [info] > git for-each-ref --format=%(refname)%00%(upstream:short)%00%(objectname)%00%(upstream:track)%00%(upstream:remotename)%00%(upstream:remoteref) refs/heads/master refs/remotes/master [2ms]
2025-05-03 06:19:43.561 [info] > git status -z -uall [4ms]
2025-05-03 06:19:43.562 [info] > git for-each-ref --sort -committerdate --format %(refname) %(objectname) %(*objectname) [1ms]
2025-05-03 06:20:19.027 [info] > git config --get commit.template [7ms]
2025-05-03 06:20:19.029 [info] > git for-each-ref --format=%(refname)%00%(upstream:short)%00%(objectname)%00%(upstream:track)%00%(upstream:remotename)%00%(upstream:remoteref) refs/heads/master refs/remotes/master [2ms]
2025-05-03 06:20:19.040 [info] > git status -z -uall [6ms]
2025-05-03 06:20:19.040 [info] > git for-each-ref --sort -committerdate --format %(refname) %(objectname) %(*objectname) [1ms]
2025-05-03 06:20:22.102 [info] > git show --textconv :static/info.css [9ms]
2025-05-03 06:20:22.102 [warning] [GitFileSystemProvider][readFile] File not found - git:/home/felipe/coding/feiradeciencias/static/info.css.git?%7B%22path%22%3A%22%2Fhome%2Ffelipe%2Fcoding%2Ffeiradeciencias%2Fstatic%2Finfo.css%22%2C%22ref%22%3A%22%22%7D
2025-05-03 06:20:22.104 [info] > git ls-files --stage -- /home/felipe/coding/feiradeciencias/static/info.css [3ms]
2025-05-03 06:20:22.104 [warning] [GitFileSystemProvider][stat] File not found - git:/home/felipe/coding/feiradeciencias/static/info.css.git?%7B%22path%22%3A%22%2Fhome%2Ffelipe%2Fcoding%2Ffeiradeciencias%2Fstatic%2Finfo.css%22%2C%22ref%22%3A%22%22%7D
2025-05-03 06:20:22.386 [info] > git check-ignore -v -z --stdin [1ms]
2025-05-03 06:20:23.728 [info] > git show --textconv :app.js [6ms]
2025-05-03 06:20:23.729 [info] > git ls-files --stage -- /home/felipe/coding/feiradeciencias/app.js [2ms]
2025-05-03 06:20:23.734 [info] > git cat-file -s 966b2ada432351609a868649e3cac19da2da53b6 [1ms]
2025-05-03 06:20:24.061 [info] > git config --get commit.template [6ms]
2025-05-03 06:20:24.061 [info] > git for-each-ref --format=%(refname)%00%(upstream:short)%00%(objectname)%00%(upstream:track)%00%(upstream:remotename)%00%(upstream:remoteref) refs/heads/master refs/remotes/master [1ms]
2025-05-03 06:20:24.072 [info] > git status -z -uall [6ms]
2025-05-03 06:20:24.073 [info] > git for-each-ref --sort -committerdate --format %(refname) %(objectname) %(*objectname) [2ms]
2025-05-03 06:20:36.958 [info] > git config --get commit.template [6ms]
2025-05-03 06:20:36.959 [info] > git for-each-ref --format=%(refname)%00%(upstream:short)%00%(objectname)%00%(upstream:track)%00%(upstream:remotename)%00%(upstream:remoteref) refs/heads/master refs/remotes/master [1ms]
2025-05-03 06:20:36.971 [info] > git status -z -uall [7ms]
2025-05-03 06:20:36.972 [info] > git for-each-ref --sort -committerdate --format %(refname) %(objectname) %(*objectname) [1ms]
2025-05-03 06:20:37.052 [info] > git show --textconv :views/home.ejs [7ms]
2025-05-03 06:20:37.054 [info] > git ls-files --stage -- /home/felipe/coding/feiradeciencias/views/home.ejs [2ms]
2025-05-03 06:20:37.060 [info] > git cat-file -s 9945f74c7c494df055fe2afbe51dc3deebf055db [1ms]
2025-05-03 06:20:48.057 [info] > git show --textconv :html/error.html [6ms]
2025-05-03 06:20:48.057 [info] > git ls-files --stage -- /home/felipe/coding/feiradeciencias/html/error.html [1ms]
2025-05-03 06:20:48.062 [info] > git cat-file -s c82e52a3bae113b9cd37f12f9a2bcccd5ab44199 [1ms]
2025-05-03 06:20:48.207 [info] > git config --get commit.template [8ms]
2025-05-03 06:20:48.208 [info] > git for-each-ref --format=%(refname)%00%(upstream:short)%00%(objectname)%00%(upstream:track)%00%(upstream:remotename)%00%(upstream:remoteref) refs/heads/master refs/remotes/master [1ms]
2025-05-03 06:20:48.221 [info] > git status -z -uall [8ms]
2025-05-03 06:20:48.222 [info] > git for-each-ref --sort -committerdate --format %(refname) %(objectname) %(*objectname) [2ms]
2025-05-03 06:21:04.278 [info] > git config --get commit.template [7ms]
2025-05-03 06:21:04.279 [info] > git for-each-ref --format=%(refname)%00%(upstream:short)%00%(objectname)%00%(upstream:track)%00%(upstream:remotename)%00%(upstream:remoteref) refs/heads/master refs/remotes/master [1ms]
2025-05-03 06:21:04.290 [info] > git status -z -uall [6ms]
2025-05-03 06:21:04.291 [info] > git for-each-ref --sort -committerdate --format %(refname) %(objectname) %(*objectname) [2ms]
2025-05-03 06:21:34.326 [info] > git config --get commit.template [5ms]
2025-05-03 06:21:34.326 [info] > git for-each-ref --format=%(refname)%00%(upstream:short)%00%(objectname)%00%(upstream:track)%00%(upstream:remotename)%00%(upstream:remoteref) refs/heads/master refs/remotes/master [1ms]
2025-05-03 06:21:34.336 [info] > git status -z -uall [4ms]
2025-05-03 06:21:34.337 [info] > git for-each-ref --sort -committerdate --format %(refname) %(objectname) %(*objectname) [1ms]
2025-05-03 06:21:36.431 [info] > git show --textconv :html/error.html [5ms]
2025-05-03 06:21:36.432 [info] > git ls-files --stage -- /home/felipe/coding/feiradeciencias/html/error.html [1ms]
2025-05-03 06:21:36.438 [info] > git cat-file -s c82e52a3bae113b9cd37f12f9a2bcccd5ab44199 [1ms]
2025-05-03 06:21:47.659 [info] > git config --get commit.template [8ms]
2025-05-03 06:21:47.659 [info] > git for-each-ref --format=%(refname)%00%(upstream:short)%00%(objectname)%00%(upstream:track)%00%(upstream:remotename)%00%(upstream:remoteref) refs/heads/master refs/remotes/master [1ms]
2025-05-03 06:21:47.670 [info] > git status -z -uall [5ms]
2025-05-03 06:21:47.670 [info] > git for-each-ref --sort -committerdate --format %(refname) %(objectname) %(*objectname) [1ms]
2025-05-03 06:21:52.692 [info] > git config --get commit.template [9ms]
2025-05-03 06:21:52.693 [info] > git for-each-ref --format=%(refname)%00%(upstream:short)%00%(objectname)%00%(upstream:track)%00%(upstream:remotename)%00%(upstream:remoteref) refs/heads/master refs/remotes/master [2ms]
2025-05-03 06:21:52.706 [info] > git status -z -uall [7ms]
2025-05-03 06:21:52.706 [info] > git for-each-ref --sort -committerdate --format %(refname) %(objectname) %(*objectname) [2ms]
2025-05-03 06:22:14.778 [info] > git config --get commit.template [6ms]
2025-05-03 06:22:14.778 [info] > git for-each-ref --format=%(refname)%00%(upstream:short)%00%(objectname)%00%(upstream:track)%00%(upstream:remotename)%00%(upstream:remoteref) refs/heads/master refs/remotes/master [1ms]
2025-05-03 06:22:14.791 [info] > git status -z -uall [7ms]
2025-05-03 06:22:14.793 [info] > git for-each-ref --sort -committerdate --format %(refname) %(objectname) %(*objectname) [3ms]
2025-05-03 06:22:19.779 [info] > git show --textconv :html/info/quemsomos.html [7ms]
2025-05-03 06:22:19.779 [warning] [GitFileSystemProvider][readFile] File not found - git:/home/felipe/coding/feiradeciencias/html/info/quemsomos.html.git?%7B%22path%22%3A%22%2Fhome%2Ffelipe%2Fcoding%2Ffeiradeciencias%2Fhtml%2Finfo%2Fquemsomos.html%22%2C%22ref%22%3A%22%22%7D
2025-05-03 06:22:19.780 [info] > git ls-files --stage -- /home/felipe/coding/feiradeciencias/html/info/quemsomos.html [2ms]
2025-05-03 06:22:19.780 [warning] [GitFileSystemProvider][stat] File not found - git:/home/felipe/coding/feiradeciencias/html/info/quemsomos.html.git?%7B%22path%22%3A%22%2Fhome%2Ffelipe%2Fcoding%2Ffeiradeciencias%2Fhtml%2Finfo%2Fquemsomos.html%22%2C%22ref%22%3A%22%22%7D
2025-05-03 06:22:19.788 [info] > git blame --root --incremental ec403c753f3bcd6b9624c6deb7ec86d9758ea321 -- /home/felipe/coding/feiradeciencias/html/info/quemsomos.html [1ms]
2025-05-03 06:22:19.788 [info] fatal: no such path html/info/quemsomos.html in ec403c753f3bcd6b9624c6deb7ec86d9758ea321
2025-05-03 06:22:20.071 [info] > git check-ignore -v -z --stdin [3ms]
2025-05-03 06:22:20.621 [info] > git config --get commit.template [7ms]
2025-05-03 06:22:20.623 [info] > git for-each-ref --format=%(refname)%00%(upstream:short)%00%(objectname)%00%(upstream:track)%00%(upstream:remotename)%00%(upstream:remoteref) refs/heads/master refs/remotes/master [2ms]
2025-05-03 06:22:20.635 [info] > git status -z -uall [6ms]
2025-05-03 06:22:20.635 [info] > git for-each-ref --sort -committerdate --format %(refname) %(objectname) %(*objectname) [1ms]
2025-05-03 06:22:23.812 [info] > git show --textconv :html/info/comooperamos.html [7ms]
2025-05-03 06:22:23.813 [warning] [GitFileSystemProvider][readFile] File not found - git:/home/felipe/coding/feiradeciencias/html/info/comooperamos.html.git?%7B%22path%22%3A%22%2Fhome%2Ffelipe%2Fcoding%2Ffeiradeciencias%2Fhtml%2Finfo%2Fcomooperamos.html%22%2C%22ref%22%3A%22%22%7D
2025-05-03 06:22:23.813 [info] > git ls-files --stage -- /home/felipe/coding/feiradeciencias/html/info/comooperamos.html [1ms]
2025-05-03 06:22:23.813 [warning] [GitFileSystemProvider][stat] File not found - git:/home/felipe/coding/feiradeciencias/html/info/comooperamos.html.git?%7B%22path%22%3A%22%2Fhome%2Ffelipe%2Fcoding%2Ffeiradeciencias%2Fhtml%2Finfo%2Fcomooperamos.html%22%2C%22ref%22%3A%22%22%7D
2025-05-03 06:22:24.102 [info] > git check-ignore -v -z --stdin [3ms]
2025-05-03 06:22:25.654 [info] > git config --get commit.template [7ms]
2025-05-03 06:22:25.655 [info] > git for-each-ref --format=%(refname)%00%(upstream:short)%00%(objectname)%00%(upstream:track)%00%(upstream:remotename)%00%(upstream:remoteref) refs/heads/master refs/remotes/master [1ms]
2025-05-03 06:22:25.669 [info] > git status -z -uall [7ms]
2025-05-03 06:22:25.670 [info] > git for-each-ref --sort -committerdate --format %(refname) %(objectname) %(*objectname) [2ms]
2025-05-03 06:22:27.162 [info] > git show --textconv :html/info/beneficios.html [9ms]
2025-05-03 06:22:27.162 [warning] [GitFileSystemProvider][readFile] File not found - git:/home/felipe/coding/feiradeciencias/html/info/beneficios.html.git?%7B%22path%22%3A%22%2Fhome%2Ffelipe%2Fcoding%2Ffeiradeciencias%2Fhtml%2Finfo%2Fbeneficios.html%22%2C%22ref%22%3A%22%22%7D
2025-05-03 06:22:27.163 [info] > git ls-files --stage -- /home/felipe/coding/feiradeciencias/html/info/beneficios.html [2ms]
2025-05-03 06:22:27.163 [warning] [GitFileSystemProvider][stat] File not found - git:/home/felipe/coding/feiradeciencias/html/info/beneficios.html.git?%7B%22path%22%3A%22%2Fhome%2Ffelipe%2Fcoding%2Ffeiradeciencias%2Fhtml%2Finfo%2Fbeneficios.html%22%2C%22ref%22%3A%22%22%7D
2025-05-03 06:22:27.443 [info] > git check-ignore -v -z --stdin [1ms]
2025-05-03 06:22:30.695 [info] > git config --get commit.template [12ms]
2025-05-03 06:22:30.696 [info] > git for-each-ref --format=%(refname)%00%(upstream:short)%00%(objectname)%00%(upstream:track)%00%(upstream:remotename)%00%(upstream:remoteref) refs/heads/master refs/remotes/master [2ms]
2025-05-03 06:22:30.709 [info] > git status -z -uall [6ms]
2025-05-03 06:22:30.710 [info] > git for-each-ref --sort -committerdate --format %(refname) %(objectname) %(*objectname) [1ms]
2025-05-03 06:22:37.835 [info] > git show --textconv :app.js [9ms]
2025-05-03 06:22:37.836 [info] > git ls-files --stage -- /home/felipe/coding/feiradeciencias/app.js [2ms]
2025-05-03 06:22:37.843 [info] > git cat-file -s 966b2ada432351609a868649e3cac19da2da53b6 [2ms]
2025-05-03 06:23:29.166 [info] > git config --get commit.template [7ms]
2025-05-03 06:23:29.166 [info] > git for-each-ref --format=%(refname)%00%(upstream:short)%00%(objectname)%00%(upstream:track)%00%(upstream:remotename)%00%(upstream:remoteref) refs/heads/master refs/remotes/master [1ms]
2025-05-03 06:23:29.180 [info] > git status -z -uall [8ms]
2025-05-03 06:23:29.180 [info] > git for-each-ref --sort -committerdate --format %(refname) %(objectname) %(*objectname) [1ms]
2025-05-03 06:23:39.018 [info] > git config --get commit.template [6ms]
2025-05-03 06:23:39.019 [info] > git for-each-ref --format=%(refname)%00%(upstream:short)%00%(objectname)%00%(upstream:track)%00%(upstream:remotename)%00%(upstream:remoteref) refs/heads/master refs/remotes/master [1ms]
2025-05-03 06:23:39.029 [info] > git status -z -uall [6ms]
2025-05-03 06:23:39.030 [info] > git for-each-ref --sort -committerdate --format %(refname) %(objectname) %(*objectname) [1ms]
2025-05-03 06:23:41.468 [info] > git show --textconv :html/error.html [9ms]
2025-05-03 06:23:41.469 [info] > git ls-files --stage -- /home/felipe/coding/feiradeciencias/html/error.html [2ms]
2025-05-03 06:23:41.475 [info] > git cat-file -s c82e52a3bae113b9cd37f12f9a2bcccd5ab44199 [1ms]
2025-05-03 06:23:43.124 [info] > git show --textconv :html/index.html [5ms]
2025-05-03 06:23:43.125 [info] > git ls-files --stage -- /home/felipe/coding/feiradeciencias/html/index.html [1ms]
2025-05-03 06:23:43.129 [info] > git cat-file -s 19dc77271a03261c8301041f17cb0d900ad1e9bc [0ms]
2025-05-03 06:23:44.057 [info] > git config --get commit.template [8ms]
2025-05-03 06:23:44.058 [info] > git for-each-ref --format=%(refname)%00%(upstream:short)%00%(objectname)%00%(upstream:track)%00%(upstream:remotename)%00%(upstream:remoteref) refs/heads/master refs/remotes/master [2ms]
2025-05-03 06:23:44.069 [info] > git status -z -uall [6ms]
2025-05-03 06:23:44.069 [info] > git for-each-ref --sort -committerdate --format %(refname) %(objectname) %(*objectname) [1ms]
2025-05-03 06:23:58.186 [info] > git config --get commit.template [5ms]
2025-05-03 06:23:58.186 [info] > git for-each-ref --format=%(refname)%00%(upstream:short)%00%(objectname)%00%(upstream:track)%00%(upstream:remotename)%00%(upstream:remoteref) refs/heads/master refs/remotes/master [1ms]
2025-05-03 06:23:58.196 [info] > git status -z -uall [4ms]
2025-05-03 06:23:58.197 [info] > git for-each-ref --sort -committerdate --format %(refname) %(objectname) %(*objectname) [1ms]
2025-05-03 06:23:59.149 [info] > git show --textconv :html/error.html [5ms]
2025-05-03 06:23:59.150 [info] > git ls-files --stage -- /home/felipe/coding/feiradeciencias/html/error.html [1ms]
2025-05-03 06:23:59.156 [info] > git cat-file -s c82e52a3bae113b9cd37f12f9a2bcccd5ab44199 [1ms]
2025-05-03 06:24:18.776 [info] > git show --textconv :html/index.html [7ms]
2025-05-03 06:24:18.777 [info] > git ls-files --stage -- /home/felipe/coding/feiradeciencias/html/index.html [1ms]
2025-05-03 06:24:18.783 [info] > git cat-file -s 19dc77271a03261c8301041f17cb0d900ad1e9bc [1ms]
2025-05-03 06:24:22.145 [info] > git show --textconv :views/home.ejs [6ms]
2025-05-03 06:24:22.146 [info] > git ls-files --stage -- /home/felipe/coding/feiradeciencias/views/home.ejs [2ms]
2025-05-03 06:24:22.151 [info] > git cat-file -s 9945f74c7c494df055fe2afbe51dc3deebf055db [1ms]
2025-05-03 06:24:32.299 [info] > git config --get commit.template [6ms]
2025-05-03 06:24:32.300 [info] > git for-each-ref --format=%(refname)%00%(upstream:short)%00%(objectname)%00%(upstream:track)%00%(upstream:remotename)%00%(upstream:remoteref) refs/heads/master refs/remotes/master [2ms]
2025-05-03 06:24:32.311 [info] > git status -z -uall [5ms]
2025-05-03 06:24:32.312 [info] > git for-each-ref --sort -committerdate --format %(refname) %(objectname) %(*objectname) [1ms]
2025-05-03 06:24:38.862 [info] > git config --get commit.template [6ms]
2025-05-03 06:24:38.862 [info] > git for-each-ref --format=%(refname)%00%(upstream:short)%00%(objectname)%00%(upstream:track)%00%(upstream:remotename)%00%(upstream:remoteref) refs/heads/master refs/remotes/master [1ms]
2025-05-03 06:24:38.872 [info] > git status -z -uall [5ms]
2025-05-03 06:24:38.873 [info] > git for-each-ref --sort -committerdate --format %(refname) %(objectname) %(*objectname) [1ms]
2025-05-03 06:24:46.272 [info] > git config --get commit.template [5ms]
2025-05-03 06:24:46.273 [info] > git for-each-ref --format=%(refname)%00%(upstream:short)%00%(objectname)%00%(upstream:track)%00%(upstream:remotename)%00%(upstream:remoteref) refs/heads/master refs/remotes/master [1ms]
2025-05-03 06:24:46.283 [info] > git status -z -uall [4ms]
2025-05-03 06:24:46.284 [info] > git for-each-ref --sort -committerdate --format %(refname) %(objectname) %(*objectname) [1ms]
2025-05-03 06:25:08.325 [info] > git config --get commit.template [2ms]
2025-05-03 06:25:08.331 [info] > git for-each-ref --format=%(refname)%00%(upstream:short)%00%(objectname)%00%(upstream:track)%00%(upstream:remotename)%00%(upstream:remoteref) refs/heads/master refs/remotes/master [1ms]
2025-05-03 06:25:08.342 [info] > git status -z -uall [6ms]
2025-05-03 06:25:08.342 [info] > git for-each-ref --sort -committerdate --format %(refname) %(objectname) %(*objectname) [1ms]
2025-05-03 06:25:19.187 [info] > git show --textconv :html/error.html [6ms]
2025-05-03 06:25:19.188 [info] > git ls-files --stage -- /home/felipe/coding/feiradeciencias/html/error.html [1ms]
2025-05-03 06:25:19.193 [info] > git cat-file -s c82e52a3bae113b9cd37f12f9a2bcccd5ab44199 [1ms]
2025-05-03 06:25:27.156 [info] > git show --textconv :static/style.css [6ms]
2025-05-03 06:25:27.157 [info] > git ls-files --stage -- /home/felipe/coding/feiradeciencias/static/style.css [1ms]
2025-05-03 06:25:27.163 [info] > git cat-file -s 494e1195155e5d6dd026355f59b60ab589903cb2 [1ms]
2025-05-03 06:25:29.745 [info] > git show --textconv :app.js [5ms]
2025-05-03 06:25:29.746 [info] > git ls-files --stage -- /home/felipe/coding/feiradeciencias/app.js [1ms]
2025-05-03 06:25:29.751 [info] > git cat-file -s 966b2ada432351609a868649e3cac19da2da53b6 [1ms]
2025-05-03 06:25:31.447 [info] > git show --textconv :views/home.ejs [8ms]
2025-05-03 06:25:31.447 [info] > git ls-files --stage -- /home/felipe/coding/feiradeciencias/views/home.ejs [1ms]
2025-05-03 06:25:31.453 [info] > git cat-file -s 9945f74c7c494df055fe2afbe51dc3deebf055db [1ms]
2025-05-03 06:25:36.071 [info] > git show --textconv :html/error.html [6ms]
2025-05-03 06:25:36.072 [info] > git ls-files --stage -- /home/felipe/coding/feiradeciencias/html/error.html [1ms]
2025-05-03 06:25:36.078 [info] > git cat-file -s c82e52a3bae113b9cd37f12f9a2bcccd5ab44199 [1ms]
2025-05-03 06:25:43.857 [info] > git config --get commit.template [7ms]
2025-05-03 06:25:43.857 [info] > git for-each-ref --format=%(refname)%00%(upstream:short)%00%(objectname)%00%(upstream:track)%00%(upstream:remotename)%00%(upstream:remoteref) refs/heads/master refs/remotes/master [1ms]
2025-05-03 06:25:43.870 [info] > git status -z -uall [6ms]
2025-05-03 06:25:43.871 [info] > git for-each-ref --sort -committerdate --format %(refname) %(objectname) %(*objectname) [1ms]
2025-05-03 06:25:53.859 [info] > git config --get commit.template [7ms]
2025-05-03 06:25:53.860 [info] > git for-each-ref --format=%(refname)%00%(upstream:short)%00%(objectname)%00%(upstream:track)%00%(upstream:remotename)%00%(upstream:remoteref) refs/heads/master refs/remotes/master [2ms]
2025-05-03 06:25:53.871 [info] > git status -z -uall [5ms]
2025-05-03 06:25:53.871 [info] > git for-each-ref --sort -committerdate --format %(refname) %(objectname) %(*objectname) [1ms]
2025-05-03 06:26:54.152 [info] > git show --textconv :html/error.html [7ms]
2025-05-03 06:26:54.153 [info] > git ls-files --stage -- /home/felipe/coding/feiradeciencias/html/error.html [2ms]
2025-05-03 06:26:54.159 [info] > git cat-file -s c82e52a3bae113b9cd37f12f9a2bcccd5ab44199 [1ms]
