2025-05-16 04:41:43.049 [info] Extension host with pid 2163 started
2025-05-16 04:41:43.049 [info] Skipping acquiring lock for /home/felipe/.config/Code - OSS/User/workspaceStorage/1fbeba3da422afa2894c3cb64550b202.
2025-05-16 04:41:43.144 [info] ExtensionService#_doActivateExtension vscode.emmet, startup: false, activationEvent: 'onLanguage'
2025-05-16 04:41:43.163 [info] ExtensionService#_doActivateExtension vscode.html-language-features, startup: false, activationEvent: 'onLanguage:html'
2025-05-16 04:41:43.455 [info] Extension host with pid 2232 started
2025-05-16 04:41:43.455 [info] Skipping acquiring lock for /home/felipe/.config/Code - OSS/User/workspaceStorage/1fbeba3da422afa2894c3cb64550b202.
2025-05-16 04:41:43.459 [info] Eager extensions activated
2025-05-16 04:41:43.460 [info] ExtensionService#_doActivateExtension asvetliakov.vscode-neovim, startup: false, activationEvent: 'onStartupFinished'
2025-05-16 04:41:43.628 [info] ExtensionService#_doActivateExtension vscode.git-base, startup: true, activationEvent: '*', root cause: vscode.git
2025-05-16 04:41:43.632 [info] ExtensionService#_doActivateExtension vscode.npm, startup: true, activationEvent: 'workspaceContains:package.json'
2025-05-16 04:41:43.661 [info] ExtensionService#_doActivateExtension vscode.git, startup: true, activationEvent: '*'
2025-05-16 04:41:43.727 [info] ExtensionService#_doActivateExtension vscode.github, startup: true, activationEvent: '*'
2025-05-16 04:41:43.782 [info] Eager extensions activated
2025-05-16 04:41:43.801 [info] ExtensionService#_doActivateExtension vscode.debug-auto-launch, startup: false, activationEvent: 'onStartupFinished'
2025-05-16 04:41:43.803 [info] ExtensionService#_doActivateExtension vscode.merge-conflict, startup: false, activationEvent: 'onStartupFinished'
2025-05-16 04:41:43.822 [info] ExtensionService#_doActivateExtension zhuangtongfa.material-theme, startup: false, activationEvent: 'onStartupFinished'
2025-05-16 04:41:43.969 [info] ExtensionService#_doActivateExtension vscode.github-authentication, startup: false, activationEvent: 'onAuthenticationRequest:github'
2025-05-16 04:41:48.814 [info] ExtensionService#_doActivateExtension vscode.configuration-editing, startup: false, activationEvent: 'onLanguage:json'
2025-05-16 04:41:48.826 [info] ExtensionService#_doActivateExtension vscode.extension-editing, startup: false, activationEvent: 'onLanguage:json'
2025-05-16 04:41:48.837 [info] ExtensionService#_doActivateExtension vscode.json-language-features, startup: false, activationEvent: 'onLanguage:json'
