2025-05-13 16:27:28.704 [info] [main] Log level: Info
2025-05-13 16:27:28.705 [info] [main] Validating found git in: "git"
2025-05-13 16:27:28.705 [info] [main] Using git "2.48.1" from "git"
2025-05-13 16:27:28.705 [info] [Model][doInitialScan] Initial repository scan started
2025-05-13 16:27:28.705 [info] > git rev-parse --show-toplevel [2ms]
2025-05-13 16:27:28.705 [info] > git rev-parse --git-dir --git-common-dir [4ms]
2025-05-13 16:27:28.705 [info] [Model][openRepository] Opened repository: /home/felipe/coding/feiradeciencias
2025-05-13 16:27:28.705 [info] > git rev-parse --show-toplevel [45ms]
2025-05-13 16:27:28.705 [info] > git config --get commit.template [50ms]
2025-05-13 16:27:28.720 [info] > git rev-parse --show-toplevel [9ms]
2025-05-13 16:27:28.734 [info] > git for-each-ref --format=%(refname)%00%(upstream:short)%00%(objectname)%00%(upstream:track)%00%(upstream:remotename)%00%(upstream:remoteref) refs/heads/master refs/remotes/master [16ms]
2025-05-13 16:27:28.739 [info] > git rev-parse --show-toplevel [5ms]
2025-05-13 16:27:28.764 [info] > git status -z -uall [10ms]
2025-05-13 16:27:28.765 [info] > git rev-parse --show-toplevel [19ms]
2025-05-13 16:27:28.769 [info] > git for-each-ref --sort -committerdate --format %(refname) %(objectname) %(*objectname) [7ms]
2025-05-13 16:27:28.802 [info] > git for-each-ref --format=%(refname)%00%(upstream:short)%00%(objectname)%00%(upstream:track)%00%(upstream:remotename)%00%(upstream:remoteref) refs/heads/master refs/remotes/master [11ms]
2025-05-13 16:27:28.808 [info] > git rev-parse --show-toplevel [39ms]
2025-05-13 16:27:28.809 [info] [Model][doInitialScan] Initial repository scan completed - repositories (1), closed repositories (0), parent repositories (0), unsafe repositories (0)
2025-05-13 16:27:28.810 [info] > git config --get --local branch.master.vscode-merge-base [2ms]
2025-05-13 16:27:28.815 [info] > git config --get commit.template [16ms]
2025-05-13 16:27:28.815 [info] > git for-each-ref --format=%(refname)%00%(upstream:short)%00%(objectname)%00%(upstream:track)%00%(upstream:remotename)%00%(upstream:remoteref) refs/heads/origin/master refs/remotes/origin/master [1ms]
2025-05-13 16:27:28.827 [info] > git merge-base refs/heads/master refs/remotes/origin/master [7ms]
2025-05-13 16:27:28.835 [info] > git diff --name-status -z --diff-filter=ADMR c68b8e2e50daccf80a979dfa103774447e0bf178...refs/remotes/origin/master [3ms]
2025-05-13 16:27:28.836 [info] > git for-each-ref --format=%(refname)%00%(upstream:short)%00%(objectname)%00%(upstream:track)%00%(upstream:remotename)%00%(upstream:remoteref) refs/heads/master refs/remotes/master [10ms]
2025-05-13 16:27:28.847 [info] > git status -z -uall [5ms]
2025-05-13 16:27:28.848 [info] > git for-each-ref --sort -committerdate --format %(refname) %(objectname) %(*objectname) [2ms]
2025-05-13 16:27:28.954 [info] > git show --textconv :html/info/quemsomos.html [7ms]
2025-05-13 16:27:28.960 [info] > git ls-files --stage -- /home/felipe/coding/feiradeciencias/html/info/quemsomos.html [6ms]
2025-05-13 16:27:28.967 [info] > git cat-file -s cca879b84addb448ec3246fb8cbc1adce4f24021 [2ms]
2025-05-13 16:27:29.016 [info] > git blame --root --incremental c68b8e2e50daccf80a979dfa103774447e0bf178 -- /home/felipe/coding/feiradeciencias/html/info/quemsomos.html [6ms]
2025-05-13 16:27:29.200 [info] > git check-ignore -v -z --stdin [3ms]
2025-05-13 16:27:33.969 [info] > git config --get commit.template [2ms]
2025-05-13 16:27:33.975 [info] > git for-each-ref --format=%(refname)%00%(upstream:short)%00%(objectname)%00%(upstream:track)%00%(upstream:remotename)%00%(upstream:remoteref) refs/heads/master refs/remotes/master [1ms]
2025-05-13 16:27:33.985 [info] > git status -z -uall [5ms]
2025-05-13 16:27:33.985 [info] > git for-each-ref --sort -committerdate --format %(refname) %(objectname) %(*objectname) [1ms]
2025-05-13 16:27:40.951 [info] > git config --get commit.template [5ms]
2025-05-13 16:27:40.951 [info] > git for-each-ref --format=%(refname)%00%(upstream:short)%00%(objectname)%00%(upstream:track)%00%(upstream:remotename)%00%(upstream:remoteref) refs/heads/master refs/remotes/master [1ms]
2025-05-13 16:27:40.960 [info] > git status -z -uall [5ms]
2025-05-13 16:27:40.960 [info] > git for-each-ref --sort -committerdate --format %(refname) %(objectname) %(*objectname) [1ms]
2025-05-13 16:27:41.272 [info] > git show --textconv HEAD:html/info/quemsomos.html [4ms]
2025-05-13 16:27:41.273 [info] > git ls-tree -l HEAD -- /home/felipe/coding/feiradeciencias/html/info/quemsomos.html [1ms]
2025-05-13 16:27:41.996 [info] > git config --get commit.template [4ms]
2025-05-13 16:27:41.996 [info] > git for-each-ref --format=%(refname)%00%(upstream:short)%00%(objectname)%00%(upstream:track)%00%(upstream:remotename)%00%(upstream:remoteref) refs/heads/master refs/remotes/master [1ms]
2025-05-13 16:27:42.004 [info] > git status -z -uall [4ms]
2025-05-13 16:27:42.004 [info] > git for-each-ref --sort -committerdate --format %(refname) %(objectname) %(*objectname) [1ms]
2025-05-13 16:27:42.096 [info] > git ls-files --stage -- /home/felipe/coding/feiradeciencias/html/info/quemsomos.html [4ms]
2025-05-13 16:27:42.099 [info] > git ls-tree -l HEAD -- /home/felipe/coding/feiradeciencias/html/info/quemsomos.html [3ms]
2025-05-13 16:27:42.100 [info] > git cat-file -s f86a0d88283bcdd14d11dc31e4fda4abcefa6d96 [1ms]
2025-05-13 16:27:42.111 [info] > git show --textconv HEAD:html/info/quemsomos.html [6ms]
2025-05-13 16:27:42.112 [info] > git show --textconv :html/info/quemsomos.html [2ms]
2025-05-13 16:28:05.991 [info] > git config --get commit.template [7ms]
2025-05-13 16:28:05.992 [info] > git for-each-ref --format=%(refname)%00%(upstream:short)%00%(objectname)%00%(upstream:track)%00%(upstream:remotename)%00%(upstream:remoteref) refs/heads/master refs/remotes/master [2ms]
2025-05-13 16:28:06.002 [info] > git status -z -uall [5ms]
2025-05-13 16:28:06.003 [info] > git for-each-ref --sort -committerdate --format %(refname) %(objectname) %(*objectname) [1ms]
2025-05-13 16:28:06.016 [info] > git blame --root --incremental 4f207e6df06d854ae469e264d865b97ed3ab7801 -- /home/felipe/coding/feiradeciencias/html/info/quemsomos.html [6ms]
2025-05-13 16:28:06.017 [info] > git merge-base refs/heads/master refs/remotes/origin/master [2ms]
2025-05-13 16:28:06.023 [info] > git diff --name-status -z --diff-filter=ADMR c68b8e2e50daccf80a979dfa103774447e0bf178...refs/remotes/origin/master [2ms]
2025-05-13 16:28:07.030 [info] > git config --get commit.template [0ms]
2025-05-13 16:28:07.035 [info] > git for-each-ref --format=%(refname)%00%(upstream:short)%00%(objectname)%00%(upstream:track)%00%(upstream:remotename)%00%(upstream:remoteref) refs/heads/master refs/remotes/master [1ms]
2025-05-13 16:28:07.044 [info] > git status -z -uall [5ms]
2025-05-13 16:28:07.044 [info] > git for-each-ref --sort -committerdate --format %(refname) %(objectname) %(*objectname) [1ms]
2025-05-13 16:28:07.129 [info] > git ls-files --stage -- /home/felipe/coding/feiradeciencias/html/info/quemsomos.html [1ms]
2025-05-13 16:28:07.133 [info] > git cat-file -s f86a0d88283bcdd14d11dc31e4fda4abcefa6d96 [1ms]
2025-05-13 16:28:07.139 [info] > git show --textconv :html/info/quemsomos.html [1ms]
2025-05-13 16:28:15.781 [info] > git config --get commit.template [6ms]
2025-05-13 16:28:15.782 [info] > git for-each-ref --format=%(refname)%00%(upstream:short)%00%(objectname)%00%(upstream:track)%00%(upstream:remotename)%00%(upstream:remoteref) refs/heads/master refs/remotes/master [2ms]
2025-05-13 16:28:15.792 [info] > git status -z -uall [6ms]
2025-05-13 16:28:15.793 [info] > git for-each-ref --sort -committerdate --format %(refname) %(objectname) %(*objectname) [2ms]
2025-05-13 16:28:15.800 [info] > git merge-base refs/heads/master refs/remotes/origin/master [1ms]
2025-05-13 16:28:15.805 [info] > git diff --name-status -z --diff-filter=ADMR 4f207e6df06d854ae469e264d865b97ed3ab7801...refs/remotes/origin/master [1ms]
2025-05-13 16:28:16.830 [info] > git config --get commit.template [4ms]
2025-05-13 16:28:16.830 [info] > git for-each-ref --format=%(refname)%00%(upstream:short)%00%(objectname)%00%(upstream:track)%00%(upstream:remotename)%00%(upstream:remoteref) refs/heads/master refs/remotes/master [1ms]
2025-05-13 16:28:16.838 [info] > git status -z -uall [4ms]
2025-05-13 16:28:16.839 [info] > git for-each-ref --sort -committerdate --format %(refname) %(objectname) %(*objectname) [1ms]
2025-05-13 16:28:16.927 [info] > git ls-files --stage -- /home/felipe/coding/feiradeciencias/html/info/quemsomos.html [1ms]
2025-05-13 16:28:16.931 [info] > git cat-file -s f86a0d88283bcdd14d11dc31e4fda4abcefa6d96 [1ms]
2025-05-13 16:28:16.937 [info] > git show --textconv :html/info/quemsomos.html [2ms]
