2025-05-03 10:27:06.875 [info] MainController: Starting nvim: /usr/bin/nvim -N --embed --cmd source /home/felipe/.vscode-oss/extensions/asvetliakov.vscode-neovim-1.18.20-universal/runtime/vscode-neovim.vim
2025-05-03 10:27:06.936 [info] MainController: Nvim info: {
  logFile: '/home/felipe/.local/state/nvim/log',
  configDir: '/home/felipe/.config/nvim',
  configFile: '/home/felipe/.config/nvim/init.lua',
  nvimVersion: {
    prerelease: false,
    api_level: 12,
    major: 0,
    api_compatible: 0,
    patch: 4,
    build: 'v0.10.4',
    minor: 10,
    api_prerelease: false
  }
}
2025-05-03 10:28:53.094 [info] MessagesManager: '3 more lines\n'
2025-05-03 10:29:45.711 [info] MessagesManager: '4 more lines\n'
2025-05-03 10:30:03.893 [info] MessagesManager: '3 lines >ed 1 time\n'
2025-05-03 10:30:05.944 [info] MessagesManager: '3 lines >ed 1 time\n'
