2025-05-02 07:59:40.040 [info] [main] Log level: Info
2025-05-02 07:59:40.040 [info] [main] Validating found git in: "git"
2025-05-02 07:59:40.040 [info] [main] Using git "2.48.1" from "git"
2025-05-02 07:59:40.040 [info] [Model][doInitialScan] Initial repository scan started
2025-05-02 07:59:40.040 [info] > git rev-parse --show-toplevel [4ms]
2025-05-02 07:59:40.040 [info] > git rev-parse --git-dir --git-common-dir [2ms]
2025-05-02 07:59:40.040 [info] [Model][openRepository] Opened repository: /home/felipe/coding/feiradeciencias
2025-05-02 07:59:40.051 [info] > git rev-parse --show-toplevel [3ms]
2025-05-02 07:59:40.052 [info] > git config --get commit.template [6ms]
2025-05-02 07:59:40.061 [info] > git rev-parse --show-toplevel [4ms]
2025-05-02 07:59:40.065 [info] > git for-each-ref --format=%(refname)%00%(upstream:short)%00%(objectname)%00%(upstream:track)%00%(upstream:remotename)%00%(upstream:remoteref) refs/heads/master refs/remotes/master [5ms]
2025-05-02 07:59:40.066 [info] > git rev-parse --show-toplevel [1ms]
2025-05-02 07:59:40.080 [info] > git status -z -uall [5ms]
2025-05-02 07:59:40.080 [info] > git rev-parse --show-toplevel [10ms]
2025-05-02 07:59:40.085 [info] > git for-each-ref --sort -committerdate --format %(refname) %(objectname) %(*objectname) [6ms]
2025-05-02 07:59:40.111 [info] > git for-each-ref --format=%(refname)%00%(upstream:short)%00%(objectname)%00%(upstream:track)%00%(upstream:remotename)%00%(upstream:remoteref) refs/heads/master refs/remotes/master [6ms]
2025-05-02 07:59:40.115 [info] > git rev-parse --show-toplevel [31ms]
2025-05-02 07:59:40.115 [info] [Model][doInitialScan] Initial repository scan completed - repositories (1), closed repositories (0), parent repositories (0), unsafe repositories (0)
2025-05-02 07:59:40.116 [info] > git config --get --local branch.master.vscode-merge-base [1ms]
2025-05-02 07:59:40.120 [info] > git config --get commit.template [10ms]
2025-05-02 07:59:40.142 [info] > git for-each-ref --format=%(refname)%00%(upstream:short)%00%(objectname)%00%(upstream:track)%00%(upstream:remotename)%00%(upstream:remoteref) refs/heads/origin/master refs/remotes/origin/master [22ms]
2025-05-02 07:59:40.152 [info] > git merge-base refs/heads/master refs/remotes/origin/master [4ms]
2025-05-02 07:59:40.157 [info] > git for-each-ref --format=%(refname)%00%(upstream:short)%00%(objectname)%00%(upstream:track)%00%(upstream:remotename)%00%(upstream:remoteref) refs/heads/master refs/remotes/master [15ms]
2025-05-02 07:59:40.158 [info] > git diff --name-status -z --diff-filter=ADMR ec403c753f3bcd6b9624c6deb7ec86d9758ea321...refs/remotes/origin/master [1ms]
2025-05-02 07:59:40.178 [info] > git status -z -uall [15ms]
2025-05-02 07:59:40.178 [info] > git for-each-ref --sort -committerdate --format %(refname) %(objectname) %(*objectname) [11ms]
2025-05-02 07:59:40.360 [info] > git show --textconv :html/error.html [4ms]
2025-05-02 07:59:40.361 [info] > git ls-files --stage -- /home/felipe/coding/feiradeciencias/html/error.html [1ms]
2025-05-02 07:59:40.364 [info] > git cat-file -s c82e52a3bae113b9cd37f12f9a2bcccd5ab44199 [1ms]
2025-05-02 07:59:40.376 [info] > git blame --root --incremental ec403c753f3bcd6b9624c6deb7ec86d9758ea321 -- /home/felipe/coding/feiradeciencias/html/error.html [2ms]
2025-05-02 07:59:40.558 [info] > git check-ignore -v -z --stdin [1ms]
