2025-05-16 04:41:43.869 [info] [main] Log level: Info
2025-05-16 04:41:43.869 [info] [main] Validating found git in: "git"
2025-05-16 04:41:43.869 [info] [main] Using git "2.48.1" from "git"
2025-05-16 04:41:43.869 [info] [Model][doInitialScan] Initial repository scan started
2025-05-16 04:41:43.869 [info] > git rev-parse --show-toplevel [3ms]
2025-05-16 04:41:43.869 [info] > git rev-parse --git-dir --git-common-dir [42ms]
2025-05-16 04:41:43.869 [info] [Model][openRepository] Opened repository: /home/felipe/coding/feiradeciencias
2025-05-16 04:41:43.885 [info] > git rev-parse --show-toplevel [6ms]
2025-05-16 04:41:43.886 [info] > git config --get commit.template [12ms]
2025-05-16 04:41:43.901 [info] > git rev-parse --show-toplevel [9ms]
2025-05-16 04:41:43.907 [info] > git for-each-ref --format=%(refname)%00%(upstream:short)%00%(objectname)%00%(upstream:track)%00%(upstream:remotename)%00%(upstream:remoteref) refs/heads/master refs/remotes/master [6ms]
2025-05-16 04:41:43.908 [info] > git rev-parse --show-toplevel [1ms]
2025-05-16 04:41:43.926 [info] > git status -z -uall [7ms]
2025-05-16 04:41:43.926 [info] > git rev-parse --show-toplevel [14ms]
2025-05-16 04:41:43.932 [info] > git rev-parse --show-toplevel [2ms]
2025-05-16 04:41:43.933 [info] [Model][doInitialScan] Initial repository scan completed - repositories (1), closed repositories (0), parent repositories (0), unsafe repositories (0)
2025-05-16 04:41:43.933 [info] > git for-each-ref --sort -committerdate --format %(refname) %(objectname) %(*objectname) [8ms]
2025-05-16 04:41:43.958 [info] > git for-each-ref --format=%(refname)%00%(upstream:short)%00%(objectname)%00%(upstream:track)%00%(upstream:remotename)%00%(upstream:remoteref) refs/heads/master refs/remotes/master [7ms]
2025-05-16 04:41:43.963 [info] > git config --get --local branch.master.vscode-merge-base [1ms]
2025-05-16 04:41:43.968 [info] > git config --get commit.template [11ms]
2025-05-16 04:41:43.992 [info] > git for-each-ref --format=%(refname)%00%(upstream:short)%00%(objectname)%00%(upstream:track)%00%(upstream:remotename)%00%(upstream:remoteref) refs/heads/origin/master refs/remotes/origin/master [24ms]
2025-05-16 04:41:44.002 [info] > git merge-base refs/heads/master refs/remotes/origin/master [5ms]
2025-05-16 04:41:44.007 [info] > git for-each-ref --format=%(refname)%00%(upstream:short)%00%(objectname)%00%(upstream:track)%00%(upstream:remotename)%00%(upstream:remoteref) refs/heads/master refs/remotes/master [16ms]
2025-05-16 04:41:44.010 [info] > git diff --name-status -z --diff-filter=ADMR 4f207e6df06d854ae469e264d865b97ed3ab7801...refs/remotes/origin/master [3ms]
2025-05-16 04:41:44.033 [info] > git status -z -uall [17ms]
2025-05-16 04:41:44.033 [info] > git for-each-ref --sort -committerdate --format %(refname) %(objectname) %(*objectname) [13ms]
2025-05-16 04:41:44.171 [info] > git show --textconv :html/info/quemsomos.html [6ms]
2025-05-16 04:41:44.172 [info] > git ls-files --stage -- /home/felipe/coding/feiradeciencias/html/info/quemsomos.html [2ms]
2025-05-16 04:41:44.179 [info] > git cat-file -s f86a0d88283bcdd14d11dc31e4fda4abcefa6d96 [3ms]
2025-05-16 04:41:44.244 [info] > git blame --root --incremental 4f207e6df06d854ae469e264d865b97ed3ab7801 -- /home/felipe/coding/feiradeciencias/html/info/quemsomos.html [9ms]
2025-05-16 04:41:44.394 [info] > git check-ignore -v -z --stdin [3ms]
