2025-05-01 11:46:36.079 [info] Extension host with pid 2002 started
2025-05-01 11:46:36.093 [info] ExtensionService#_doActivateExtension vscode.git-base, startup: true, activationEvent: '*', root cause: vscode.git
2025-05-01 11:46:36.098 [info] ExtensionService#_doActivateExtension vscode.git, startup: true, activationEvent: '*'
2025-05-01 11:46:36.138 [info] ExtensionService#_doActivateExtension vscode.github, startup: true, activationEvent: '*'
2025-05-01 11:46:36.175 [info] Eager extensions activated
2025-05-01 11:46:36.182 [info] ExtensionService#_doActivateExtension vscode.debug-auto-launch, startup: false, activationEvent: 'onStartupFinished'
2025-05-01 11:46:36.183 [info] Extension host with pid 2032 started
2025-05-01 11:46:36.183 [info] ExtensionService#_doActivateExtension vscode.merge-conflict, startup: false, activationEvent: 'onStartupFinished'
2025-05-01 11:46:36.187 [info] Eager extensions activated
2025-05-01 11:46:36.187 [info] ExtensionService#_doActivateExtension asvetliakov.vscode-neovim, startup: false, activationEvent: 'onStartupFinished'
2025-05-01 11:46:36.195 [info] ExtensionService#_doActivateExtension zhuangtongfa.material-theme, startup: false, activationEvent: 'onStartupFinished'
2025-05-01 11:48:47.354 [info] Extension host terminating: renderer closed the MessagePort
2025-05-01 11:48:47.358 [info] Extension host terminating: renderer closed the MessagePort
2025-05-01 11:48:47.359 [info] Extension host with pid 2032 exiting with code 0
2025-05-01 11:48:47.361 [info] Extension host with pid 2002 exiting with code 0
2025-05-01 11:48:47.998 [info] Extension host with pid 3707 started
2025-05-01 11:48:47.998 [info] Skipping acquiring lock for /home/felipe/.config/Code - OSS/User/workspaceStorage/1fbeba3da422afa2894c3cb64550b202.
2025-05-01 11:48:48.042 [info] ExtensionService#_doActivateExtension vscode.git-base, startup: true, activationEvent: '*', root cause: vscode.git
2025-05-01 11:48:48.045 [info] ExtensionService#_doActivateExtension vscode.npm, startup: true, activationEvent: 'workspaceContains:package.json'
2025-05-01 11:48:48.070 [info] ExtensionService#_doActivateExtension vscode.git, startup: true, activationEvent: '*'
2025-05-01 11:48:48.112 [info] ExtensionService#_doActivateExtension vscode.github, startup: true, activationEvent: '*'
2025-05-01 11:48:48.154 [info] Eager extensions activated
2025-05-01 11:48:48.172 [info] ExtensionService#_doActivateExtension vscode.debug-auto-launch, startup: false, activationEvent: 'onStartupFinished'
2025-05-01 11:48:48.174 [info] ExtensionService#_doActivateExtension vscode.merge-conflict, startup: false, activationEvent: 'onStartupFinished'
2025-05-01 11:48:48.181 [info] Extension host with pid 3732 started
2025-05-01 11:48:48.181 [info] Skipping acquiring lock for /home/felipe/.config/Code - OSS/User/workspaceStorage/1fbeba3da422afa2894c3cb64550b202.
2025-05-01 11:48:48.185 [info] Eager extensions activated
2025-05-01 11:48:48.186 [info] ExtensionService#_doActivateExtension asvetliakov.vscode-neovim, startup: false, activationEvent: 'onStartupFinished'
2025-05-01 11:48:48.188 [info] ExtensionService#_doActivateExtension zhuangtongfa.material-theme, startup: false, activationEvent: 'onStartupFinished'
2025-05-01 11:48:48.230 [info] ExtensionService#_doActivateExtension vscode.emmet, startup: false, activationEvent: 'onLanguage'
2025-05-01 11:48:48.322 [info] ExtensionService#_doActivateExtension vscode.github-authentication, startup: false, activationEvent: 'onAuthenticationRequest:github'
2025-05-01 11:48:53.196 [info] ExtensionService#_doActivateExtension vscode.configuration-editing, startup: false, activationEvent: 'onLanguage:json'
2025-05-01 11:48:53.204 [info] ExtensionService#_doActivateExtension vscode.extension-editing, startup: false, activationEvent: 'onLanguage:json'
2025-05-01 11:48:53.213 [info] ExtensionService#_doActivateExtension vscode.json-language-features, startup: false, activationEvent: 'onLanguage:json'
2025-05-01 11:49:05.136 [info] ExtensionService#_doActivateExtension vscode.html-language-features, startup: false, activationEvent: 'onLanguage:html'
2025-05-01 11:49:07.421 [info] ExtensionService#_doActivateExtension vscode.css-language-features, startup: false, activationEvent: 'onLanguage:css'
2025-05-01 11:49:08.417 [info] ExtensionService#_doActivateExtension vscode.typescript-language-features, startup: false, activationEvent: 'onLanguage:javascript'
2025-05-01 11:49:50.253 [error] Error: spawn git ENOENT
	at ChildProcess._handle.onexit (node:internal/child_process:285:19)
	at onErrorNT (node:internal/child_process:483:16)
	at process.processTicksAndRejections (node:internal/process/task_queues:82:21)
2025-05-01 11:49:51.256 [error] Error: spawn git ENOENT
	at ChildProcess._handle.onexit (node:internal/child_process:285:19)
	at onErrorNT (node:internal/child_process:483:16)
	at process.processTicksAndRejections (node:internal/process/task_queues:82:21)
2025-05-01 11:50:21.317 [info] Extension host terminating: renderer closed the MessagePort
2025-05-01 11:50:21.320 [warning] ExtHostTextEditorOptions 'setCursorStyle' failed:'
2025-05-01 11:50:21.322 [info] Extension host terminating: renderer closed the MessagePort
2025-05-01 11:50:21.323 [warning] Canceled
2025-05-01 11:50:21.323 [info] Extension host with pid 3732 exiting with code 0
2025-05-01 11:50:21.333 [info] Extension host with pid 3707 exiting with code 0
