2025-04-29 01:07:39.953 [info] [main] Log level: Info
2025-04-29 01:07:39.953 [info] [main] Validating found git in: "git"
2025-04-29 01:07:39.953 [info] [main] Using git "2.48.1" from "git"
2025-04-29 01:07:39.953 [info] [Model][doInitialScan] Initial repository scan started
2025-04-29 01:07:39.953 [info] > git rev-parse --show-toplevel [8ms]
2025-04-29 01:07:39.953 [info] > git rev-parse --git-dir --git-common-dir [3ms]
2025-04-29 01:07:39.953 [info] [Model][openRepository] Opened repository: /home/felipe/coding/PFC
2025-04-29 01:07:39.958 [info] > git rev-parse --show-toplevel [54ms]
2025-04-29 01:07:39.958 [info] > git config --get commit.template [58ms]
2025-04-29 01:07:39.990 [info] > git rev-parse --show-toplevel [8ms]
2025-04-29 01:07:39.996 [info] > git for-each-ref --format=%(refname)%00%(upstream:short)%00%(objectname)%00%(upstream:track)%00%(upstream:remotename)%00%(upstream:remoteref) refs/heads/master refs/remotes/master [8ms]
2025-04-29 01:07:39.997 [info] > git rev-parse --show-toplevel [1ms]
2025-04-29 01:07:39.997 [info] [Model][doInitialScan] Initial repository scan completed - repositories (1), closed repositories (0), parent repositories (0), unsafe repositories (0)
2025-04-29 01:07:40.007 [info] > git status -z -uall [5ms]
2025-04-29 01:07:40.008 [info] > git for-each-ref --sort -committerdate --format %(refname) %(objectname) %(*objectname) [2ms]
2025-04-29 01:07:40.031 [info] > git for-each-ref --format=%(refname)%00%(upstream:short)%00%(objectname)%00%(upstream:track)%00%(upstream:remotename)%00%(upstream:remoteref) refs/heads/master refs/remotes/master [8ms]
2025-04-29 01:07:40.040 [info] > git config --get --local branch.master.vscode-merge-base [3ms]
2025-04-29 01:07:40.040 [warning] [Git][config] git config failed: Failed to execute git
2025-04-29 01:07:40.046 [info] > git config --get commit.template [15ms]
2025-04-29 01:07:40.053 [info] > git reflog master --grep-reflog=branch: Created from *. [7ms]
2025-04-29 01:07:40.083 [info] > git symbolic-ref --short refs/remotes/origin/HEAD [25ms]
2025-04-29 01:07:40.083 [info] fatal: ref refs/remotes/origin/HEAD is not a symbolic ref
2025-04-29 01:07:40.083 [warning] [Repository][getDefaultBranch] Failed to get default branch details: Failed to execute git.
2025-04-29 01:07:40.088 [info] > git for-each-ref --format=%(refname)%00%(upstream:short)%00%(objectname)%00%(upstream:track)%00%(upstream:remotename)%00%(upstream:remoteref) refs/heads/master refs/remotes/master [36ms]
2025-04-29 01:07:40.091 [info] > git merge-base refs/heads/master refs/remotes/origin/master [4ms]
2025-04-29 01:07:40.107 [info] > git status -z -uall [5ms]
2025-04-29 01:07:40.107 [info] > git diff --name-status -z --diff-filter=ADMR eb421a3cc21ed1205770f788adf789262a09c2f6...refs/remotes/origin/master [10ms]
2025-04-29 01:07:40.109 [info] > git for-each-ref --sort -committerdate --format %(refname) %(objectname) %(*objectname) [3ms]
2025-04-29 01:07:40.227 [info] > git show --textconv :app.js [5ms]
2025-04-29 01:07:40.229 [info] > git ls-files --stage -- /home/felipe/coding/PFC/app.js [2ms]
2025-04-29 01:07:40.234 [info] > git cat-file -s b386cfb9da5ecd55dba20fa9c75c24812e7233ae [2ms]
2025-04-29 01:07:40.252 [info] > git blame --root --incremental eb421a3cc21ed1205770f788adf789262a09c2f6 -- /home/felipe/coding/PFC/app.js [2ms]
2025-04-29 01:07:40.466 [info] > git check-ignore -v -z --stdin [1ms]
2025-04-29 01:07:56.252 [info] > git config --get commit.template [6ms]
2025-04-29 01:07:56.253 [info] > git for-each-ref --format=%(refname)%00%(upstream:short)%00%(objectname)%00%(upstream:track)%00%(upstream:remotename)%00%(upstream:remoteref) refs/heads/master refs/remotes/master [1ms]
2025-04-29 01:07:56.264 [info] > git status -z -uall [5ms]
2025-04-29 01:07:56.265 [info] > git for-each-ref --sort -committerdate --format %(refname) %(objectname) %(*objectname) [2ms]
2025-04-29 01:07:56.350 [info] > git ls-files --stage -- /home/felipe/coding/PFC/app.js [2ms]
2025-04-29 01:07:56.356 [info] > git cat-file -s b386cfb9da5ecd55dba20fa9c75c24812e7233ae [1ms]
2025-04-29 01:07:56.364 [info] > git show --textconv :app.js [1ms]
