2025-05-03 05:31:27.541 [info] [main] Log level: Info
2025-05-03 05:31:27.541 [info] [main] Validating found git in: "git"
2025-05-03 05:31:27.541 [info] [main] Using git "2.48.1" from "git"
2025-05-03 05:31:27.541 [info] [Model][doInitialScan] Initial repository scan started
2025-05-03 05:31:27.541 [info] > git rev-parse --show-toplevel [9ms]
2025-05-03 05:31:27.541 [info] > git rev-parse --git-dir --git-common-dir [2ms]
2025-05-03 05:31:27.541 [info] [Model][openRepository] Opened repository: /home/felipe/coding/feiradeciencias
2025-05-03 05:31:27.543 [info] > git rev-parse --show-toplevel [25ms]
2025-05-03 05:31:27.544 [info] > git config --get commit.template [31ms]
2025-05-03 05:31:27.558 [info] > git for-each-ref --format=%(refname)%00%(upstream:short)%00%(objectname)%00%(upstream:track)%00%(upstream:remotename)%00%(upstream:remoteref) refs/heads/master refs/remotes/master [3ms]
2025-05-03 05:31:27.559 [info] > git rev-parse --show-toplevel [9ms]
2025-05-03 05:31:27.573 [info] > git rev-parse --show-toplevel [7ms]
2025-05-03 05:31:27.593 [info] > git status -z -uall [13ms]
2025-05-03 05:31:27.593 [info] > git for-each-ref --sort -committerdate --format %(refname) %(objectname) %(*objectname) [6ms]
2025-05-03 05:31:27.630 [info] > git for-each-ref --format=%(refname)%00%(upstream:short)%00%(objectname)%00%(upstream:track)%00%(upstream:remotename)%00%(upstream:remoteref) refs/heads/master refs/remotes/master [13ms]
2025-05-03 05:31:27.636 [info] > git rev-parse --show-toplevel [45ms]
2025-05-03 05:31:27.643 [info] > git config --get --local branch.master.vscode-merge-base [7ms]
2025-05-03 05:31:27.648 [info] > git config --get commit.template [19ms]
2025-05-03 05:31:27.667 [info] > git for-each-ref --format=%(refname)%00%(upstream:short)%00%(objectname)%00%(upstream:track)%00%(upstream:remotename)%00%(upstream:remoteref) refs/heads/origin/master refs/remotes/origin/master [19ms]
2025-05-03 05:31:27.671 [info] > git rev-parse --show-toplevel [29ms]
2025-05-03 05:31:27.671 [info] [Model][doInitialScan] Initial repository scan completed - repositories (1), closed repositories (0), parent repositories (0), unsafe repositories (0)
2025-05-03 05:31:27.677 [info] > git merge-base refs/heads/master refs/remotes/origin/master [6ms]
2025-05-03 05:31:27.682 [info] > git diff --name-status -z --diff-filter=ADMR ec403c753f3bcd6b9624c6deb7ec86d9758ea321...refs/remotes/origin/master [2ms]
2025-05-03 05:31:27.683 [info] > git for-each-ref --format=%(refname)%00%(upstream:short)%00%(objectname)%00%(upstream:track)%00%(upstream:remotename)%00%(upstream:remoteref) refs/heads/master refs/remotes/master [7ms]
2025-05-03 05:31:27.702 [info] > git status -z -uall [14ms]
2025-05-03 05:31:27.702 [info] > git for-each-ref --sort -committerdate --format %(refname) %(objectname) %(*objectname) [9ms]
2025-05-03 05:31:27.817 [info] > git show --textconv :html/error.html [7ms]
2025-05-03 05:31:27.819 [info] > git ls-files --stage -- /home/felipe/coding/feiradeciencias/html/error.html [3ms]
2025-05-03 05:31:27.825 [info] > git cat-file -s c82e52a3bae113b9cd37f12f9a2bcccd5ab44199 [1ms]
2025-05-03 05:31:27.843 [info] > git blame --root --incremental ec403c753f3bcd6b9624c6deb7ec86d9758ea321 -- /home/felipe/coding/feiradeciencias/html/error.html [2ms]
2025-05-03 05:31:28.049 [info] > git check-ignore -v -z --stdin [2ms]
2025-05-03 05:32:18.607 [info] > git config --get commit.template [4ms]
2025-05-03 05:32:18.608 [info] > git for-each-ref --format=%(refname)%00%(upstream:short)%00%(objectname)%00%(upstream:track)%00%(upstream:remotename)%00%(upstream:remoteref) refs/heads/master refs/remotes/master [2ms]
2025-05-03 05:32:18.617 [info] > git for-each-ref --sort -committerdate --format %(refname) %(objectname) %(*objectname) [1ms]
2025-05-03 05:32:18.618 [info] > git status -z -uall [6ms]
2025-05-03 05:32:23.631 [info] > git config --get commit.template [1ms]
2025-05-03 05:32:23.638 [info] > git for-each-ref --format=%(refname)%00%(upstream:short)%00%(objectname)%00%(upstream:track)%00%(upstream:remotename)%00%(upstream:remoteref) refs/heads/master refs/remotes/master [2ms]
2025-05-03 05:32:23.651 [info] > git status -z -uall [7ms]
2025-05-03 05:32:23.652 [info] > git for-each-ref --sort -committerdate --format %(refname) %(objectname) %(*objectname) [2ms]
2025-05-03 05:32:24.316 [info] > git ls-files --stage -- /home/felipe/coding/feiradeciencias/views/home.ejs [2ms]
2025-05-03 05:32:24.320 [info] > git show --textconv :views/home.ejs [10ms]
2025-05-03 05:32:24.321 [info] > git cat-file -s 9945f74c7c494df055fe2afbe51dc3deebf055db [1ms]
2025-05-03 05:32:24.331 [info] > git blame --root --incremental ec403c753f3bcd6b9624c6deb7ec86d9758ea321 -- /home/felipe/coding/feiradeciencias/views/home.ejs [2ms]
2025-05-03 05:32:51.091 [info] > git config --get commit.template [9ms]
2025-05-03 05:32:51.092 [info] > git for-each-ref --format=%(refname)%00%(upstream:short)%00%(objectname)%00%(upstream:track)%00%(upstream:remotename)%00%(upstream:remoteref) refs/heads/master refs/remotes/master [2ms]
2025-05-03 05:32:51.105 [info] > git for-each-ref --sort -committerdate --format %(refname) %(objectname) %(*objectname) [1ms]
2025-05-03 05:32:51.106 [info] > git status -z -uall [7ms]
2025-05-03 05:33:17.287 [info] > git config --get commit.template [7ms]
2025-05-03 05:33:17.287 [info] > git for-each-ref --format=%(refname)%00%(upstream:short)%00%(objectname)%00%(upstream:track)%00%(upstream:remotename)%00%(upstream:remoteref) refs/heads/master refs/remotes/master [2ms]
2025-05-03 05:33:17.296 [info] > git status -z -uall [4ms]
2025-05-03 05:33:17.297 [info] > git for-each-ref --sort -committerdate --format %(refname) %(objectname) %(*objectname) [1ms]
2025-05-03 05:33:36.121 [info] > git config --get commit.template [5ms]
2025-05-03 05:33:36.121 [info] > git for-each-ref --format=%(refname)%00%(upstream:short)%00%(objectname)%00%(upstream:track)%00%(upstream:remotename)%00%(upstream:remoteref) refs/heads/master refs/remotes/master [1ms]
2025-05-03 05:33:36.132 [info] > git status -z -uall [6ms]
2025-05-03 05:33:36.132 [info] > git for-each-ref --sort -committerdate --format %(refname) %(objectname) %(*objectname) [2ms]
2025-05-03 05:33:37.950 [info] > git show --textconv :static/style.css [4ms]
2025-05-03 05:33:37.952 [info] > git ls-files --stage -- /home/felipe/coding/feiradeciencias/static/style.css [1ms]
2025-05-03 05:33:37.957 [info] > git cat-file -s 494e1195155e5d6dd026355f59b60ab589903cb2 [1ms]
2025-05-03 05:33:37.976 [info] > git blame --root --incremental ec403c753f3bcd6b9624c6deb7ec86d9758ea321 -- /home/felipe/coding/feiradeciencias/static/style.css [10ms]
2025-05-03 05:33:39.355 [info] > git show --textconv :views/home.ejs [5ms]
2025-05-03 05:33:39.356 [info] > git ls-files --stage -- /home/felipe/coding/feiradeciencias/views/home.ejs [1ms]
2025-05-03 05:33:39.360 [info] > git cat-file -s 9945f74c7c494df055fe2afbe51dc3deebf055db [0ms]
2025-05-03 05:34:53.134 [info] > git config --get commit.template [6ms]
2025-05-03 05:34:53.136 [info] > git for-each-ref --format=%(refname)%00%(upstream:short)%00%(objectname)%00%(upstream:track)%00%(upstream:remotename)%00%(upstream:remoteref) refs/heads/master refs/remotes/master [3ms]
2025-05-03 05:34:53.145 [info] > git status -z -uall [4ms]
2025-05-03 05:34:53.146 [info] > git for-each-ref --sort -committerdate --format %(refname) %(objectname) %(*objectname) [1ms]
2025-05-03 05:34:58.165 [info] > git config --get commit.template [6ms]
2025-05-03 05:34:58.166 [info] > git for-each-ref --format=%(refname)%00%(upstream:short)%00%(objectname)%00%(upstream:track)%00%(upstream:remotename)%00%(upstream:remoteref) refs/heads/master refs/remotes/master [1ms]
2025-05-03 05:34:58.176 [info] > git status -z -uall [4ms]
2025-05-03 05:34:58.176 [info] > git for-each-ref --sort -committerdate --format %(refname) %(objectname) %(*objectname) [1ms]
2025-05-03 05:35:03.204 [info] > git config --get commit.template [9ms]
2025-05-03 05:35:03.205 [info] > git for-each-ref --format=%(refname)%00%(upstream:short)%00%(objectname)%00%(upstream:track)%00%(upstream:remotename)%00%(upstream:remoteref) refs/heads/master refs/remotes/master [2ms]
2025-05-03 05:35:03.217 [info] > git status -z -uall [5ms]
2025-05-03 05:35:03.218 [info] > git for-each-ref --sort -committerdate --format %(refname) %(objectname) %(*objectname) [2ms]
2025-05-03 05:35:35.588 [info] > git config --get commit.template [7ms]
2025-05-03 05:35:35.590 [info] > git for-each-ref --format=%(refname)%00%(upstream:short)%00%(objectname)%00%(upstream:track)%00%(upstream:remotename)%00%(upstream:remoteref) refs/heads/master refs/remotes/master [2ms]
2025-05-03 05:35:35.600 [info] > git status -z -uall [5ms]
2025-05-03 05:35:35.600 [info] > git for-each-ref --sort -committerdate --format %(refname) %(objectname) %(*objectname) [1ms]
2025-05-03 05:38:25.359 [info] > git config --get commit.template [5ms]
2025-05-03 05:38:25.360 [info] > git for-each-ref --format=%(refname)%00%(upstream:short)%00%(objectname)%00%(upstream:track)%00%(upstream:remotename)%00%(upstream:remoteref) refs/heads/master refs/remotes/master [1ms]
2025-05-03 05:38:25.369 [info] > git status -z -uall [5ms]
2025-05-03 05:38:25.370 [info] > git for-each-ref --sort -committerdate --format %(refname) %(objectname) %(*objectname) [1ms]
2025-05-03 05:39:30.056 [info] > git config --get commit.template [1ms]
2025-05-03 05:39:30.065 [info] > git for-each-ref --format=%(refname)%00%(upstream:short)%00%(objectname)%00%(upstream:track)%00%(upstream:remotename)%00%(upstream:remoteref) refs/heads/master refs/remotes/master [2ms]
2025-05-03 05:39:30.078 [info] > git for-each-ref --sort -committerdate --format %(refname) %(objectname) %(*objectname) [1ms]
2025-05-03 05:39:30.079 [info] > git status -z -uall [7ms]
2025-05-03 05:40:03.852 [info] > git config --get commit.template [9ms]
2025-05-03 05:40:03.853 [info] > git for-each-ref --format=%(refname)%00%(upstream:short)%00%(objectname)%00%(upstream:track)%00%(upstream:remotename)%00%(upstream:remoteref) refs/heads/master refs/remotes/master [2ms]
2025-05-03 05:40:03.865 [info] > git status -z -uall [6ms]
2025-05-03 05:40:03.865 [info] > git for-each-ref --sort -committerdate --format %(refname) %(objectname) %(*objectname) [1ms]
2025-05-03 05:40:44.826 [info] > git config --get commit.template [7ms]
2025-05-03 05:40:44.827 [info] > git for-each-ref --format=%(refname)%00%(upstream:short)%00%(objectname)%00%(upstream:track)%00%(upstream:remotename)%00%(upstream:remoteref) refs/heads/master refs/remotes/master [2ms]
2025-05-03 05:40:44.838 [info] > git status -z -uall [6ms]
2025-05-03 05:40:44.839 [info] > git for-each-ref --sort -committerdate --format %(refname) %(objectname) %(*objectname) [1ms]
2025-05-03 05:41:04.166 [info] > git config --get commit.template [8ms]
2025-05-03 05:41:04.167 [info] > git for-each-ref --format=%(refname)%00%(upstream:short)%00%(objectname)%00%(upstream:track)%00%(upstream:remotename)%00%(upstream:remoteref) refs/heads/master refs/remotes/master [2ms]
2025-05-03 05:41:04.178 [info] > git status -z -uall [6ms]
2025-05-03 05:41:04.179 [info] > git for-each-ref --sort -committerdate --format %(refname) %(objectname) %(*objectname) [2ms]
2025-05-03 05:41:18.166 [info] > git config --get commit.template [5ms]
2025-05-03 05:41:18.167 [info] > git for-each-ref --format=%(refname)%00%(upstream:short)%00%(objectname)%00%(upstream:track)%00%(upstream:remotename)%00%(upstream:remoteref) refs/heads/master refs/remotes/master [1ms]
2025-05-03 05:41:18.178 [info] > git status -z -uall [6ms]
2025-05-03 05:41:18.179 [info] > git for-each-ref --sort -committerdate --format %(refname) %(objectname) %(*objectname) [1ms]
2025-05-03 05:41:23.199 [info] > git config --get commit.template [5ms]
2025-05-03 05:41:23.200 [info] > git for-each-ref --format=%(refname)%00%(upstream:short)%00%(objectname)%00%(upstream:track)%00%(upstream:remotename)%00%(upstream:remoteref) refs/heads/master refs/remotes/master [1ms]
2025-05-03 05:41:23.211 [info] > git for-each-ref --sort -committerdate --format %(refname) %(objectname) %(*objectname) [1ms]
2025-05-03 05:41:23.212 [info] > git status -z -uall [7ms]
2025-05-03 05:41:28.232 [info] > git config --get commit.template [7ms]
2025-05-03 05:41:28.234 [info] > git for-each-ref --format=%(refname)%00%(upstream:short)%00%(objectname)%00%(upstream:track)%00%(upstream:remotename)%00%(upstream:remoteref) refs/heads/master refs/remotes/master [1ms]
2025-05-03 05:41:28.246 [info] > git status -z -uall [5ms]
2025-05-03 05:41:28.247 [info] > git for-each-ref --sort -committerdate --format %(refname) %(objectname) %(*objectname) [1ms]
2025-05-03 05:41:32.143 [info] > git show --textconv :static/style.css [6ms]
2025-05-03 05:41:32.145 [info] > git ls-files --stage -- /home/felipe/coding/feiradeciencias/static/style.css [2ms]
2025-05-03 05:41:32.152 [info] > git cat-file -s 494e1195155e5d6dd026355f59b60ab589903cb2 [2ms]
2025-05-03 05:42:05.144 [info] > git config --get commit.template [1ms]
2025-05-03 05:42:05.151 [info] > git for-each-ref --format=%(refname)%00%(upstream:short)%00%(objectname)%00%(upstream:track)%00%(upstream:remotename)%00%(upstream:remoteref) refs/heads/master refs/remotes/master [1ms]
2025-05-03 05:42:05.161 [info] > git status -z -uall [5ms]
2025-05-03 05:42:05.161 [info] > git for-each-ref --sort -committerdate --format %(refname) %(objectname) %(*objectname) [1ms]
2025-05-03 05:42:10.183 [info] > git config --get commit.template [7ms]
2025-05-03 05:42:10.184 [info] > git for-each-ref --format=%(refname)%00%(upstream:short)%00%(objectname)%00%(upstream:track)%00%(upstream:remotename)%00%(upstream:remoteref) refs/heads/master refs/remotes/master [2ms]
2025-05-03 05:42:10.194 [info] > git status -z -uall [4ms]
2025-05-03 05:42:10.195 [info] > git for-each-ref --sort -committerdate --format %(refname) %(objectname) %(*objectname) [1ms]
2025-05-03 05:42:13.604 [info] > git show --textconv :static/home.css [8ms]
2025-05-03 05:42:13.611 [info] > git ls-files --stage -- /home/felipe/coding/feiradeciencias/static/home.css [7ms]
2025-05-03 05:42:13.616 [info] > git hash-object -t tree /dev/null [5ms]
2025-05-03 05:42:13.616 [warning] [GitFileSystemProvider][readFile] File not found - git:/home/felipe/coding/feiradeciencias/static/home.css.git?%7B%22path%22%3A%22%2Fhome%2Ffelipe%2Fcoding%2Ffeiradeciencias%2Fstatic%2Fhome.css%22%2C%22ref%22%3A%22%22%7D
2025-05-03 05:42:13.617 [info] > git hash-object -t tree /dev/null [2ms]
2025-05-03 05:42:13.617 [warning] [GitFileSystemProvider][stat] File not found - git:/home/felipe/coding/feiradeciencias/static/home.css.git?%7B%22path%22%3A%22%2Fhome%2Ffelipe%2Fcoding%2Ffeiradeciencias%2Fstatic%2Fhome.css%22%2C%22ref%22%3A%22%22%7D
2025-05-03 05:42:13.890 [info] > git check-ignore -v -z --stdin [3ms]
2025-05-03 05:42:15.218 [info] > git config --get commit.template [8ms]
2025-05-03 05:42:15.219 [info] > git for-each-ref --format=%(refname)%00%(upstream:short)%00%(objectname)%00%(upstream:track)%00%(upstream:remotename)%00%(upstream:remoteref) refs/heads/master refs/remotes/master [2ms]
2025-05-03 05:42:15.230 [info] > git status -z -uall [6ms]
2025-05-03 05:42:15.230 [info] > git for-each-ref --sort -committerdate --format %(refname) %(objectname) %(*objectname) [1ms]
2025-05-03 05:42:18.323 [info] > git show --textconv :static/error.css [6ms]
2025-05-03 05:42:18.324 [warning] [GitFileSystemProvider][readFile] File not found - git:/home/felipe/coding/feiradeciencias/static/error.css.git?%7B%22path%22%3A%22%2Fhome%2Ffelipe%2Fcoding%2Ffeiradeciencias%2Fstatic%2Ferror.css%22%2C%22ref%22%3A%22%22%7D
2025-05-03 05:42:18.324 [info] > git ls-files --stage -- /home/felipe/coding/feiradeciencias/static/error.css [1ms]
2025-05-03 05:42:18.325 [warning] [GitFileSystemProvider][stat] File not found - git:/home/felipe/coding/feiradeciencias/static/error.css.git?%7B%22path%22%3A%22%2Fhome%2Ffelipe%2Fcoding%2Ffeiradeciencias%2Fstatic%2Ferror.css%22%2C%22ref%22%3A%22%22%7D
2025-05-03 05:42:18.615 [info] > git check-ignore -v -z --stdin [2ms]
2025-05-03 05:42:20.248 [info] > git config --get commit.template [7ms]
2025-05-03 05:42:20.249 [info] > git for-each-ref --format=%(refname)%00%(upstream:short)%00%(objectname)%00%(upstream:track)%00%(upstream:remotename)%00%(upstream:remoteref) refs/heads/master refs/remotes/master [1ms]
2025-05-03 05:42:20.259 [info] > git status -z -uall [4ms]
2025-05-03 05:42:20.260 [info] > git for-each-ref --sort -committerdate --format %(refname) %(objectname) %(*objectname) [1ms]
2025-05-03 05:42:26.953 [info] > git show --textconv :static/index.css [8ms]
2025-05-03 05:42:26.953 [warning] [GitFileSystemProvider][readFile] File not found - git:/home/felipe/coding/feiradeciencias/static/index.css.git?%7B%22path%22%3A%22%2Fhome%2Ffelipe%2Fcoding%2Ffeiradeciencias%2Fstatic%2Findex.css%22%2C%22ref%22%3A%22%22%7D
2025-05-03 05:42:26.954 [info] > git ls-files --stage -- /home/felipe/coding/feiradeciencias/static/index.css [2ms]
2025-05-03 05:42:26.955 [warning] [GitFileSystemProvider][stat] File not found - git:/home/felipe/coding/feiradeciencias/static/index.css.git?%7B%22path%22%3A%22%2Fhome%2Ffelipe%2Fcoding%2Ffeiradeciencias%2Fstatic%2Findex.css%22%2C%22ref%22%3A%22%22%7D
2025-05-03 05:42:27.243 [info] > git check-ignore -v -z --stdin [2ms]
2025-05-03 05:42:28.060 [info] > git config --get commit.template [1ms]
2025-05-03 05:42:28.071 [info] > git for-each-ref --format=%(refname)%00%(upstream:short)%00%(objectname)%00%(upstream:track)%00%(upstream:remotename)%00%(upstream:remoteref) refs/heads/master refs/remotes/master [2ms]
2025-05-03 05:42:28.089 [info] > git status -z -uall [10ms]
2025-05-03 05:42:28.090 [info] > git for-each-ref --sort -committerdate --format %(refname) %(objectname) %(*objectname) [2ms]
