2025-05-02 07:59:39.086 [info] Extension host with pid 2797 started
2025-05-02 07:59:39.086 [info] Skipping acquiring lock for /home/felipe/.config/Code - OSS/User/workspaceStorage/1fbeba3da422afa2894c3cb64550b202.
2025-05-02 07:59:39.295 [info] ExtensionService#_doActivateExtension vscode.emmet, startup: false, activationEvent: 'onLanguage'
2025-05-02 07:59:39.319 [info] ExtensionService#_doActivateExtension vscode.html-language-features, startup: false, activationEvent: 'onLanguage:html'
2025-05-02 07:59:39.663 [info] Extension host with pid 2865 started
2025-05-02 07:59:39.663 [info] Skipping acquiring lock for /home/felipe/.config/Code - OSS/User/workspaceStorage/1fbeba3da422afa2894c3cb64550b202.
2025-05-02 07:59:39.671 [info] Eager extensions activated
2025-05-02 07:59:39.672 [info] ExtensionService#_doActivateExtension asvetliakov.vscode-neovim, startup: false, activationEvent: 'onStartupFinished'
2025-05-02 07:59:39.814 [info] ExtensionService#_doActivateExtension vscode.git-base, startup: true, activationEvent: '*', root cause: vscode.git
2025-05-02 07:59:39.816 [info] ExtensionService#_doActivateExtension vscode.npm, startup: true, activationEvent: 'workspaceContains:package.json'
2025-05-02 07:59:39.842 [info] ExtensionService#_doActivateExtension vscode.git, startup: true, activationEvent: '*'
2025-05-02 07:59:39.901 [info] ExtensionService#_doActivateExtension vscode.github, startup: true, activationEvent: '*'
2025-05-02 07:59:39.969 [info] Eager extensions activated
2025-05-02 07:59:39.983 [info] ExtensionService#_doActivateExtension vscode.debug-auto-launch, startup: false, activationEvent: 'onStartupFinished'
2025-05-02 07:59:39.986 [info] ExtensionService#_doActivateExtension vscode.merge-conflict, startup: false, activationEvent: 'onStartupFinished'
2025-05-02 07:59:40.001 [info] ExtensionService#_doActivateExtension zhuangtongfa.material-theme, startup: false, activationEvent: 'onStartupFinished'
2025-05-02 07:59:40.121 [info] ExtensionService#_doActivateExtension vscode.github-authentication, startup: false, activationEvent: 'onAuthenticationRequest:github'
2025-05-02 07:59:44.970 [info] ExtensionService#_doActivateExtension vscode.configuration-editing, startup: false, activationEvent: 'onLanguage:json'
2025-05-02 07:59:44.976 [info] ExtensionService#_doActivateExtension vscode.extension-editing, startup: false, activationEvent: 'onLanguage:json'
2025-05-02 07:59:44.984 [info] ExtensionService#_doActivateExtension vscode.json-language-features, startup: false, activationEvent: 'onLanguage:json'
