2025-04-18 01:09:00.447 [info] [main] Log level: Info
2025-04-18 01:09:00.447 [info] [main] Validating found git in: "git"
2025-04-18 01:09:00.447 [info] [main] Using git "2.48.1" from "git"
2025-04-18 01:09:00.447 [info] [Model][doInitialScan] Initial repository scan started
2025-04-18 01:09:00.447 [info] > git rev-parse --show-toplevel [4ms]
2025-04-18 01:09:00.447 [info] fatal: not a git repository (or any of the parent directories): .git
2025-04-18 01:09:00.447 [info] > git rev-parse --show-toplevel [3ms]
2025-04-18 01:09:00.447 [info] fatal: not a git repository (or any of the parent directories): .git
2025-04-18 01:09:00.447 [info] > git rev-parse --show-toplevel [1ms]
2025-04-18 01:09:00.447 [info] fatal: not a git repository (or any of the parent directories): .git
2025-04-18 01:09:00.483 [info] > git rev-parse --show-toplevel [31ms]
2025-04-18 01:09:00.483 [info] fatal: not a git repository (or any of the parent directories): .git
2025-04-18 01:09:00.506 [info] > git rev-parse --show-toplevel [6ms]
2025-04-18 01:09:00.506 [info] fatal: not a git repository (or any of the parent directories): .git
2025-04-18 01:09:00.506 [info] [Model][doInitialScan] Initial repository scan completed - repositories (0), closed repositories (0), parent repositories (0), unsafe repositories (0)
2025-04-18 01:09:00.516 [info] > git rev-parse --show-toplevel [1ms]
2025-04-18 01:09:00.517 [info] fatal: not a git repository (or any of the parent directories): .git
2025-04-18 01:09:00.730 [info] > git rev-parse --show-toplevel [2ms]
2025-04-18 01:09:00.730 [info] fatal: not a git repository (or any of the parent directories): .git
2025-04-18 01:09:01.328 [info] > git rev-parse --show-toplevel [3ms]
2025-04-18 01:09:01.328 [info] fatal: not a git repository (or any of the parent directories): .git
2025-04-18 01:09:01.882 [info] > git rev-parse --show-toplevel [1ms]
2025-04-18 01:09:01.882 [info] fatal: not a git repository (or any of the parent directories): .git
2025-04-18 01:10:54.929 [info] > git rev-parse --show-toplevel [1ms]
2025-04-18 01:10:54.929 [info] fatal: not a git repository (or any of the parent directories): .git
2025-04-18 01:11:08.085 [info] > git rev-parse --show-toplevel [1ms]
2025-04-18 01:11:08.085 [info] fatal: not a git repository (or any of the parent directories): .git
2025-04-18 01:11:38.685 [info] > git rev-parse --show-toplevel [1ms]
2025-04-18 01:11:38.685 [info] fatal: not a git repository (or any of the parent directories): .git
