2025-05-03 10:27:07.102 [info] [main] Log level: Info
2025-05-03 10:27:07.102 [info] [main] Validating found git in: "git"
2025-05-03 10:27:07.102 [info] [main] Using git "2.48.1" from "git"
2025-05-03 10:27:07.102 [info] [Model][doInitialScan] Initial repository scan started
2025-05-03 10:27:07.102 [info] > git rev-parse --show-toplevel [3ms]
2025-05-03 10:27:07.102 [info] > git rev-parse --git-dir --git-common-dir [38ms]
2025-05-03 10:27:07.102 [info] [Model][openRepository] Opened repository: /home/felipe/coding/feiradeciencias
2025-05-03 10:27:07.111 [info] > git rev-parse --show-toplevel [3ms]
2025-05-03 10:27:07.111 [info] > git config --get commit.template [6ms]
2025-05-03 10:27:07.121 [info] > git for-each-ref --format=%(refname)%00%(upstream:short)%00%(objectname)%00%(upstream:track)%00%(upstream:remotename)%00%(upstream:remoteref) refs/heads/master refs/remotes/master [2ms]
2025-05-03 10:27:07.121 [info] > git rev-parse --show-toplevel [6ms]
2025-05-03 10:27:07.135 [info] > git status -z -uall [5ms]
2025-05-03 10:27:07.135 [info] > git rev-parse --show-toplevel [10ms]
2025-05-03 10:27:07.139 [info] > git for-each-ref --sort -committerdate --format %(refname) %(objectname) %(*objectname) [5ms]
2025-05-03 10:27:07.155 [info] > git for-each-ref --format=%(refname)%00%(upstream:short)%00%(objectname)%00%(upstream:track)%00%(upstream:remotename)%00%(upstream:remoteref) refs/heads/master refs/remotes/master [4ms]
2025-05-03 10:27:07.159 [info] > git rev-parse --show-toplevel [21ms]
2025-05-03 10:27:07.163 [info] > git config --get --local branch.master.vscode-merge-base [4ms]
2025-05-03 10:27:07.167 [info] > git config --get commit.template [12ms]
2025-05-03 10:27:07.168 [info] > git rev-parse --show-toplevel [5ms]
2025-05-03 10:27:07.168 [info] [Model][doInitialScan] Initial repository scan completed - repositories (1), closed repositories (0), parent repositories (0), unsafe repositories (0)
2025-05-03 10:27:07.185 [info] > git for-each-ref --format=%(refname)%00%(upstream:short)%00%(objectname)%00%(upstream:track)%00%(upstream:remotename)%00%(upstream:remoteref) refs/heads/origin/master refs/remotes/origin/master [18ms]
2025-05-03 10:27:07.192 [info] > git merge-base refs/heads/master refs/remotes/origin/master [4ms]
2025-05-03 10:27:07.196 [info] > git for-each-ref --format=%(refname)%00%(upstream:short)%00%(objectname)%00%(upstream:track)%00%(upstream:remotename)%00%(upstream:remoteref) refs/heads/master refs/remotes/master [12ms]
2025-05-03 10:27:07.199 [info] > git diff --name-status -z --diff-filter=ADMR ec403c753f3bcd6b9624c6deb7ec86d9758ea321...refs/remotes/origin/master [3ms]
2025-05-03 10:27:07.208 [info] > git status -z -uall [5ms]
2025-05-03 10:27:07.208 [info] > git for-each-ref --sort -committerdate --format %(refname) %(objectname) %(*objectname) [2ms]
2025-05-03 10:27:07.532 [info] > git ls-files --stage -- /home/felipe/coding/feiradeciencias/html/error.html [1ms]
2025-05-03 10:27:07.536 [info] > git show --textconv :html/error.html [11ms]
2025-05-03 10:27:07.537 [info] > git cat-file -s c82e52a3bae113b9cd37f12f9a2bcccd5ab44199 [1ms]
2025-05-03 10:27:07.551 [info] > git blame --root --incremental ec403c753f3bcd6b9624c6deb7ec86d9758ea321 -- /home/felipe/coding/feiradeciencias/html/error.html [1ms]
2025-05-03 10:27:07.610 [info] > git check-ignore -v -z --stdin [3ms]
2025-05-03 10:27:41.728 [info] > git config --get commit.template [6ms]
2025-05-03 10:27:41.729 [info] > git for-each-ref --format=%(refname)%00%(upstream:short)%00%(objectname)%00%(upstream:track)%00%(upstream:remotename)%00%(upstream:remoteref) refs/heads/master refs/remotes/master [2ms]
2025-05-03 10:27:41.739 [info] > git for-each-ref --sort -committerdate --format %(refname) %(objectname) %(*objectname) [1ms]
2025-05-03 10:27:41.740 [info] > git status -z -uall [6ms]
2025-05-03 10:27:47.070 [info] > git config --get commit.template [8ms]
2025-05-03 10:27:47.070 [info] > git for-each-ref --format=%(refname)%00%(upstream:short)%00%(objectname)%00%(upstream:track)%00%(upstream:remotename)%00%(upstream:remoteref) refs/heads/master refs/remotes/master [1ms]
2025-05-03 10:27:47.081 [info] > git status -z -uall [5ms]
2025-05-03 10:27:47.082 [info] > git for-each-ref --sort -committerdate --format %(refname) %(objectname) %(*objectname) [2ms]
2025-05-03 10:27:52.089 [info] > git config --get commit.template [1ms]
2025-05-03 10:27:52.094 [info] > git for-each-ref --format=%(refname)%00%(upstream:short)%00%(objectname)%00%(upstream:track)%00%(upstream:remotename)%00%(upstream:remoteref) refs/heads/master refs/remotes/master [2ms]
2025-05-03 10:27:52.103 [info] > git status -z -uall [5ms]
2025-05-03 10:27:52.104 [info] > git for-each-ref --sort -committerdate --format %(refname) %(objectname) %(*objectname) [1ms]
2025-05-03 10:28:50.758 [info] > git config --get commit.template [4ms]
2025-05-03 10:28:50.759 [info] > git for-each-ref --format=%(refname)%00%(upstream:short)%00%(objectname)%00%(upstream:track)%00%(upstream:remotename)%00%(upstream:remoteref) refs/heads/master refs/remotes/master [1ms]
2025-05-03 10:28:50.769 [info] > git status -z -uall [5ms]
2025-05-03 10:28:50.770 [info] > git for-each-ref --sort -committerdate --format %(refname) %(objectname) %(*objectname) [1ms]
2025-05-03 10:28:55.790 [info] > git config --get commit.template [7ms]
2025-05-03 10:28:55.791 [info] > git for-each-ref --format=%(refname)%00%(upstream:short)%00%(objectname)%00%(upstream:track)%00%(upstream:remotename)%00%(upstream:remoteref) refs/heads/master refs/remotes/master [2ms]
2025-05-03 10:28:55.802 [info] > git for-each-ref --sort -committerdate --format %(refname) %(objectname) %(*objectname) [1ms]
2025-05-03 10:28:55.803 [info] > git status -z -uall [6ms]
2025-05-03 10:29:06.003 [info] > git ls-files --stage -- /home/felipe/coding/feiradeciencias/html/index.html [1ms]
2025-05-03 10:29:06.007 [info] > git show --textconv :html/index.html [10ms]
2025-05-03 10:29:06.008 [info] > git cat-file -s 19dc77271a03261c8301041f17cb0d900ad1e9bc [1ms]
2025-05-03 10:29:06.018 [info] > git blame --root --incremental ec403c753f3bcd6b9624c6deb7ec86d9758ea321 -- /home/felipe/coding/feiradeciencias/html/index.html [2ms]
2025-05-03 10:29:13.674 [info] > git show --textconv :html/index.html [7ms]
2025-05-03 10:29:13.675 [info] > git ls-files --stage -- /home/felipe/coding/feiradeciencias/html/index.html [1ms]
2025-05-03 10:29:13.680 [info] > git cat-file -s 19dc77271a03261c8301041f17cb0d900ad1e9bc [1ms]
2025-05-03 10:29:17.390 [info] > git show --textconv :html/error.html [5ms]
2025-05-03 10:29:17.391 [info] > git ls-files --stage -- /home/felipe/coding/feiradeciencias/html/error.html [1ms]
2025-05-03 10:29:17.396 [info] > git cat-file -s c82e52a3bae113b9cd37f12f9a2bcccd5ab44199 [1ms]
2025-05-03 10:29:41.661 [info] > git config --get commit.template [8ms]
2025-05-03 10:29:41.662 [info] > git for-each-ref --format=%(refname)%00%(upstream:short)%00%(objectname)%00%(upstream:track)%00%(upstream:remotename)%00%(upstream:remoteref) refs/heads/master refs/remotes/master [2ms]
2025-05-03 10:29:41.675 [info] > git status -z -uall [9ms]
2025-05-03 10:29:41.675 [info] > git for-each-ref --sort -committerdate --format %(refname) %(objectname) %(*objectname) [1ms]
2025-05-03 10:30:32.086 [info] > git config --get commit.template [2ms]
2025-05-03 10:30:32.091 [info] > git for-each-ref --format=%(refname)%00%(upstream:short)%00%(objectname)%00%(upstream:track)%00%(upstream:remotename)%00%(upstream:remoteref) refs/heads/master refs/remotes/master [1ms]
2025-05-03 10:30:32.100 [info] > git for-each-ref --sort -committerdate --format %(refname) %(objectname) %(*objectname) [1ms]
2025-05-03 10:30:32.101 [info] > git status -z -uall [6ms]
2025-05-03 10:30:47.647 [info] > git config --get commit.template [6ms]
2025-05-03 10:30:47.648 [info] > git for-each-ref --format=%(refname)%00%(upstream:short)%00%(objectname)%00%(upstream:track)%00%(upstream:remotename)%00%(upstream:remoteref) refs/heads/master refs/remotes/master [1ms]
2025-05-03 10:30:47.657 [info] > git status -z -uall [4ms]
2025-05-03 10:30:47.657 [info] > git for-each-ref --sort -committerdate --format %(refname) %(objectname) %(*objectname) [1ms]
2025-05-03 10:31:02.725 [info] > git config --get commit.template [5ms]
2025-05-03 10:31:02.726 [info] > git for-each-ref --format=%(refname)%00%(upstream:short)%00%(objectname)%00%(upstream:track)%00%(upstream:remotename)%00%(upstream:remoteref) refs/heads/master refs/remotes/master [1ms]
2025-05-03 10:31:02.740 [info] > git status -z -uall [5ms]
2025-05-03 10:31:02.741 [info] > git for-each-ref --sort -committerdate --format %(refname) %(objectname) %(*objectname) [1ms]
2025-05-03 10:31:09.324 [info] > git config --get commit.template [4ms]
2025-05-03 10:31:09.325 [info] > git for-each-ref --format=%(refname)%00%(upstream:short)%00%(objectname)%00%(upstream:track)%00%(upstream:remotename)%00%(upstream:remoteref) refs/heads/master refs/remotes/master [1ms]
2025-05-03 10:31:09.333 [info] > git for-each-ref --sort -committerdate --format %(refname) %(objectname) %(*objectname) [1ms]
2025-05-03 10:31:09.333 [info] > git status -z -uall [5ms]
2025-05-03 10:31:23.444 [info] > git config --get commit.template [4ms]
2025-05-03 10:31:23.445 [info] > git for-each-ref --format=%(refname)%00%(upstream:short)%00%(objectname)%00%(upstream:track)%00%(upstream:remotename)%00%(upstream:remoteref) refs/heads/master refs/remotes/master [2ms]
2025-05-03 10:31:23.454 [info] > git status -z -uall [4ms]
2025-05-03 10:31:23.454 [info] > git for-each-ref --sort -committerdate --format %(refname) %(objectname) %(*objectname) [1ms]
2025-05-03 10:31:28.480 [info] > git config --get commit.template [10ms]
2025-05-03 10:31:28.482 [info] > git for-each-ref --format=%(refname)%00%(upstream:short)%00%(objectname)%00%(upstream:track)%00%(upstream:remotename)%00%(upstream:remoteref) refs/heads/master refs/remotes/master [2ms]
2025-05-03 10:31:28.491 [info] > git status -z -uall [4ms]
2025-05-03 10:31:28.492 [info] > git for-each-ref --sort -committerdate --format %(refname) %(objectname) %(*objectname) [1ms]
2025-05-03 10:31:33.506 [info] > git config --get commit.template [2ms]
2025-05-03 10:31:33.515 [info] > git for-each-ref --format=%(refname)%00%(upstream:short)%00%(objectname)%00%(upstream:track)%00%(upstream:remotename)%00%(upstream:remoteref) refs/heads/master refs/remotes/master [3ms]
2025-05-03 10:31:33.532 [info] > git status -z -uall [8ms]
2025-05-03 10:31:33.534 [info] > git for-each-ref --sort -committerdate --format %(refname) %(objectname) %(*objectname) [2ms]
2025-05-03 10:31:38.557 [info] > git config --get commit.template [6ms]
2025-05-03 10:31:38.559 [info] > git for-each-ref --format=%(refname)%00%(upstream:short)%00%(objectname)%00%(upstream:track)%00%(upstream:remotename)%00%(upstream:remoteref) refs/heads/master refs/remotes/master [2ms]
2025-05-03 10:31:38.570 [info] > git status -z -uall [6ms]
2025-05-03 10:31:38.570 [info] > git for-each-ref --sort -committerdate --format %(refname) %(objectname) %(*objectname) [1ms]
2025-05-03 10:31:44.584 [info] > git config --get commit.template [8ms]
2025-05-03 10:31:44.584 [info] > git for-each-ref --format=%(refname)%00%(upstream:short)%00%(objectname)%00%(upstream:track)%00%(upstream:remotename)%00%(upstream:remoteref) refs/heads/master refs/remotes/master [1ms]
2025-05-03 10:31:44.593 [info] > git status -z -uall [5ms]
2025-05-03 10:31:44.594 [info] > git for-each-ref --sort -committerdate --format %(refname) %(objectname) %(*objectname) [1ms]
2025-05-03 10:31:47.894 [info] > git show --textconv :html/error.html [7ms]
2025-05-03 10:31:47.895 [info] > git ls-files --stage -- /home/felipe/coding/feiradeciencias/html/error.html [2ms]
2025-05-03 10:31:47.900 [info] > git cat-file -s c82e52a3bae113b9cd37f12f9a2bcccd5ab44199 [2ms]
2025-05-03 10:32:06.001 [info] > git config --get commit.template [8ms]
2025-05-03 10:32:06.002 [info] > git for-each-ref --format=%(refname)%00%(upstream:short)%00%(objectname)%00%(upstream:track)%00%(upstream:remotename)%00%(upstream:remoteref) refs/heads/master refs/remotes/master [2ms]
2025-05-03 10:32:06.013 [info] > git for-each-ref --sort -committerdate --format %(refname) %(objectname) %(*objectname) [1ms]
2025-05-03 10:32:06.015 [info] > git status -z -uall [8ms]
2025-05-03 10:32:22.263 [info] > git config --get commit.template [1ms]
2025-05-03 10:32:22.268 [info] > git for-each-ref --format=%(refname)%00%(upstream:short)%00%(objectname)%00%(upstream:track)%00%(upstream:remotename)%00%(upstream:remoteref) refs/heads/master refs/remotes/master [1ms]
2025-05-03 10:32:22.277 [info] > git status -z -uall [5ms]
2025-05-03 10:32:22.277 [info] > git for-each-ref --sort -committerdate --format %(refname) %(objectname) %(*objectname) [1ms]
2025-05-03 10:32:27.293 [info] > git config --get commit.template [2ms]
2025-05-03 10:32:27.301 [info] > git for-each-ref --format=%(refname)%00%(upstream:short)%00%(objectname)%00%(upstream:track)%00%(upstream:remotename)%00%(upstream:remoteref) refs/heads/master refs/remotes/master [1ms]
2025-05-03 10:32:27.311 [info] > git status -z -uall [5ms]
2025-05-03 10:32:27.312 [info] > git for-each-ref --sort -committerdate --format %(refname) %(objectname) %(*objectname) [1ms]
2025-05-03 10:32:32.329 [info] > git config --get commit.template [0ms]
2025-05-03 10:32:32.336 [info] > git for-each-ref --format=%(refname)%00%(upstream:short)%00%(objectname)%00%(upstream:track)%00%(upstream:remotename)%00%(upstream:remoteref) refs/heads/master refs/remotes/master [1ms]
2025-05-03 10:32:32.346 [info] > git status -z -uall [5ms]
2025-05-03 10:32:32.346 [info] > git for-each-ref --sort -committerdate --format %(refname) %(objectname) %(*objectname) [1ms]
2025-05-03 10:32:42.889 [info] > git config --get commit.template [7ms]
2025-05-03 10:32:42.890 [info] > git for-each-ref --format=%(refname)%00%(upstream:short)%00%(objectname)%00%(upstream:track)%00%(upstream:remotename)%00%(upstream:remoteref) refs/heads/master refs/remotes/master [1ms]
2025-05-03 10:32:42.900 [info] > git status -z -uall [6ms]
2025-05-03 10:32:42.901 [info] > git for-each-ref --sort -committerdate --format %(refname) %(objectname) %(*objectname) [2ms]
2025-05-03 10:32:55.791 [info] > git config --get commit.template [5ms]
2025-05-03 10:32:55.792 [info] > git for-each-ref --format=%(refname)%00%(upstream:short)%00%(objectname)%00%(upstream:track)%00%(upstream:remotename)%00%(upstream:remoteref) refs/heads/master refs/remotes/master [1ms]
2025-05-03 10:32:55.801 [info] > git for-each-ref --sort -committerdate --format %(refname) %(objectname) %(*objectname) [1ms]
2025-05-03 10:32:55.801 [info] > git status -z -uall [5ms]
2025-05-03 10:33:28.745 [info] > git config --get commit.template [5ms]
2025-05-03 10:33:28.745 [info] > git for-each-ref --format=%(refname)%00%(upstream:short)%00%(objectname)%00%(upstream:track)%00%(upstream:remotename)%00%(upstream:remoteref) refs/heads/master refs/remotes/master [0ms]
2025-05-03 10:33:28.756 [info] > git status -z -uall [5ms]
2025-05-03 10:33:28.757 [info] > git for-each-ref --sort -committerdate --format %(refname) %(objectname) %(*objectname) [2ms]
2025-05-03 10:33:39.762 [info] > git config --get commit.template [6ms]
2025-05-03 10:33:39.762 [info] > git for-each-ref --format=%(refname)%00%(upstream:short)%00%(objectname)%00%(upstream:track)%00%(upstream:remotename)%00%(upstream:remoteref) refs/heads/master refs/remotes/master [1ms]
2025-05-03 10:33:39.776 [info] > git status -z -uall [7ms]
2025-05-03 10:33:39.776 [info] > git for-each-ref --sort -committerdate --format %(refname) %(objectname) %(*objectname) [1ms]
2025-05-03 10:33:47.049 [info] > git config --get commit.template [6ms]
2025-05-03 10:33:47.050 [info] > git for-each-ref --format=%(refname)%00%(upstream:short)%00%(objectname)%00%(upstream:track)%00%(upstream:remotename)%00%(upstream:remoteref) refs/heads/master refs/remotes/master [1ms]
2025-05-03 10:33:47.061 [info] > git status -z -uall [6ms]
2025-05-03 10:33:47.062 [info] > git for-each-ref --sort -committerdate --format %(refname) %(objectname) %(*objectname) [2ms]
2025-05-03 10:34:04.536 [info] > git config --get commit.template [7ms]
2025-05-03 10:34:04.536 [info] > git for-each-ref --format=%(refname)%00%(upstream:short)%00%(objectname)%00%(upstream:track)%00%(upstream:remotename)%00%(upstream:remoteref) refs/heads/master refs/remotes/master [1ms]
2025-05-03 10:34:04.546 [info] > git status -z -uall [5ms]
2025-05-03 10:34:04.547 [info] > git for-each-ref --sort -committerdate --format %(refname) %(objectname) %(*objectname) [2ms]
2025-05-03 10:34:21.492 [info] > git config --get commit.template [8ms]
2025-05-03 10:34:21.492 [info] > git for-each-ref --format=%(refname)%00%(upstream:short)%00%(objectname)%00%(upstream:track)%00%(upstream:remotename)%00%(upstream:remoteref) refs/heads/master refs/remotes/master [1ms]
2025-05-03 10:34:21.502 [info] > git for-each-ref --sort -committerdate --format %(refname) %(objectname) %(*objectname) [1ms]
2025-05-03 10:34:21.503 [info] > git status -z -uall [6ms]
2025-05-03 10:35:00.024 [info] > git config --get commit.template [5ms]
2025-05-03 10:35:00.024 [info] > git for-each-ref --format=%(refname)%00%(upstream:short)%00%(objectname)%00%(upstream:track)%00%(upstream:remotename)%00%(upstream:remoteref) refs/heads/master refs/remotes/master [1ms]
2025-05-03 10:35:00.038 [info] > git status -z -uall [8ms]
2025-05-03 10:35:00.039 [info] > git for-each-ref --sort -committerdate --format %(refname) %(objectname) %(*objectname) [2ms]
2025-05-03 10:35:08.076 [info] > git show --textconv :views/home.ejs [7ms]
2025-05-03 10:35:08.076 [info] > git ls-files --stage -- /home/felipe/coding/feiradeciencias/views/home.ejs [2ms]
2025-05-03 10:35:08.083 [info] > git cat-file -s 9945f74c7c494df055fe2afbe51dc3deebf055db [1ms]
2025-05-03 10:35:08.100 [info] > git blame --root --incremental ec403c753f3bcd6b9624c6deb7ec86d9758ea321 -- /home/felipe/coding/feiradeciencias/views/home.ejs [1ms]
2025-05-03 10:36:15.331 [info] > git config --get commit.template [9ms]
2025-05-03 10:36:15.331 [info] > git for-each-ref --format=%(refname)%00%(upstream:short)%00%(objectname)%00%(upstream:track)%00%(upstream:remotename)%00%(upstream:remoteref) refs/heads/master refs/remotes/master [1ms]
2025-05-03 10:36:15.342 [info] > git status -z -uall [5ms]
2025-05-03 10:36:15.342 [info] > git for-each-ref --sort -committerdate --format %(refname) %(objectname) %(*objectname) [1ms]
2025-05-03 10:37:02.700 [info] > git show --textconv :static/style.css [7ms]
2025-05-03 10:37:02.701 [info] > git ls-files --stage -- /home/felipe/coding/feiradeciencias/static/style.css [3ms]
2025-05-03 10:37:02.708 [info] > git cat-file -s 494e1195155e5d6dd026355f59b60ab589903cb2 [2ms]
2025-05-03 10:37:02.719 [info] > git blame --root --incremental ec403c753f3bcd6b9624c6deb7ec86d9758ea321 -- /home/felipe/coding/feiradeciencias/static/style.css [3ms]
2025-05-03 10:37:13.380 [info] > git config --get commit.template [8ms]
2025-05-03 10:37:13.380 [info] > git for-each-ref --format=%(refname)%00%(upstream:short)%00%(objectname)%00%(upstream:track)%00%(upstream:remotename)%00%(upstream:remoteref) refs/heads/master refs/remotes/master [1ms]
2025-05-03 10:37:13.390 [info] > git status -z -uall [5ms]
2025-05-03 10:37:13.391 [info] > git for-each-ref --sort -committerdate --format %(refname) %(objectname) %(*objectname) [2ms]
2025-05-03 10:39:18.898 [info] > git config --get commit.template [14ms]
2025-05-03 10:39:18.899 [info] > git for-each-ref --format=%(refname)%00%(upstream:short)%00%(objectname)%00%(upstream:track)%00%(upstream:remotename)%00%(upstream:remoteref) refs/heads/master refs/remotes/master [4ms]
2025-05-03 10:39:18.910 [info] > git status -z -uall [7ms]
2025-05-03 10:39:18.911 [info] > git for-each-ref --sort -committerdate --format %(refname) %(objectname) %(*objectname) [2ms]
2025-05-03 10:39:23.923 [info] > git config --get commit.template [5ms]
2025-05-03 10:39:23.924 [info] > git for-each-ref --format=%(refname)%00%(upstream:short)%00%(objectname)%00%(upstream:track)%00%(upstream:remotename)%00%(upstream:remoteref) refs/heads/master refs/remotes/master [2ms]
2025-05-03 10:39:23.933 [info] > git status -z -uall [5ms]
2025-05-03 10:39:23.933 [info] > git for-each-ref --sort -committerdate --format %(refname) %(objectname) %(*objectname) [1ms]
2025-05-03 10:39:40.444 [info] > git config --get commit.template [8ms]
2025-05-03 10:39:40.445 [info] > git for-each-ref --format=%(refname)%00%(upstream:short)%00%(objectname)%00%(upstream:track)%00%(upstream:remotename)%00%(upstream:remoteref) refs/heads/master refs/remotes/master [1ms]
2025-05-03 10:39:40.456 [info] > git status -z -uall [6ms]
2025-05-03 10:39:40.456 [info] > git for-each-ref --sort -committerdate --format %(refname) %(objectname) %(*objectname) [1ms]
2025-05-03 10:39:42.041 [info] > git show --textconv :static/style.css [9ms]
2025-05-03 10:39:42.042 [info] > git ls-files --stage -- /home/felipe/coding/feiradeciencias/static/style.css [1ms]
2025-05-03 10:39:42.050 [info] > git cat-file -s 494e1195155e5d6dd026355f59b60ab589903cb2 [2ms]
2025-05-03 10:39:42.619 [info] > git show --textconv :views/home.ejs [9ms]
2025-05-03 10:39:42.620 [info] > git ls-files --stage -- /home/felipe/coding/feiradeciencias/views/home.ejs [1ms]
2025-05-03 10:39:42.626 [info] > git cat-file -s 9945f74c7c494df055fe2afbe51dc3deebf055db [2ms]
2025-05-03 10:39:52.680 [info] > git config --get commit.template [5ms]
2025-05-03 10:39:52.681 [info] > git for-each-ref --format=%(refname)%00%(upstream:short)%00%(objectname)%00%(upstream:track)%00%(upstream:remotename)%00%(upstream:remoteref) refs/heads/master refs/remotes/master [1ms]
2025-05-03 10:39:52.691 [info] > git status -z -uall [5ms]
2025-05-03 10:39:52.692 [info] > git for-each-ref --sort -committerdate --format %(refname) %(objectname) %(*objectname) [1ms]
2025-05-03 10:40:02.131 [info] > git config --get commit.template [5ms]
2025-05-03 10:40:02.132 [info] > git for-each-ref --format=%(refname)%00%(upstream:short)%00%(objectname)%00%(upstream:track)%00%(upstream:remotename)%00%(upstream:remoteref) refs/heads/master refs/remotes/master [1ms]
2025-05-03 10:40:02.143 [info] > git status -z -uall [5ms]
2025-05-03 10:40:02.144 [info] > git for-each-ref --sort -committerdate --format %(refname) %(objectname) %(*objectname) [0ms]
2025-05-03 10:40:08.848 [info] > git config --get commit.template [4ms]
2025-05-03 10:40:08.848 [info] > git for-each-ref --format=%(refname)%00%(upstream:short)%00%(objectname)%00%(upstream:track)%00%(upstream:remotename)%00%(upstream:remoteref) refs/heads/master refs/remotes/master [1ms]
2025-05-03 10:40:08.858 [info] > git status -z -uall [5ms]
2025-05-03 10:40:08.858 [info] > git for-each-ref --sort -committerdate --format %(refname) %(objectname) %(*objectname) [1ms]
2025-05-03 10:40:13.871 [info] > git config --get commit.template [6ms]
2025-05-03 10:40:13.872 [info] > git for-each-ref --format=%(refname)%00%(upstream:short)%00%(objectname)%00%(upstream:track)%00%(upstream:remotename)%00%(upstream:remoteref) refs/heads/master refs/remotes/master [1ms]
2025-05-03 10:40:13.882 [info] > git status -z -uall [5ms]
2025-05-03 10:40:13.883 [info] > git for-each-ref --sort -committerdate --format %(refname) %(objectname) %(*objectname) [1ms]
2025-05-03 10:40:15.774 [info] > git show --textconv :static/style.css [5ms]
2025-05-03 10:40:15.775 [info] > git ls-files --stage -- /home/felipe/coding/feiradeciencias/static/style.css [2ms]
2025-05-03 10:40:15.780 [info] > git cat-file -s 494e1195155e5d6dd026355f59b60ab589903cb2 [1ms]
2025-05-03 10:40:25.738 [info] > git config --get commit.template [5ms]
2025-05-03 10:40:25.738 [info] > git for-each-ref --format=%(refname)%00%(upstream:short)%00%(objectname)%00%(upstream:track)%00%(upstream:remotename)%00%(upstream:remoteref) refs/heads/master refs/remotes/master [1ms]
2025-05-03 10:40:25.749 [info] > git status -z -uall [5ms]
2025-05-03 10:40:25.750 [info] > git for-each-ref --sort -committerdate --format %(refname) %(objectname) %(*objectname) [1ms]
2025-05-03 10:40:34.079 [info] > git config --get commit.template [7ms]
2025-05-03 10:40:34.080 [info] > git for-each-ref --format=%(refname)%00%(upstream:short)%00%(objectname)%00%(upstream:track)%00%(upstream:remotename)%00%(upstream:remoteref) refs/heads/master refs/remotes/master [1ms]
2025-05-03 10:40:34.092 [info] > git status -z -uall [7ms]
2025-05-03 10:40:34.093 [info] > git for-each-ref --sort -committerdate --format %(refname) %(objectname) %(*objectname) [1ms]
2025-05-03 10:40:39.117 [info] > git config --get commit.template [10ms]
2025-05-03 10:40:39.118 [info] > git for-each-ref --format=%(refname)%00%(upstream:short)%00%(objectname)%00%(upstream:track)%00%(upstream:remotename)%00%(upstream:remoteref) refs/heads/master refs/remotes/master [2ms]
2025-05-03 10:40:39.130 [info] > git status -z -uall [6ms]
2025-05-03 10:40:39.131 [info] > git for-each-ref --sort -committerdate --format %(refname) %(objectname) %(*objectname) [1ms]
2025-05-03 10:40:53.929 [info] > git config --get commit.template [2ms]
2025-05-03 10:40:53.939 [info] > git for-each-ref --format=%(refname)%00%(upstream:short)%00%(objectname)%00%(upstream:track)%00%(upstream:remotename)%00%(upstream:remoteref) refs/heads/master refs/remotes/master [2ms]
2025-05-03 10:40:53.952 [info] > git status -z -uall [8ms]
2025-05-03 10:40:53.953 [info] > git for-each-ref --sort -committerdate --format %(refname) %(objectname) %(*objectname) [2ms]
2025-05-03 10:40:58.966 [info] > git config --get commit.template [0ms]
2025-05-03 10:40:58.971 [info] > git for-each-ref --format=%(refname)%00%(upstream:short)%00%(objectname)%00%(upstream:track)%00%(upstream:remotename)%00%(upstream:remoteref) refs/heads/master refs/remotes/master [0ms]
2025-05-03 10:40:58.980 [info] > git status -z -uall [4ms]
2025-05-03 10:40:58.982 [info] > git for-each-ref --sort -committerdate --format %(refname) %(objectname) %(*objectname) [2ms]
2025-05-03 10:41:03.990 [info] > git config --get commit.template [1ms]
2025-05-03 10:41:03.995 [info] > git for-each-ref --format=%(refname)%00%(upstream:short)%00%(objectname)%00%(upstream:track)%00%(upstream:remotename)%00%(upstream:remoteref) refs/heads/master refs/remotes/master [1ms]
2025-05-03 10:41:04.004 [info] > git status -z -uall [5ms]
2025-05-03 10:41:04.004 [info] > git for-each-ref --sort -committerdate --format %(refname) %(objectname) %(*objectname) [1ms]
2025-05-03 10:41:43.347 [info] > git config --get commit.template [11ms]
2025-05-03 10:41:43.348 [info] > git for-each-ref --format=%(refname)%00%(upstream:short)%00%(objectname)%00%(upstream:track)%00%(upstream:remotename)%00%(upstream:remoteref) refs/heads/master refs/remotes/master [2ms]
2025-05-03 10:41:43.363 [info] > git status -z -uall [7ms]
2025-05-03 10:41:43.363 [info] > git for-each-ref --sort -committerdate --format %(refname) %(objectname) %(*objectname) [2ms]
2025-05-03 10:41:53.606 [info] > git config --get commit.template [8ms]
2025-05-03 10:41:53.607 [info] > git for-each-ref --format=%(refname)%00%(upstream:short)%00%(objectname)%00%(upstream:track)%00%(upstream:remotename)%00%(upstream:remoteref) refs/heads/master refs/remotes/master [2ms]
2025-05-03 10:41:53.616 [info] > git status -z -uall [4ms]
2025-05-03 10:41:53.617 [info] > git for-each-ref --sort -committerdate --format %(refname) %(objectname) %(*objectname) [1ms]
2025-05-03 10:42:06.696 [info] > git for-each-ref --format=%(refname)%00%(upstream:short)%00%(objectname)%00%(upstream:track)%00%(upstream:remotename)%00%(upstream:remoteref) refs/heads/master refs/remotes/master [2ms]
2025-05-03 10:42:06.696 [info] > git config --get commit.template [9ms]
2025-05-03 10:42:06.707 [info] > git for-each-ref --sort -committerdate --format %(refname) %(objectname) %(*objectname) [0ms]
2025-05-03 10:42:06.708 [info] > git status -z -uall [7ms]
2025-05-03 10:42:07.704 [info] > git show --textconv :views/home.ejs [6ms]
2025-05-03 10:42:07.705 [info] > git ls-files --stage -- /home/felipe/coding/feiradeciencias/views/home.ejs [2ms]
2025-05-03 10:42:07.711 [info] > git cat-file -s 9945f74c7c494df055fe2afbe51dc3deebf055db [1ms]
2025-05-03 10:42:26.082 [info] > git config --get commit.template [6ms]
2025-05-03 10:42:26.082 [info] > git for-each-ref --format=%(refname)%00%(upstream:short)%00%(objectname)%00%(upstream:track)%00%(upstream:remotename)%00%(upstream:remoteref) refs/heads/master refs/remotes/master [1ms]
2025-05-03 10:42:26.092 [info] > git status -z -uall [5ms]
2025-05-03 10:42:26.093 [info] > git for-each-ref --sort -committerdate --format %(refname) %(objectname) %(*objectname) [1ms]
2025-05-03 10:42:28.053 [info] > git show --textconv :views/home.ejs [5ms]
2025-05-03 10:42:28.054 [info] > git ls-files --stage -- /home/felipe/coding/feiradeciencias/views/home.ejs [1ms]
2025-05-03 10:42:28.060 [info] > git cat-file -s 9945f74c7c494df055fe2afbe51dc3deebf055db [1ms]
2025-05-03 10:42:28.589 [info] > git show --textconv :static/style.css [7ms]
2025-05-03 10:42:28.590 [info] > git ls-files --stage -- /home/felipe/coding/feiradeciencias/static/style.css [2ms]
2025-05-03 10:42:28.596 [info] > git cat-file -s 494e1195155e5d6dd026355f59b60ab589903cb2 [1ms]
2025-05-03 10:56:19.892 [info] > git config --get commit.template [1ms]
2025-05-03 10:56:19.902 [info] > git for-each-ref --format=%(refname)%00%(upstream:short)%00%(objectname)%00%(upstream:track)%00%(upstream:remotename)%00%(upstream:remoteref) refs/heads/master refs/remotes/master [1ms]
2025-05-03 10:56:19.913 [info] > git status -z -uall [6ms]
2025-05-03 10:56:19.915 [info] > git for-each-ref --sort -committerdate --format %(refname) %(objectname) %(*objectname) [2ms]
2025-05-03 10:56:26.610 [info] > git config --get commit.template [5ms]
2025-05-03 10:56:26.611 [info] > git for-each-ref --format=%(refname)%00%(upstream:short)%00%(objectname)%00%(upstream:track)%00%(upstream:remotename)%00%(upstream:remoteref) refs/heads/master refs/remotes/master [1ms]
2025-05-03 10:56:26.621 [info] > git status -z -uall [6ms]
2025-05-03 10:56:26.621 [info] > git for-each-ref --sort -committerdate --format %(refname) %(objectname) %(*objectname) [1ms]
2025-05-03 10:56:26.961 [info] > git show --textconv :static/info.css [21ms]
2025-05-03 10:56:26.961 [info] > git show --textconv HEAD:static/info.css [13ms]
2025-05-03 10:56:26.961 [info] > git ls-files --stage -- /home/felipe/coding/feiradeciencias/static/info.css [6ms]
2025-05-03 10:56:26.973 [info] > git cat-file -s 0fc4fcec7316ec8845ba56bd9fe491c5c6ccadfe [6ms]
2025-05-03 10:56:26.973 [info] > git ls-tree -l HEAD -- /home/felipe/coding/feiradeciencias/static/info.css [13ms]
2025-05-03 10:56:26.978 [info] > git hash-object -t tree /dev/null [5ms]
2025-05-03 10:56:26.978 [warning] [GitFileSystemProvider][readFile] File not found - git:/home/felipe/coding/feiradeciencias/static/info.css.git?%7B%22path%22%3A%22%2Fhome%2Ffelipe%2Fcoding%2Ffeiradeciencias%2Fstatic%2Finfo.css%22%2C%22ref%22%3A%22HEAD%22%7D
2025-05-03 10:56:26.979 [info] > git hash-object -t tree /dev/null [2ms]
2025-05-03 10:56:26.979 [warning] [GitFileSystemProvider][stat] File not found - git:/home/felipe/coding/feiradeciencias/static/info.css.git?%7B%22path%22%3A%22%2Fhome%2Ffelipe%2Fcoding%2Ffeiradeciencias%2Fstatic%2Finfo.css%22%2C%22ref%22%3A%22HEAD%22%7D
2025-05-03 10:56:27.013 [info] > git blame --root --incremental ec403c753f3bcd6b9624c6deb7ec86d9758ea321 -- /home/felipe/coding/feiradeciencias/static/info.css [1ms]
2025-05-03 10:56:27.013 [info] fatal: no such path static/info.css in ec403c753f3bcd6b9624c6deb7ec86d9758ea321
2025-05-03 10:56:27.664 [info] > git config --get commit.template [8ms]
2025-05-03 10:56:27.664 [info] > git for-each-ref --format=%(refname)%00%(upstream:short)%00%(objectname)%00%(upstream:track)%00%(upstream:remotename)%00%(upstream:remoteref) refs/heads/master refs/remotes/master [0ms]
2025-05-03 10:56:27.674 [info] > git status -z -uall [5ms]
2025-05-03 10:56:27.675 [info] > git for-each-ref --sort -committerdate --format %(refname) %(objectname) %(*objectname) [2ms]
2025-05-03 10:56:27.763 [info] > git ls-files --stage -- /home/felipe/coding/feiradeciencias/static/info.css [1ms]
2025-05-03 10:56:27.772 [info] > git cat-file -s 0fc4fcec7316ec8845ba56bd9fe491c5c6ccadfe [1ms]
2025-05-03 10:56:27.781 [info] > git show --textconv :static/info.css [2ms]
2025-05-03 10:56:43.117 [info] > git config --get commit.template [1ms]
2025-05-03 10:56:43.123 [info] > git for-each-ref --format=%(refname)%00%(upstream:short)%00%(objectname)%00%(upstream:track)%00%(upstream:remotename)%00%(upstream:remoteref) refs/heads/master refs/remotes/master [1ms]
2025-05-03 10:56:43.132 [info] > git status -z -uall [5ms]
2025-05-03 10:56:43.133 [info] > git for-each-ref --sort -committerdate --format %(refname) %(objectname) %(*objectname) [2ms]
2025-05-03 10:56:43.144 [info] > git blame --root --incremental c68b8e2e50daccf80a979dfa103774447e0bf178 -- /home/felipe/coding/feiradeciencias/static/info.css [5ms]
2025-05-03 10:56:43.144 [info] > git merge-base refs/heads/master refs/remotes/origin/master [1ms]
2025-05-03 10:56:43.150 [info] > git diff --name-status -z --diff-filter=ADMR ec403c753f3bcd6b9624c6deb7ec86d9758ea321...refs/remotes/origin/master [2ms]
2025-05-03 10:56:44.182 [info] > git config --get commit.template [5ms]
2025-05-03 10:56:44.183 [info] > git for-each-ref --format=%(refname)%00%(upstream:short)%00%(objectname)%00%(upstream:track)%00%(upstream:remotename)%00%(upstream:remoteref) refs/heads/master refs/remotes/master [1ms]
2025-05-03 10:56:44.193 [info] > git status -z -uall [5ms]
2025-05-03 10:56:44.193 [info] > git for-each-ref --sort -committerdate --format %(refname) %(objectname) %(*objectname) [1ms]
2025-05-03 10:56:44.288 [info] > git ls-files --stage -- /home/felipe/coding/feiradeciencias/static/info.css [2ms]
2025-05-03 10:56:44.296 [info] > git cat-file -s 0fc4fcec7316ec8845ba56bd9fe491c5c6ccadfe [1ms]
2025-05-03 10:56:44.305 [info] > git show --textconv :static/info.css [2ms]
2025-05-03 10:56:49.098 [info] > git config --get commit.template [5ms]
2025-05-03 10:56:49.099 [info] > git for-each-ref --format=%(refname)%00%(upstream:short)%00%(objectname)%00%(upstream:track)%00%(upstream:remotename)%00%(upstream:remoteref) refs/heads/master refs/remotes/master [1ms]
2025-05-03 10:56:49.107 [info] > git status -z -uall [4ms]
2025-05-03 10:56:49.108 [info] > git for-each-ref --sort -committerdate --format %(refname) %(objectname) %(*objectname) [1ms]
2025-05-03 10:56:49.115 [info] > git merge-base refs/heads/master refs/remotes/origin/master [1ms]
2025-05-03 10:56:49.120 [info] > git diff --name-status -z --diff-filter=ADMR c68b8e2e50daccf80a979dfa103774447e0bf178...refs/remotes/origin/master [0ms]
2025-05-03 10:56:50.138 [info] > git config --get commit.template [6ms]
2025-05-03 10:56:50.138 [info] > git for-each-ref --format=%(refname)%00%(upstream:short)%00%(objectname)%00%(upstream:track)%00%(upstream:remotename)%00%(upstream:remoteref) refs/heads/master refs/remotes/master [1ms]
2025-05-03 10:56:50.147 [info] > git status -z -uall [5ms]
2025-05-03 10:56:50.148 [info] > git for-each-ref --sort -committerdate --format %(refname) %(objectname) %(*objectname) [1ms]
2025-05-03 10:56:50.239 [info] > git ls-files --stage -- /home/felipe/coding/feiradeciencias/static/info.css [4ms]
2025-05-03 10:56:50.247 [info] > git cat-file -s 0fc4fcec7316ec8845ba56bd9fe491c5c6ccadfe [1ms]
2025-05-03 10:56:50.255 [info] > git show --textconv :static/info.css [2ms]
2025-05-03 11:01:21.859 [info] > git config --get commit.template [5ms]
2025-05-03 11:01:21.860 [info] > git for-each-ref --format=%(refname)%00%(upstream:short)%00%(objectname)%00%(upstream:track)%00%(upstream:remotename)%00%(upstream:remoteref) refs/heads/master refs/remotes/master [1ms]
2025-05-03 11:01:21.871 [info] > git status -z -uall [7ms]
2025-05-03 11:01:21.872 [info] > git for-each-ref --sort -committerdate --format %(refname) %(objectname) %(*objectname) [1ms]
2025-05-03 11:01:25.281 [info] > git show --textconv :html/error.html [7ms]
2025-05-03 11:01:25.281 [info] > git ls-files --stage -- /home/felipe/coding/feiradeciencias/html/error.html [1ms]
2025-05-03 11:01:25.288 [info] > git cat-file -s 12182720357d7b469aa5211de986fc26ad6d0f52 [2ms]
2025-05-03 11:01:25.300 [info] > git blame --root --incremental c68b8e2e50daccf80a979dfa103774447e0bf178 -- /home/felipe/coding/feiradeciencias/html/error.html [2ms]
2025-05-03 11:01:26.892 [info] > git config --get commit.template [7ms]
2025-05-03 11:01:26.893 [info] > git for-each-ref --format=%(refname)%00%(upstream:short)%00%(objectname)%00%(upstream:track)%00%(upstream:remotename)%00%(upstream:remoteref) refs/heads/master refs/remotes/master [2ms]
2025-05-03 11:01:26.906 [info] > git status -z -uall [7ms]
2025-05-03 11:01:26.907 [info] > git for-each-ref --sort -committerdate --format %(refname) %(objectname) %(*objectname) [2ms]
2025-05-03 11:01:34.816 [info] > git show --textconv :views/home.ejs [7ms]
2025-05-03 11:01:34.817 [info] > git ls-files --stage -- /home/felipe/coding/feiradeciencias/views/home.ejs [2ms]
2025-05-03 11:01:34.822 [info] > git cat-file -s f078fd1d4b3a08e1b256b15b0de55caf67bfe639 [1ms]
2025-05-03 11:01:34.831 [info] > git blame --root --incremental c68b8e2e50daccf80a979dfa103774447e0bf178 -- /home/felipe/coding/feiradeciencias/views/home.ejs [1ms]
2025-05-03 11:02:50.357 [info] > git config --get commit.template [5ms]
2025-05-03 11:02:50.358 [info] > git for-each-ref --format=%(refname)%00%(upstream:short)%00%(objectname)%00%(upstream:track)%00%(upstream:remotename)%00%(upstream:remoteref) refs/heads/master refs/remotes/master [1ms]
2025-05-03 11:02:50.368 [info] > git status -z -uall [6ms]
2025-05-03 11:02:50.368 [info] > git for-each-ref --sort -committerdate --format %(refname) %(objectname) %(*objectname) [1ms]
2025-05-03 11:02:55.381 [info] > git config --get commit.template [5ms]
2025-05-03 11:02:55.381 [info] > git for-each-ref --format=%(refname)%00%(upstream:short)%00%(objectname)%00%(upstream:track)%00%(upstream:remotename)%00%(upstream:remoteref) refs/heads/master refs/remotes/master [1ms]
2025-05-03 11:02:55.391 [info] > git status -z -uall [4ms]
2025-05-03 11:02:55.391 [info] > git for-each-ref --sort -committerdate --format %(refname) %(objectname) %(*objectname) [1ms]
2025-05-03 11:03:42.072 [info] > git config --get commit.template [5ms]
2025-05-03 11:03:42.073 [info] > git for-each-ref --format=%(refname)%00%(upstream:short)%00%(objectname)%00%(upstream:track)%00%(upstream:remotename)%00%(upstream:remoteref) refs/heads/master refs/remotes/master [1ms]
2025-05-03 11:03:42.084 [info] > git status -z -uall [7ms]
2025-05-03 11:03:42.085 [info] > git for-each-ref --sort -committerdate --format %(refname) %(objectname) %(*objectname) [1ms]
2025-05-03 11:03:47.099 [info] > git config --get commit.template [6ms]
2025-05-03 11:03:47.099 [info] > git for-each-ref --format=%(refname)%00%(upstream:short)%00%(objectname)%00%(upstream:track)%00%(upstream:remotename)%00%(upstream:remoteref) refs/heads/master refs/remotes/master [2ms]
2025-05-03 11:03:47.109 [info] > git for-each-ref --sort -committerdate --format %(refname) %(objectname) %(*objectname) [1ms]
2025-05-03 11:03:47.110 [info] > git status -z -uall [6ms]
2025-05-03 11:03:47.221 [info] > git show --textconv :static/home.css [5ms]
2025-05-03 11:03:47.222 [info] > git ls-files --stage -- /home/felipe/coding/feiradeciencias/static/home.css [1ms]
2025-05-03 11:03:47.228 [info] > git cat-file -s 54635b7cbcb7f33203a4b822be6a8bac455eb0de [1ms]
2025-05-03 11:03:47.237 [info] > git blame --root --incremental c68b8e2e50daccf80a979dfa103774447e0bf178 -- /home/felipe/coding/feiradeciencias/static/home.css [1ms]
2025-05-03 11:04:03.158 [info] > git show --textconv :static/style.css [6ms]
2025-05-03 11:04:03.159 [info] > git ls-files --stage -- /home/felipe/coding/feiradeciencias/static/style.css [1ms]
2025-05-03 11:04:03.164 [info] > git cat-file -s eb4152815dc5c6b8257ed6ce6c3e094f58e7aaf5 [1ms]
2025-05-03 11:04:03.173 [info] > git blame --root --incremental c68b8e2e50daccf80a979dfa103774447e0bf178 -- /home/felipe/coding/feiradeciencias/static/style.css [2ms]
2025-05-03 11:04:13.228 [info] > git show --textconv :static/home.css [5ms]
2025-05-03 11:04:13.229 [info] > git ls-files --stage -- /home/felipe/coding/feiradeciencias/static/home.css [1ms]
2025-05-03 11:04:13.234 [info] > git cat-file -s 54635b7cbcb7f33203a4b822be6a8bac455eb0de [1ms]
2025-05-03 11:04:24.671 [info] > git config --get commit.template [8ms]
2025-05-03 11:04:24.672 [info] > git for-each-ref --format=%(refname)%00%(upstream:short)%00%(objectname)%00%(upstream:track)%00%(upstream:remotename)%00%(upstream:remoteref) refs/heads/master refs/remotes/master [1ms]
2025-05-03 11:04:24.685 [info] > git for-each-ref --sort -committerdate --format %(refname) %(objectname) %(*objectname) [1ms]
2025-05-03 11:04:24.687 [info] > git status -z -uall [9ms]
2025-05-03 11:04:29.709 [info] > git config --get commit.template [7ms]
2025-05-03 11:04:29.710 [info] > git for-each-ref --format=%(refname)%00%(upstream:short)%00%(objectname)%00%(upstream:track)%00%(upstream:remotename)%00%(upstream:remoteref) refs/heads/master refs/remotes/master [1ms]
2025-05-03 11:04:29.721 [info] > git status -z -uall [4ms]
2025-05-03 11:04:29.722 [info] > git for-each-ref --sort -committerdate --format %(refname) %(objectname) %(*objectname) [1ms]
2025-05-03 11:04:34.743 [info] > git config --get commit.template [8ms]
2025-05-03 11:04:34.744 [info] > git for-each-ref --format=%(refname)%00%(upstream:short)%00%(objectname)%00%(upstream:track)%00%(upstream:remotename)%00%(upstream:remoteref) refs/heads/master refs/remotes/master [2ms]
2025-05-03 11:04:34.755 [info] > git status -z -uall [5ms]
2025-05-03 11:04:34.755 [info] > git for-each-ref --sort -committerdate --format %(refname) %(objectname) %(*objectname) [1ms]
2025-05-03 11:04:51.532 [info] > git config --get commit.template [6ms]
2025-05-03 11:04:51.533 [info] > git for-each-ref --format=%(refname)%00%(upstream:short)%00%(objectname)%00%(upstream:track)%00%(upstream:remotename)%00%(upstream:remoteref) refs/heads/master refs/remotes/master [1ms]
2025-05-03 11:04:51.544 [info] > git status -z -uall [5ms]
2025-05-03 11:04:51.545 [info] > git for-each-ref --sort -committerdate --format %(refname) %(objectname) %(*objectname) [1ms]
2025-05-03 11:05:12.787 [info] > git config --get commit.template [5ms]
2025-05-03 11:05:12.787 [info] > git for-each-ref --format=%(refname)%00%(upstream:short)%00%(objectname)%00%(upstream:track)%00%(upstream:remotename)%00%(upstream:remoteref) refs/heads/master refs/remotes/master [1ms]
2025-05-03 11:05:12.795 [info] > git status -z -uall [4ms]
2025-05-03 11:05:12.796 [info] > git for-each-ref --sort -committerdate --format %(refname) %(objectname) %(*objectname) [1ms]
2025-05-03 11:05:19.797 [info] > git config --get commit.template [5ms]
2025-05-03 11:05:19.798 [info] > git for-each-ref --format=%(refname)%00%(upstream:short)%00%(objectname)%00%(upstream:track)%00%(upstream:remotename)%00%(upstream:remoteref) refs/heads/master refs/remotes/master [2ms]
2025-05-03 11:05:19.809 [info] > git status -z -uall [5ms]
2025-05-03 11:05:19.809 [info] > git for-each-ref --sort -committerdate --format %(refname) %(objectname) %(*objectname) [1ms]
2025-05-03 11:05:24.506 [info] > git show --textconv :app.js [8ms]
2025-05-03 11:05:24.507 [info] > git ls-files --stage -- /home/felipe/coding/feiradeciencias/app.js [2ms]
2025-05-03 11:05:24.517 [info] > git cat-file -s 3b619afa89185b7a2eb9711ffac8bd1c3579a109 [5ms]
2025-05-03 11:05:24.527 [info] > git blame --root --incremental c68b8e2e50daccf80a979dfa103774447e0bf178 -- /home/felipe/coding/feiradeciencias/app.js [2ms]
2025-05-03 11:05:24.826 [info] > git config --get commit.template [7ms]
2025-05-03 11:05:24.827 [info] > git for-each-ref --format=%(refname)%00%(upstream:short)%00%(objectname)%00%(upstream:track)%00%(upstream:remotename)%00%(upstream:remoteref) refs/heads/master refs/remotes/master [2ms]
2025-05-03 11:05:24.839 [info] > git status -z -uall [7ms]
2025-05-03 11:05:24.840 [info] > git for-each-ref --sort -committerdate --format %(refname) %(objectname) %(*objectname) [1ms]
2025-05-03 11:05:25.737 [info] > git show --textconv :views/home.ejs [6ms]
2025-05-03 11:05:25.737 [info] > git ls-files --stage -- /home/felipe/coding/feiradeciencias/views/home.ejs [1ms]
2025-05-03 11:05:25.744 [info] > git cat-file -s f078fd1d4b3a08e1b256b15b0de55caf67bfe639 [1ms]
2025-05-03 11:06:39.272 [info] > git config --get commit.template [5ms]
2025-05-03 11:06:39.273 [info] > git for-each-ref --format=%(refname)%00%(upstream:short)%00%(objectname)%00%(upstream:track)%00%(upstream:remotename)%00%(upstream:remoteref) refs/heads/master refs/remotes/master [1ms]
2025-05-03 11:06:39.284 [info] > git status -z -uall [6ms]
2025-05-03 11:06:39.284 [info] > git for-each-ref --sort -committerdate --format %(refname) %(objectname) %(*objectname) [1ms]
2025-05-03 11:07:09.186 [info] > git config --get commit.template [1ms]
2025-05-03 11:07:09.192 [info] > git for-each-ref --format=%(refname)%00%(upstream:short)%00%(objectname)%00%(upstream:track)%00%(upstream:remotename)%00%(upstream:remoteref) refs/heads/master refs/remotes/master [1ms]
2025-05-03 11:07:09.205 [info] > git status -z -uall [7ms]
2025-05-03 11:07:09.206 [info] > git for-each-ref --sort -committerdate --format %(refname) %(objectname) %(*objectname) [1ms]
2025-05-03 11:09:12.293 [info] > git config --get commit.template [10ms]
2025-05-03 11:09:12.294 [info] > git for-each-ref --format=%(refname)%00%(upstream:short)%00%(objectname)%00%(upstream:track)%00%(upstream:remotename)%00%(upstream:remoteref) refs/heads/master refs/remotes/master [2ms]
2025-05-03 11:09:12.306 [info] > git status -z -uall [5ms]
2025-05-03 11:09:12.306 [info] > git for-each-ref --sort -committerdate --format %(refname) %(objectname) %(*objectname) [1ms]
2025-05-03 11:13:27.578 [info] > git config --get commit.template [1ms]
2025-05-03 11:13:27.585 [info] > git for-each-ref --format=%(refname)%00%(upstream:short)%00%(objectname)%00%(upstream:track)%00%(upstream:remotename)%00%(upstream:remoteref) refs/heads/master refs/remotes/master [1ms]
2025-05-03 11:13:27.596 [info] > git status -z -uall [6ms]
2025-05-03 11:13:27.597 [info] > git for-each-ref --sort -committerdate --format %(refname) %(objectname) %(*objectname) [1ms]
2025-05-03 11:13:33.817 [info] > git check-ignore -v -z --stdin [3ms]
2025-05-03 11:14:05.943 [info] > git check-ignore -v -z --stdin [2ms]
2025-05-03 11:14:06.988 [info] > git config --get commit.template [5ms]
2025-05-03 11:14:06.988 [info] > git for-each-ref --format=%(refname)%00%(upstream:short)%00%(objectname)%00%(upstream:track)%00%(upstream:remotename)%00%(upstream:remoteref) refs/heads/master refs/remotes/master [1ms]
2025-05-03 11:14:06.999 [info] > git status -z -uall [5ms]
2025-05-03 11:14:06.999 [info] > git for-each-ref --sort -committerdate --format %(refname) %(objectname) %(*objectname) [1ms]
2025-05-03 11:14:14.821 [info] > git show --textconv :views/home.ejs [6ms]
2025-05-03 11:14:14.822 [info] > git ls-files --stage -- /home/felipe/coding/feiradeciencias/views/home.ejs [2ms]
2025-05-03 11:14:14.828 [info] > git cat-file -s f078fd1d4b3a08e1b256b15b0de55caf67bfe639 [2ms]
2025-05-03 11:14:28.547 [info] > git config --get commit.template [9ms]
2025-05-03 11:14:28.547 [info] > git for-each-ref --format=%(refname)%00%(upstream:short)%00%(objectname)%00%(upstream:track)%00%(upstream:remotename)%00%(upstream:remoteref) refs/heads/master refs/remotes/master [1ms]
2025-05-03 11:14:28.559 [info] > git status -z -uall [6ms]
2025-05-03 11:14:28.560 [info] > git for-each-ref --sort -committerdate --format %(refname) %(objectname) %(*objectname) [1ms]
2025-05-03 11:14:32.471 [info] > git show --textconv :static/info.css [7ms]
2025-05-03 11:14:32.472 [info] > git ls-files --stage -- /home/felipe/coding/feiradeciencias/static/info.css [2ms]
2025-05-03 11:14:32.479 [info] > git cat-file -s 0fc4fcec7316ec8845ba56bd9fe491c5c6ccadfe [1ms]
2025-05-03 11:14:33.576 [info] > git config --get commit.template [6ms]
2025-05-03 11:14:33.578 [info] > git for-each-ref --format=%(refname)%00%(upstream:short)%00%(objectname)%00%(upstream:track)%00%(upstream:remotename)%00%(upstream:remoteref) refs/heads/master refs/remotes/master [2ms]
2025-05-03 11:14:33.588 [info] > git status -z -uall [5ms]
2025-05-03 11:14:33.589 [info] > git for-each-ref --sort -committerdate --format %(refname) %(objectname) %(*objectname) [1ms]
2025-05-03 11:14:36.475 [info] > git show --textconv :static/style.css [4ms]
2025-05-03 11:14:36.476 [info] > git ls-files --stage -- /home/felipe/coding/feiradeciencias/static/style.css [1ms]
2025-05-03 11:14:36.482 [info] > git cat-file -s eb4152815dc5c6b8257ed6ce6c3e094f58e7aaf5 [1ms]
2025-05-03 11:14:52.051 [info] > git show --textconv :static/info.css [7ms]
2025-05-03 11:14:52.051 [info] > git ls-files --stage -- /home/felipe/coding/feiradeciencias/static/info.css [1ms]
2025-05-03 11:14:52.056 [info] > git cat-file -s 0fc4fcec7316ec8845ba56bd9fe491c5c6ccadfe [0ms]
2025-05-03 11:14:52.852 [info] > git show --textconv :views/home.ejs [6ms]
2025-05-03 11:14:52.852 [info] > git ls-files --stage -- /home/felipe/coding/feiradeciencias/views/home.ejs [1ms]
2025-05-03 11:14:52.857 [info] > git cat-file -s f078fd1d4b3a08e1b256b15b0de55caf67bfe639 [1ms]
2025-05-03 11:14:59.257 [info] > git config --get commit.template [7ms]
2025-05-03 11:14:59.258 [info] > git for-each-ref --format=%(refname)%00%(upstream:short)%00%(objectname)%00%(upstream:track)%00%(upstream:remotename)%00%(upstream:remoteref) refs/heads/master refs/remotes/master [2ms]
2025-05-03 11:14:59.270 [info] > git status -z -uall [5ms]
2025-05-03 11:14:59.271 [info] > git for-each-ref --sort -committerdate --format %(refname) %(objectname) %(*objectname) [1ms]
2025-05-03 11:15:02.233 [info] > git show --textconv :static/style.css [5ms]
2025-05-03 11:15:02.234 [info] > git ls-files --stage -- /home/felipe/coding/feiradeciencias/static/style.css [1ms]
2025-05-03 11:15:02.240 [info] > git cat-file -s eb4152815dc5c6b8257ed6ce6c3e094f58e7aaf5 [2ms]
2025-05-03 11:15:04.294 [info] > git config --get commit.template [8ms]
2025-05-03 11:15:04.296 [info] > git for-each-ref --format=%(refname)%00%(upstream:short)%00%(objectname)%00%(upstream:track)%00%(upstream:remotename)%00%(upstream:remoteref) refs/heads/master refs/remotes/master [2ms]
2025-05-03 11:15:04.311 [info] > git status -z -uall [7ms]
2025-05-03 11:15:04.311 [info] > git for-each-ref --sort -committerdate --format %(refname) %(objectname) %(*objectname) [1ms]
2025-05-03 11:15:10.503 [info] > git config --get commit.template [8ms]
2025-05-03 11:15:10.503 [info] > git for-each-ref --format=%(refname)%00%(upstream:short)%00%(objectname)%00%(upstream:track)%00%(upstream:remotename)%00%(upstream:remoteref) refs/heads/master refs/remotes/master [0ms]
2025-05-03 11:15:10.516 [info] > git status -z -uall [7ms]
2025-05-03 11:15:10.517 [info] > git for-each-ref --sort -committerdate --format %(refname) %(objectname) %(*objectname) [2ms]
2025-05-03 11:15:15.893 [info] > git config --get commit.template [9ms]
2025-05-03 11:15:15.893 [info] > git for-each-ref --format=%(refname)%00%(upstream:short)%00%(objectname)%00%(upstream:track)%00%(upstream:remotename)%00%(upstream:remoteref) refs/heads/master refs/remotes/master [1ms]
2025-05-03 11:15:15.906 [info] > git status -z -uall [6ms]
2025-05-03 11:15:15.907 [info] > git for-each-ref --sort -committerdate --format %(refname) %(objectname) %(*objectname) [1ms]
2025-05-03 11:15:23.969 [info] > git config --get commit.template [9ms]
2025-05-03 11:15:23.970 [info] > git for-each-ref --format=%(refname)%00%(upstream:short)%00%(objectname)%00%(upstream:track)%00%(upstream:remotename)%00%(upstream:remoteref) refs/heads/master refs/remotes/master [1ms]
2025-05-03 11:15:23.985 [info] > git status -z -uall [5ms]
2025-05-03 11:15:23.985 [info] > git for-each-ref --sort -committerdate --format %(refname) %(objectname) %(*objectname) [1ms]
2025-05-03 11:15:29.006 [info] > git config --get commit.template [7ms]
2025-05-03 11:15:29.007 [info] > git for-each-ref --format=%(refname)%00%(upstream:short)%00%(objectname)%00%(upstream:track)%00%(upstream:remotename)%00%(upstream:remoteref) refs/heads/master refs/remotes/master [1ms]
2025-05-03 11:15:29.018 [info] > git status -z -uall [5ms]
2025-05-03 11:15:29.020 [info] > git for-each-ref --sort -committerdate --format %(refname) %(objectname) %(*objectname) [1ms]
2025-05-03 11:17:09.022 [info] > git config --get commit.template [6ms]
2025-05-03 11:17:09.023 [info] > git for-each-ref --format=%(refname)%00%(upstream:short)%00%(objectname)%00%(upstream:track)%00%(upstream:remotename)%00%(upstream:remoteref) refs/heads/master refs/remotes/master [2ms]
2025-05-03 11:17:09.034 [info] > git status -z -uall [5ms]
2025-05-03 11:17:09.035 [info] > git for-each-ref --sort -committerdate --format %(refname) %(objectname) %(*objectname) [1ms]
2025-05-03 11:17:20.548 [info] > git config --get commit.template [5ms]
2025-05-03 11:17:20.549 [info] > git for-each-ref --format=%(refname)%00%(upstream:short)%00%(objectname)%00%(upstream:track)%00%(upstream:remotename)%00%(upstream:remoteref) refs/heads/master refs/remotes/master [1ms]
2025-05-03 11:17:20.560 [info] > git status -z -uall [6ms]
2025-05-03 11:17:20.560 [info] > git for-each-ref --sort -committerdate --format %(refname) %(objectname) %(*objectname) [1ms]
2025-05-03 11:17:30.707 [info] > git config --get commit.template [11ms]
2025-05-03 11:17:30.708 [info] > git for-each-ref --format=%(refname)%00%(upstream:short)%00%(objectname)%00%(upstream:track)%00%(upstream:remotename)%00%(upstream:remoteref) refs/heads/master refs/remotes/master [2ms]
2025-05-03 11:17:30.718 [info] > git status -z -uall [6ms]
2025-05-03 11:17:30.719 [info] > git for-each-ref --sort -committerdate --format %(refname) %(objectname) %(*objectname) [2ms]
2025-05-03 11:17:37.440 [info] > git config --get commit.template [1ms]
2025-05-03 11:17:37.445 [info] > git for-each-ref --format=%(refname)%00%(upstream:short)%00%(objectname)%00%(upstream:track)%00%(upstream:remotename)%00%(upstream:remoteref) refs/heads/master refs/remotes/master [1ms]
2025-05-03 11:17:37.455 [info] > git status -z -uall [5ms]
2025-05-03 11:17:37.456 [info] > git for-each-ref --sort -committerdate --format %(refname) %(objectname) %(*objectname) [2ms]
2025-05-03 11:17:57.477 [info] > git config --get commit.template [6ms]
2025-05-03 11:17:57.478 [info] > git for-each-ref --format=%(refname)%00%(upstream:short)%00%(objectname)%00%(upstream:track)%00%(upstream:remotename)%00%(upstream:remoteref) refs/heads/master refs/remotes/master [1ms]
2025-05-03 11:17:57.487 [info] > git status -z -uall [5ms]
2025-05-03 11:17:57.488 [info] > git for-each-ref --sort -committerdate --format %(refname) %(objectname) %(*objectname) [2ms]
2025-05-03 11:18:02.508 [info] > git config --get commit.template [7ms]
2025-05-03 11:18:02.509 [info] > git for-each-ref --format=%(refname)%00%(upstream:short)%00%(objectname)%00%(upstream:track)%00%(upstream:remotename)%00%(upstream:remoteref) refs/heads/master refs/remotes/master [2ms]
2025-05-03 11:18:02.519 [info] > git status -z -uall [4ms]
2025-05-03 11:18:02.520 [info] > git for-each-ref --sort -committerdate --format %(refname) %(objectname) %(*objectname) [1ms]
2025-05-03 11:18:13.628 [info] > git show --textconv :static/home.css [6ms]
2025-05-03 11:18:13.629 [info] > git ls-files --stage -- /home/felipe/coding/feiradeciencias/static/home.css [1ms]
2025-05-03 11:18:13.634 [info] > git cat-file -s 54635b7cbcb7f33203a4b822be6a8bac455eb0de [1ms]
2025-05-03 11:18:22.223 [info] > git show --textconv :static/style.css [5ms]
2025-05-03 11:18:22.224 [info] > git ls-files --stage -- /home/felipe/coding/feiradeciencias/static/style.css [1ms]
2025-05-03 11:18:22.229 [info] > git cat-file -s eb4152815dc5c6b8257ed6ce6c3e094f58e7aaf5 [1ms]
2025-05-03 11:18:30.796 [info] > git show --textconv :static/home.css [6ms]
2025-05-03 11:18:30.797 [info] > git ls-files --stage -- /home/felipe/coding/feiradeciencias/static/home.css [1ms]
2025-05-03 11:18:30.803 [info] > git cat-file -s 54635b7cbcb7f33203a4b822be6a8bac455eb0de [2ms]
2025-05-03 11:19:09.368 [info] > git config --get commit.template [6ms]
2025-05-03 11:19:09.368 [info] > git for-each-ref --format=%(refname)%00%(upstream:short)%00%(objectname)%00%(upstream:track)%00%(upstream:remotename)%00%(upstream:remoteref) refs/heads/master refs/remotes/master [1ms]
2025-05-03 11:19:09.380 [info] > git status -z -uall [5ms]
2025-05-03 11:19:09.380 [info] > git for-each-ref --sort -committerdate --format %(refname) %(objectname) %(*objectname) [1ms]
2025-05-03 11:19:18.118 [info] > git config --get commit.template [7ms]
2025-05-03 11:19:18.118 [info] > git for-each-ref --format=%(refname)%00%(upstream:short)%00%(objectname)%00%(upstream:track)%00%(upstream:remotename)%00%(upstream:remoteref) refs/heads/master refs/remotes/master [1ms]
2025-05-03 11:19:18.128 [info] > git status -z -uall [5ms]
2025-05-03 11:19:18.128 [info] > git for-each-ref --sort -committerdate --format %(refname) %(objectname) %(*objectname) [0ms]
2025-05-03 11:19:27.156 [info] > git show --textconv :static/home.css [5ms]
2025-05-03 11:19:27.156 [info] > git ls-files --stage -- /home/felipe/coding/feiradeciencias/static/home.css [1ms]
2025-05-03 11:19:27.161 [info] > git cat-file -s 54635b7cbcb7f33203a4b822be6a8bac455eb0de [1ms]
2025-05-03 11:27:50.467 [info] > git check-ignore -v -z --stdin [2ms]
2025-05-03 11:27:54.937 [info] > git config --get commit.template [5ms]
2025-05-03 11:27:54.938 [info] > git for-each-ref --format=%(refname)%00%(upstream:short)%00%(objectname)%00%(upstream:track)%00%(upstream:remotename)%00%(upstream:remoteref) refs/heads/master refs/remotes/master [1ms]
2025-05-03 11:27:54.950 [info] > git status -z -uall [6ms]
2025-05-03 11:27:54.950 [info] > git for-each-ref --sort -committerdate --format %(refname) %(objectname) %(*objectname) [1ms]
2025-05-03 11:27:59.302 [info] > git show --textconv :views/home.ejs [6ms]
2025-05-03 11:27:59.303 [info] > git ls-files --stage -- /home/felipe/coding/feiradeciencias/views/home.ejs [1ms]
2025-05-03 11:27:59.308 [info] > git cat-file -s f078fd1d4b3a08e1b256b15b0de55caf67bfe639 [1ms]
2025-05-03 11:27:59.974 [info] > git config --get commit.template [8ms]
2025-05-03 11:27:59.974 [info] > git for-each-ref --format=%(refname)%00%(upstream:short)%00%(objectname)%00%(upstream:track)%00%(upstream:remotename)%00%(upstream:remoteref) refs/heads/master refs/remotes/master [1ms]
2025-05-03 11:27:59.990 [info] > git status -z -uall [7ms]
2025-05-03 11:27:59.990 [info] > git for-each-ref --sort -committerdate --format %(refname) %(objectname) %(*objectname) [1ms]
2025-05-03 11:28:16.462 [info] > git config --get commit.template [7ms]
2025-05-03 11:28:16.463 [info] > git for-each-ref --format=%(refname)%00%(upstream:short)%00%(objectname)%00%(upstream:track)%00%(upstream:remotename)%00%(upstream:remoteref) refs/heads/master refs/remotes/master [1ms]
2025-05-03 11:28:16.473 [info] > git status -z -uall [5ms]
2025-05-03 11:28:16.474 [info] > git for-each-ref --sort -committerdate --format %(refname) %(objectname) %(*objectname) [1ms]
2025-05-03 11:28:21.497 [info] > git config --get commit.template [7ms]
2025-05-03 11:28:21.498 [info] > git for-each-ref --format=%(refname)%00%(upstream:short)%00%(objectname)%00%(upstream:track)%00%(upstream:remotename)%00%(upstream:remoteref) refs/heads/master refs/remotes/master [2ms]
2025-05-03 11:28:21.510 [info] > git status -z -uall [6ms]
2025-05-03 11:28:21.511 [info] > git for-each-ref --sort -committerdate --format %(refname) %(objectname) %(*objectname) [1ms]
2025-05-03 11:28:34.331 [info] > git config --get commit.template [5ms]
2025-05-03 11:28:34.332 [info] > git for-each-ref --format=%(refname)%00%(upstream:short)%00%(objectname)%00%(upstream:track)%00%(upstream:remotename)%00%(upstream:remoteref) refs/heads/master refs/remotes/master [2ms]
2025-05-03 11:28:34.341 [info] > git status -z -uall [5ms]
2025-05-03 11:28:34.341 [info] > git for-each-ref --sort -committerdate --format %(refname) %(objectname) %(*objectname) [1ms]
2025-05-03 11:28:35.738 [info] > git show --textconv :static/info.css [5ms]
2025-05-03 11:28:35.738 [info] > git ls-files --stage -- /home/felipe/coding/feiradeciencias/static/info.css [0ms]
2025-05-03 11:28:35.743 [info] > git cat-file -s 0fc4fcec7316ec8845ba56bd9fe491c5c6ccadfe [0ms]
2025-05-03 11:28:39.365 [info] > git config --get commit.template [9ms]
2025-05-03 11:28:39.366 [info] > git for-each-ref --format=%(refname)%00%(upstream:short)%00%(objectname)%00%(upstream:track)%00%(upstream:remotename)%00%(upstream:remoteref) refs/heads/master refs/remotes/master [2ms]
2025-05-03 11:28:39.379 [info] > git status -z -uall [6ms]
2025-05-03 11:28:39.379 [info] > git for-each-ref --sort -committerdate --format %(refname) %(objectname) %(*objectname) [1ms]
2025-05-03 11:28:40.032 [info] > git show --textconv :static/style.css [8ms]
2025-05-03 11:28:40.033 [info] > git ls-files --stage -- /home/felipe/coding/feiradeciencias/static/style.css [2ms]
2025-05-03 11:28:40.040 [info] > git cat-file -s eb4152815dc5c6b8257ed6ce6c3e094f58e7aaf5 [1ms]
2025-05-03 11:30:51.010 [info] > git config --get commit.template [5ms]
2025-05-03 11:30:51.011 [info] > git for-each-ref --format=%(refname)%00%(upstream:short)%00%(objectname)%00%(upstream:track)%00%(upstream:remotename)%00%(upstream:remoteref) refs/heads/master refs/remotes/master [1ms]
2025-05-03 11:30:51.021 [info] > git status -z -uall [5ms]
2025-05-03 11:30:51.021 [info] > git for-each-ref --sort -committerdate --format %(refname) %(objectname) %(*objectname) [1ms]
2025-05-03 11:30:53.772 [info] > git show --textconv :html/error.html [7ms]
2025-05-03 11:30:53.774 [info] > git ls-files --stage -- /home/felipe/coding/feiradeciencias/html/error.html [2ms]
2025-05-03 11:30:53.780 [info] > git cat-file -s 12182720357d7b469aa5211de986fc26ad6d0f52 [2ms]
2025-05-03 11:30:56.042 [info] > git config --get commit.template [9ms]
2025-05-03 11:30:56.043 [info] > git for-each-ref --format=%(refname)%00%(upstream:short)%00%(objectname)%00%(upstream:track)%00%(upstream:remotename)%00%(upstream:remoteref) refs/heads/master refs/remotes/master [2ms]
2025-05-03 11:30:56.055 [info] > git status -z -uall [6ms]
2025-05-03 11:30:56.055 [info] > git for-each-ref --sort -committerdate --format %(refname) %(objectname) %(*objectname) [1ms]
2025-05-03 11:30:57.756 [info] > git show --textconv :views/home.ejs [6ms]
2025-05-03 11:30:57.756 [info] > git ls-files --stage -- /home/felipe/coding/feiradeciencias/views/home.ejs [1ms]
2025-05-03 11:30:57.761 [info] > git cat-file -s f078fd1d4b3a08e1b256b15b0de55caf67bfe639 [1ms]
2025-05-03 11:31:17.023 [info] > git config --get commit.template [10ms]
2025-05-03 11:31:17.024 [info] > git for-each-ref --format=%(refname)%00%(upstream:short)%00%(objectname)%00%(upstream:track)%00%(upstream:remotename)%00%(upstream:remoteref) refs/heads/master refs/remotes/master [1ms]
2025-05-03 11:31:17.039 [info] > git status -z -uall [7ms]
2025-05-03 11:31:17.040 [info] > git for-each-ref --sort -committerdate --format %(refname) %(objectname) %(*objectname) [2ms]
2025-05-03 11:31:30.145 [info] > git config --get commit.template [9ms]
2025-05-03 11:31:30.146 [info] > git for-each-ref --format=%(refname)%00%(upstream:short)%00%(objectname)%00%(upstream:track)%00%(upstream:remotename)%00%(upstream:remoteref) refs/heads/master refs/remotes/master [2ms]
2025-05-03 11:31:30.157 [info] > git status -z -uall [5ms]
2025-05-03 11:31:30.158 [info] > git for-each-ref --sort -committerdate --format %(refname) %(objectname) %(*objectname) [2ms]
2025-05-03 11:35:46.530 [info] > git config --get commit.template [8ms]
2025-05-03 11:35:46.530 [info] > git for-each-ref --format=%(refname)%00%(upstream:short)%00%(objectname)%00%(upstream:track)%00%(upstream:remotename)%00%(upstream:remoteref) refs/heads/master refs/remotes/master [1ms]
2025-05-03 11:35:46.544 [info] > git status -z -uall [8ms]
2025-05-03 11:35:46.545 [info] > git for-each-ref --sort -committerdate --format %(refname) %(objectname) %(*objectname) [2ms]
2025-05-03 14:01:43.140 [info] > git config --get commit.template [5ms]
2025-05-03 14:01:43.140 [info] > git for-each-ref --format=%(refname)%00%(upstream:short)%00%(objectname)%00%(upstream:track)%00%(upstream:remotename)%00%(upstream:remoteref) refs/heads/master refs/remotes/master [1ms]
2025-05-03 14:01:43.150 [info] > git status -z -uall [5ms]
2025-05-03 14:01:43.151 [info] > git for-each-ref --sort -committerdate --format %(refname) %(objectname) %(*objectname) [1ms]
2025-05-03 14:01:48.178 [info] > git config --get commit.template [10ms]
2025-05-03 14:01:48.179 [info] > git for-each-ref --format=%(refname)%00%(upstream:short)%00%(objectname)%00%(upstream:track)%00%(upstream:remotename)%00%(upstream:remoteref) refs/heads/master refs/remotes/master [2ms]
2025-05-03 14:01:48.193 [info] > git status -z -uall [7ms]
2025-05-03 14:01:48.193 [info] > git for-each-ref --sort -committerdate --format %(refname) %(objectname) %(*objectname) [1ms]
2025-05-03 14:02:16.195 [info] > git check-ignore -v -z --stdin [2ms]
2025-05-03 14:02:16.766 [info] > git config --get commit.template [7ms]
2025-05-03 14:02:16.767 [info] > git for-each-ref --format=%(refname)%00%(upstream:short)%00%(objectname)%00%(upstream:track)%00%(upstream:remotename)%00%(upstream:remoteref) refs/heads/master refs/remotes/master [2ms]
2025-05-03 14:02:16.778 [info] > git status -z -uall [5ms]
2025-05-03 14:02:16.779 [info] > git for-each-ref --sort -committerdate --format %(refname) %(objectname) %(*objectname) [1ms]
2025-05-03 14:02:22.468 [info] > git show --textconv :html/admin/backdoor.html [7ms]
2025-05-03 14:02:22.469 [warning] [GitFileSystemProvider][readFile] File not found - git:/home/felipe/coding/feiradeciencias/html/admin/backdoor.html.git?%7B%22path%22%3A%22%2Fhome%2Ffelipe%2Fcoding%2Ffeiradeciencias%2Fhtml%2Fadmin%2Fbackdoor.html%22%2C%22ref%22%3A%22%22%7D
2025-05-03 14:02:22.470 [info] > git ls-files --stage -- /home/felipe/coding/feiradeciencias/html/admin/backdoor.html [1ms]
2025-05-03 14:02:22.470 [warning] [GitFileSystemProvider][stat] File not found - git:/home/felipe/coding/feiradeciencias/html/admin/backdoor.html.git?%7B%22path%22%3A%22%2Fhome%2Ffelipe%2Fcoding%2Ffeiradeciencias%2Fhtml%2Fadmin%2Fbackdoor.html%22%2C%22ref%22%3A%22%22%7D
2025-05-03 14:02:22.749 [info] > git check-ignore -v -z --stdin [2ms]
2025-05-03 14:02:23.305 [info] > git config --get commit.template [2ms]
2025-05-03 14:02:23.312 [info] > git for-each-ref --format=%(refname)%00%(upstream:short)%00%(objectname)%00%(upstream:track)%00%(upstream:remotename)%00%(upstream:remoteref) refs/heads/master refs/remotes/master [1ms]
2025-05-03 14:02:23.321 [info] > git status -z -uall [4ms]
2025-05-03 14:02:23.322 [info] > git for-each-ref --sort -committerdate --format %(refname) %(objectname) %(*objectname) [1ms]
2025-05-03 14:02:28.115 [info] > git show --textconv :html/admin/dashboard.html [7ms]
2025-05-03 14:02:28.115 [warning] [GitFileSystemProvider][readFile] File not found - git:/home/felipe/coding/feiradeciencias/html/admin/dashboard.html.git?%7B%22path%22%3A%22%2Fhome%2Ffelipe%2Fcoding%2Ffeiradeciencias%2Fhtml%2Fadmin%2Fdashboard.html%22%2C%22ref%22%3A%22%22%7D
2025-05-03 14:02:28.116 [info] > git ls-files --stage -- /home/felipe/coding/feiradeciencias/html/admin/dashboard.html [2ms]
2025-05-03 14:02:28.116 [warning] [GitFileSystemProvider][stat] File not found - git:/home/felipe/coding/feiradeciencias/html/admin/dashboard.html.git?%7B%22path%22%3A%22%2Fhome%2Ffelipe%2Fcoding%2Ffeiradeciencias%2Fhtml%2Fadmin%2Fdashboard.html%22%2C%22ref%22%3A%22%22%7D
2025-05-03 14:02:28.400 [info] > git check-ignore -v -z --stdin [2ms]
2025-05-03 14:02:28.961 [info] > git config --get commit.template [7ms]
2025-05-03 14:02:28.962 [info] > git for-each-ref --format=%(refname)%00%(upstream:short)%00%(objectname)%00%(upstream:track)%00%(upstream:remotename)%00%(upstream:remoteref) refs/heads/master refs/remotes/master [2ms]
2025-05-03 14:02:28.973 [info] > git status -z -uall [5ms]
2025-05-03 14:02:28.973 [info] > git for-each-ref --sort -committerdate --format %(refname) %(objectname) %(*objectname) [1ms]
2025-05-03 14:02:46.717 [info] > git config --get commit.template [8ms]
2025-05-03 14:02:46.718 [info] > git for-each-ref --format=%(refname)%00%(upstream:short)%00%(objectname)%00%(upstream:track)%00%(upstream:remotename)%00%(upstream:remoteref) refs/heads/master refs/remotes/master [2ms]
2025-05-03 14:02:46.731 [info] > git status -z -uall [6ms]
2025-05-03 14:02:46.731 [info] > git for-each-ref --sort -committerdate --format %(refname) %(objectname) %(*objectname) [1ms]
2025-05-03 14:02:47.514 [info] > git show --textconv :html/index.html [5ms]
2025-05-03 14:02:47.515 [info] > git ls-files --stage -- /home/felipe/coding/feiradeciencias/html/index.html [2ms]
2025-05-03 14:02:47.520 [info] > git cat-file -s 686442b3f9c4cae83280b5590ea882f1326d164c [1ms]
2025-05-03 14:02:47.530 [info] > git blame --root --incremental c68b8e2e50daccf80a979dfa103774447e0bf178 -- /home/felipe/coding/feiradeciencias/html/index.html [2ms]
2025-05-03 14:03:34.316 [info] > git config --get commit.template [8ms]
2025-05-03 14:03:34.318 [info] > git for-each-ref --format=%(refname)%00%(upstream:short)%00%(objectname)%00%(upstream:track)%00%(upstream:remotename)%00%(upstream:remoteref) refs/heads/master refs/remotes/master [2ms]
2025-05-03 14:03:34.332 [info] > git status -z -uall [6ms]
2025-05-03 14:03:34.334 [info] > git for-each-ref --sort -committerdate --format %(refname) %(objectname) %(*objectname) [2ms]
2025-05-03 14:03:35.033 [info] > git show --textconv :app.js [6ms]
2025-05-03 14:03:35.034 [info] > git ls-files --stage -- /home/felipe/coding/feiradeciencias/app.js [2ms]
2025-05-03 14:03:35.039 [info] > git cat-file -s 3b619afa89185b7a2eb9711ffac8bd1c3579a109 [1ms]
2025-05-03 14:04:04.347 [info] > git config --get commit.template [8ms]
2025-05-03 14:04:04.347 [info] > git for-each-ref --format=%(refname)%00%(upstream:short)%00%(objectname)%00%(upstream:track)%00%(upstream:remotename)%00%(upstream:remoteref) refs/heads/master refs/remotes/master [2ms]
2025-05-03 14:04:04.359 [info] > git for-each-ref --sort -committerdate --format %(refname) %(objectname) %(*objectname) [1ms]
2025-05-03 14:04:04.360 [info] > git status -z -uall [7ms]
2025-05-03 14:04:18.970 [info] > git config --get commit.template [1ms]
2025-05-03 14:04:18.976 [info] > git for-each-ref --format=%(refname)%00%(upstream:short)%00%(objectname)%00%(upstream:track)%00%(upstream:remotename)%00%(upstream:remoteref) refs/heads/master refs/remotes/master [1ms]
2025-05-03 14:04:18.985 [info] > git status -z -uall [5ms]
2025-05-03 14:04:18.986 [info] > git for-each-ref --sort -committerdate --format %(refname) %(objectname) %(*objectname) [1ms]
2025-05-03 14:04:51.106 [info] > git config --get commit.template [6ms]
2025-05-03 14:04:51.106 [info] > git for-each-ref --format=%(refname)%00%(upstream:short)%00%(objectname)%00%(upstream:track)%00%(upstream:remotename)%00%(upstream:remoteref) refs/heads/master refs/remotes/master [1ms]
2025-05-03 14:04:51.115 [info] > git status -z -uall [4ms]
2025-05-03 14:04:51.116 [info] > git for-each-ref --sort -committerdate --format %(refname) %(objectname) %(*objectname) [1ms]
2025-05-03 14:05:16.371 [info] > git config --get commit.template [5ms]
2025-05-03 14:05:16.372 [info] > git for-each-ref --format=%(refname)%00%(upstream:short)%00%(objectname)%00%(upstream:track)%00%(upstream:remotename)%00%(upstream:remoteref) refs/heads/master refs/remotes/master [1ms]
2025-05-03 14:05:16.383 [info] > git status -z -uall [5ms]
2025-05-03 14:05:16.383 [info] > git for-each-ref --sort -committerdate --format %(refname) %(objectname) %(*objectname) [1ms]
2025-05-03 14:05:18.923 [info] > git show --textconv :views/home.ejs [7ms]
2025-05-03 14:05:18.924 [info] > git ls-files --stage -- /home/felipe/coding/feiradeciencias/views/home.ejs [2ms]
2025-05-03 14:05:18.930 [info] > git cat-file -s f078fd1d4b3a08e1b256b15b0de55caf67bfe639 [1ms]
2025-05-03 14:05:20.364 [info] > git show --textconv :static/style.css [8ms]
2025-05-03 14:05:20.365 [info] > git ls-files --stage -- /home/felipe/coding/feiradeciencias/static/style.css [2ms]
2025-05-03 14:05:20.371 [info] > git cat-file -s eb4152815dc5c6b8257ed6ce6c3e094f58e7aaf5 [1ms]
2025-05-03 14:05:21.529 [info] > git show --textconv :html/info/quemsomos.html [5ms]
2025-05-03 14:05:21.529 [info] > git ls-files --stage -- /home/felipe/coding/feiradeciencias/html/info/quemsomos.html [0ms]
2025-05-03 14:05:21.534 [info] > git cat-file -s cca879b84addb448ec3246fb8cbc1adce4f24021 [1ms]
2025-05-03 14:05:21.542 [info] > git blame --root --incremental c68b8e2e50daccf80a979dfa103774447e0bf178 -- /home/felipe/coding/feiradeciencias/html/info/quemsomos.html [1ms]
2025-05-03 14:05:24.683 [info] > git show --textconv :app.js [6ms]
2025-05-03 14:05:24.684 [info] > git ls-files --stage -- /home/felipe/coding/feiradeciencias/app.js [1ms]
2025-05-03 14:05:24.690 [info] > git cat-file -s 3b619afa89185b7a2eb9711ffac8bd1c3579a109 [2ms]
2025-05-03 14:05:55.662 [info] > git config --get commit.template [6ms]
2025-05-03 14:05:55.663 [info] > git for-each-ref --format=%(refname)%00%(upstream:short)%00%(objectname)%00%(upstream:track)%00%(upstream:remotename)%00%(upstream:remoteref) refs/heads/master refs/remotes/master [1ms]
2025-05-03 14:05:55.672 [info] > git status -z -uall [5ms]
2025-05-03 14:05:55.672 [info] > git for-each-ref --sort -committerdate --format %(refname) %(objectname) %(*objectname) [1ms]
2025-05-03 14:06:09.092 [info] > git config --get commit.template [6ms]
2025-05-03 14:06:09.092 [info] > git for-each-ref --format=%(refname)%00%(upstream:short)%00%(objectname)%00%(upstream:track)%00%(upstream:remotename)%00%(upstream:remoteref) refs/heads/master refs/remotes/master [1ms]
2025-05-03 14:06:09.101 [info] > git status -z -uall [4ms]
2025-05-03 14:06:09.102 [info] > git for-each-ref --sort -committerdate --format %(refname) %(objectname) %(*objectname) [1ms]
2025-05-03 14:06:14.762 [info] > git config --get commit.template [4ms]
2025-05-03 14:06:14.763 [info] > git for-each-ref --format=%(refname)%00%(upstream:short)%00%(objectname)%00%(upstream:track)%00%(upstream:remotename)%00%(upstream:remoteref) refs/heads/master refs/remotes/master [1ms]
2025-05-03 14:06:14.772 [info] > git status -z -uall [4ms]
2025-05-03 14:06:14.773 [info] > git for-each-ref --sort -committerdate --format %(refname) %(objectname) %(*objectname) [1ms]
2025-05-03 14:06:19.784 [info] > git config --get commit.template [5ms]
2025-05-03 14:06:19.785 [info] > git for-each-ref --format=%(refname)%00%(upstream:short)%00%(objectname)%00%(upstream:track)%00%(upstream:remotename)%00%(upstream:remoteref) refs/heads/master refs/remotes/master [1ms]
2025-05-03 14:06:19.795 [info] > git status -z -uall [5ms]
2025-05-03 14:06:19.795 [info] > git for-each-ref --sort -committerdate --format %(refname) %(objectname) %(*objectname) [1ms]
2025-05-03 14:06:49.965 [info] > git config --get commit.template [1ms]
2025-05-03 14:06:49.972 [info] > git for-each-ref --format=%(refname)%00%(upstream:short)%00%(objectname)%00%(upstream:track)%00%(upstream:remotename)%00%(upstream:remoteref) refs/heads/master refs/remotes/master [1ms]
2025-05-03 14:06:49.983 [info] > git status -z -uall [6ms]
2025-05-03 14:06:49.984 [info] > git for-each-ref --sort -committerdate --format %(refname) %(objectname) %(*objectname) [2ms]
2025-05-03 14:07:44.945 [info] > git config --get commit.template [6ms]
2025-05-03 14:07:44.946 [info] > git for-each-ref --format=%(refname)%00%(upstream:short)%00%(objectname)%00%(upstream:track)%00%(upstream:remotename)%00%(upstream:remoteref) refs/heads/master refs/remotes/master [2ms]
2025-05-03 14:07:44.955 [info] > git status -z -uall [4ms]
2025-05-03 14:07:44.956 [info] > git for-each-ref --sort -committerdate --format %(refname) %(objectname) %(*objectname) [0ms]
2025-05-03 14:08:05.311 [info] > git config --get commit.template [6ms]
2025-05-03 14:08:05.312 [info] > git for-each-ref --format=%(refname)%00%(upstream:short)%00%(objectname)%00%(upstream:track)%00%(upstream:remotename)%00%(upstream:remoteref) refs/heads/master refs/remotes/master [1ms]
2025-05-03 14:08:05.321 [info] > git status -z -uall [4ms]
2025-05-03 14:08:05.322 [info] > git for-each-ref --sort -committerdate --format %(refname) %(objectname) %(*objectname) [1ms]
2025-05-03 14:08:16.898 [info] > git config --get commit.template [10ms]
2025-05-03 14:08:16.899 [info] > git for-each-ref --format=%(refname)%00%(upstream:short)%00%(objectname)%00%(upstream:track)%00%(upstream:remotename)%00%(upstream:remoteref) refs/heads/master refs/remotes/master [1ms]
2025-05-03 14:08:16.909 [info] > git status -z -uall [6ms]
2025-05-03 14:08:16.910 [info] > git for-each-ref --sort -committerdate --format %(refname) %(objectname) %(*objectname) [1ms]
2025-05-03 14:08:22.171 [info] > git config --get commit.template [5ms]
2025-05-03 14:08:22.172 [info] > git for-each-ref --format=%(refname)%00%(upstream:short)%00%(objectname)%00%(upstream:track)%00%(upstream:remotename)%00%(upstream:remoteref) refs/heads/master refs/remotes/master [2ms]
2025-05-03 14:08:22.190 [info] > git status -z -uall [8ms]
2025-05-03 14:08:22.190 [info] > git for-each-ref --sort -committerdate --format %(refname) %(objectname) %(*objectname) [1ms]
2025-05-03 14:08:32.850 [info] > git config --get commit.template [9ms]
2025-05-03 14:08:32.851 [info] > git for-each-ref --format=%(refname)%00%(upstream:short)%00%(objectname)%00%(upstream:track)%00%(upstream:remotename)%00%(upstream:remoteref) refs/heads/master refs/remotes/master [2ms]
2025-05-03 14:08:32.862 [info] > git status -z -uall [5ms]
2025-05-03 14:08:32.862 [info] > git for-each-ref --sort -committerdate --format %(refname) %(objectname) %(*objectname) [1ms]
2025-05-03 14:10:31.722 [info] > git config --get commit.template [7ms]
2025-05-03 14:10:31.723 [info] > git for-each-ref --format=%(refname)%00%(upstream:short)%00%(objectname)%00%(upstream:track)%00%(upstream:remotename)%00%(upstream:remoteref) refs/heads/master refs/remotes/master [2ms]
2025-05-03 14:10:31.736 [info] > git status -z -uall [7ms]
2025-05-03 14:10:31.737 [info] > git for-each-ref --sort -committerdate --format %(refname) %(objectname) %(*objectname) [1ms]
2025-05-03 14:10:39.837 [info] > git config --get commit.template [10ms]
2025-05-03 14:10:39.838 [info] > git for-each-ref --format=%(refname)%00%(upstream:short)%00%(objectname)%00%(upstream:track)%00%(upstream:remotename)%00%(upstream:remoteref) refs/heads/master refs/remotes/master [2ms]
2025-05-03 14:10:39.851 [info] > git status -z -uall [6ms]
2025-05-03 14:10:39.852 [info] > git for-each-ref --sort -committerdate --format %(refname) %(objectname) %(*objectname) [1ms]
2025-05-03 14:11:06.217 [info] > git config --get commit.template [8ms]
2025-05-03 14:11:06.218 [info] > git for-each-ref --format=%(refname)%00%(upstream:short)%00%(objectname)%00%(upstream:track)%00%(upstream:remotename)%00%(upstream:remoteref) refs/heads/master refs/remotes/master [2ms]
2025-05-03 14:11:06.231 [info] > git for-each-ref --sort -committerdate --format %(refname) %(objectname) %(*objectname) [0ms]
2025-05-03 14:11:06.232 [info] > git status -z -uall [6ms]
2025-05-03 14:11:11.260 [info] > git config --get commit.template [9ms]
2025-05-03 14:11:11.261 [info] > git for-each-ref --format=%(refname)%00%(upstream:short)%00%(objectname)%00%(upstream:track)%00%(upstream:remotename)%00%(upstream:remoteref) refs/heads/master refs/remotes/master [1ms]
2025-05-03 14:11:11.272 [info] > git for-each-ref --sort -committerdate --format %(refname) %(objectname) %(*objectname) [1ms]
2025-05-03 14:11:11.272 [info] > git status -z -uall [5ms]
2025-05-03 14:11:24.701 [info] > git config --get commit.template [7ms]
2025-05-03 14:11:24.702 [info] > git for-each-ref --format=%(refname)%00%(upstream:short)%00%(objectname)%00%(upstream:track)%00%(upstream:remotename)%00%(upstream:remoteref) refs/heads/master refs/remotes/master [1ms]
2025-05-03 14:11:24.712 [info] > git status -z -uall [5ms]
2025-05-03 14:11:24.712 [info] > git for-each-ref --sort -committerdate --format %(refname) %(objectname) %(*objectname) [1ms]
2025-05-03 14:12:40.565 [info] > git config --get commit.template [12ms]
2025-05-03 14:12:40.566 [info] > git for-each-ref --format=%(refname)%00%(upstream:short)%00%(objectname)%00%(upstream:track)%00%(upstream:remotename)%00%(upstream:remoteref) refs/heads/master refs/remotes/master [1ms]
2025-05-03 14:12:40.576 [info] > git status -z -uall [5ms]
2025-05-03 14:12:40.577 [info] > git for-each-ref --sort -committerdate --format %(refname) %(objectname) %(*objectname) [1ms]
2025-05-03 14:12:45.598 [info] > git config --get commit.template [8ms]
2025-05-03 14:12:45.599 [info] > git for-each-ref --format=%(refname)%00%(upstream:short)%00%(objectname)%00%(upstream:track)%00%(upstream:remotename)%00%(upstream:remoteref) refs/heads/master refs/remotes/master [2ms]
2025-05-03 14:12:45.611 [info] > git status -z -uall [5ms]
2025-05-03 14:12:45.611 [info] > git for-each-ref --sort -committerdate --format %(refname) %(objectname) %(*objectname) [1ms]
2025-05-03 14:12:46.770 [info] > git show --textconv :html/info/quemsomos.html [7ms]
2025-05-03 14:12:46.771 [info] > git ls-files --stage -- /home/felipe/coding/feiradeciencias/html/info/quemsomos.html [1ms]
2025-05-03 14:12:46.777 [info] > git cat-file -s cca879b84addb448ec3246fb8cbc1adce4f24021 [1ms]
2025-05-03 14:13:04.808 [info] > git config --get commit.template [10ms]
2025-05-03 14:13:04.809 [info] > git for-each-ref --format=%(refname)%00%(upstream:short)%00%(objectname)%00%(upstream:track)%00%(upstream:remotename)%00%(upstream:remoteref) refs/heads/master refs/remotes/master [2ms]
2025-05-03 14:13:04.819 [info] > git status -z -uall [4ms]
2025-05-03 14:13:04.820 [info] > git for-each-ref --sort -committerdate --format %(refname) %(objectname) %(*objectname) [1ms]
2025-05-03 14:13:09.838 [info] > git config --get commit.template [7ms]
2025-05-03 14:13:09.838 [info] > git for-each-ref --format=%(refname)%00%(upstream:short)%00%(objectname)%00%(upstream:track)%00%(upstream:remotename)%00%(upstream:remoteref) refs/heads/master refs/remotes/master [1ms]
2025-05-03 14:13:09.849 [info] > git status -z -uall [5ms]
2025-05-03 14:13:09.849 [info] > git for-each-ref --sort -committerdate --format %(refname) %(objectname) %(*objectname) [1ms]
2025-05-03 14:13:19.742 [info] > git config --get commit.template [8ms]
2025-05-03 14:13:19.742 [info] > git for-each-ref --format=%(refname)%00%(upstream:short)%00%(objectname)%00%(upstream:track)%00%(upstream:remotename)%00%(upstream:remoteref) refs/heads/master refs/remotes/master [1ms]
2025-05-03 14:13:19.752 [info] > git status -z -uall [6ms]
2025-05-03 14:13:19.753 [info] > git for-each-ref --sort -committerdate --format %(refname) %(objectname) %(*objectname) [2ms]
2025-05-03 14:13:26.548 [info] > git config --get commit.template [8ms]
2025-05-03 14:13:26.549 [info] > git for-each-ref --format=%(refname)%00%(upstream:short)%00%(objectname)%00%(upstream:track)%00%(upstream:remotename)%00%(upstream:remoteref) refs/heads/master refs/remotes/master [2ms]
2025-05-03 14:13:26.564 [info] > git status -z -uall [7ms]
2025-05-03 14:13:26.564 [info] > git for-each-ref --sort -committerdate --format %(refname) %(objectname) %(*objectname) [1ms]
2025-05-03 14:14:19.075 [info] > git config --get commit.template [7ms]
2025-05-03 14:14:19.075 [info] > git for-each-ref --format=%(refname)%00%(upstream:short)%00%(objectname)%00%(upstream:track)%00%(upstream:remotename)%00%(upstream:remoteref) refs/heads/master refs/remotes/master [1ms]
2025-05-03 14:14:19.086 [info] > git status -z -uall [6ms]
2025-05-03 14:14:19.087 [info] > git for-each-ref --sort -committerdate --format %(refname) %(objectname) %(*objectname) [1ms]
2025-05-03 14:14:36.429 [info] > git config --get commit.template [6ms]
2025-05-03 14:14:36.431 [info] > git for-each-ref --format=%(refname)%00%(upstream:short)%00%(objectname)%00%(upstream:track)%00%(upstream:remotename)%00%(upstream:remoteref) refs/heads/master refs/remotes/master [2ms]
2025-05-03 14:14:36.442 [info] > git status -z -uall [5ms]
2025-05-03 14:14:36.444 [info] > git for-each-ref --sort -committerdate --format %(refname) %(objectname) %(*objectname) [3ms]
2025-05-03 14:15:08.824 [info] > git config --get commit.template [7ms]
2025-05-03 14:15:08.824 [info] > git for-each-ref --format=%(refname)%00%(upstream:short)%00%(objectname)%00%(upstream:track)%00%(upstream:remotename)%00%(upstream:remoteref) refs/heads/master refs/remotes/master [0ms]
2025-05-03 14:15:08.834 [info] > git status -z -uall [5ms]
2025-05-03 14:15:08.835 [info] > git for-each-ref --sort -committerdate --format %(refname) %(objectname) %(*objectname) [1ms]
2025-05-03 14:15:16.199 [info] > git config --get commit.template [4ms]
2025-05-03 14:15:16.200 [info] > git for-each-ref --format=%(refname)%00%(upstream:short)%00%(objectname)%00%(upstream:track)%00%(upstream:remotename)%00%(upstream:remoteref) refs/heads/master refs/remotes/master [1ms]
2025-05-03 14:15:16.209 [info] > git status -z -uall [5ms]
2025-05-03 14:15:16.209 [info] > git for-each-ref --sort -committerdate --format %(refname) %(objectname) %(*objectname) [1ms]
2025-05-03 14:15:25.669 [info] > git config --get commit.template [10ms]
2025-05-03 14:15:25.670 [info] > git for-each-ref --format=%(refname)%00%(upstream:short)%00%(objectname)%00%(upstream:track)%00%(upstream:remotename)%00%(upstream:remoteref) refs/heads/master refs/remotes/master [2ms]
2025-05-03 14:15:25.684 [info] > git status -z -uall [8ms]
2025-05-03 14:15:25.684 [info] > git for-each-ref --sort -committerdate --format %(refname) %(objectname) %(*objectname) [1ms]
2025-05-03 14:15:42.742 [info] > git config --get commit.template [4ms]
2025-05-03 14:15:42.742 [info] > git for-each-ref --format=%(refname)%00%(upstream:short)%00%(objectname)%00%(upstream:track)%00%(upstream:remotename)%00%(upstream:remoteref) refs/heads/master refs/remotes/master [0ms]
2025-05-03 14:15:42.754 [info] > git status -z -uall [6ms]
2025-05-03 14:15:42.755 [info] > git for-each-ref --sort -committerdate --format %(refname) %(objectname) %(*objectname) [1ms]
2025-05-03 14:15:51.166 [info] > git config --get commit.template [7ms]
2025-05-03 14:15:51.167 [info] > git for-each-ref --format=%(refname)%00%(upstream:short)%00%(objectname)%00%(upstream:track)%00%(upstream:remotename)%00%(upstream:remoteref) refs/heads/master refs/remotes/master [1ms]
2025-05-03 14:15:51.177 [info] > git status -z -uall [6ms]
2025-05-03 14:15:51.177 [info] > git for-each-ref --sort -committerdate --format %(refname) %(objectname) %(*objectname) [1ms]
2025-05-03 14:16:07.323 [info] > git config --get commit.template [7ms]
2025-05-03 14:16:07.323 [info] > git for-each-ref --format=%(refname)%00%(upstream:short)%00%(objectname)%00%(upstream:track)%00%(upstream:remotename)%00%(upstream:remoteref) refs/heads/master refs/remotes/master [1ms]
2025-05-03 14:16:07.333 [info] > git status -z -uall [5ms]
2025-05-03 14:16:07.334 [info] > git for-each-ref --sort -committerdate --format %(refname) %(objectname) %(*objectname) [1ms]
2025-05-03 14:16:45.161 [info] > git config --get commit.template [7ms]
2025-05-03 14:16:45.162 [info] > git for-each-ref --format=%(refname)%00%(upstream:short)%00%(objectname)%00%(upstream:track)%00%(upstream:remotename)%00%(upstream:remoteref) refs/heads/master refs/remotes/master [1ms]
2025-05-03 14:16:45.174 [info] > git status -z -uall [8ms]
2025-05-03 14:16:45.175 [info] > git for-each-ref --sort -committerdate --format %(refname) %(objectname) %(*objectname) [2ms]
2025-05-03 14:17:37.574 [info] > git config --get commit.template [6ms]
2025-05-03 14:17:37.574 [info] > git for-each-ref --format=%(refname)%00%(upstream:short)%00%(objectname)%00%(upstream:track)%00%(upstream:remotename)%00%(upstream:remoteref) refs/heads/master refs/remotes/master [1ms]
2025-05-03 14:17:37.583 [info] > git status -z -uall [4ms]
2025-05-03 14:17:37.584 [info] > git for-each-ref --sort -committerdate --format %(refname) %(objectname) %(*objectname) [0ms]
2025-05-03 14:17:42.606 [info] > git config --get commit.template [8ms]
2025-05-03 14:17:42.606 [info] > git for-each-ref --format=%(refname)%00%(upstream:short)%00%(objectname)%00%(upstream:track)%00%(upstream:remotename)%00%(upstream:remoteref) refs/heads/master refs/remotes/master [1ms]
2025-05-03 14:17:42.616 [info] > git status -z -uall [4ms]
2025-05-03 14:17:42.617 [info] > git for-each-ref --sort -committerdate --format %(refname) %(objectname) %(*objectname) [1ms]
2025-05-03 14:30:11.217 [info] > git config --get commit.template [6ms]
2025-05-03 14:30:11.217 [info] > git for-each-ref --format=%(refname)%00%(upstream:short)%00%(objectname)%00%(upstream:track)%00%(upstream:remotename)%00%(upstream:remoteref) refs/heads/master refs/remotes/master [1ms]
2025-05-03 14:30:11.227 [info] > git status -z -uall [5ms]
2025-05-03 14:30:11.228 [info] > git for-each-ref --sort -committerdate --format %(refname) %(objectname) %(*objectname) [1ms]
