/split             
/split             
E486: Pattern not found: split
16 lines yanked
15 more lines
15 fewer lines
13 lines yanked
12 more lines
12 fewer lines
19 lines yanked
18 more lines
18 fewer lines
37 lines yanked
37 lines yanked
37 lines yanked
36 more lines
36 fewer lines
16 lines yanked
72 lines yanked
71 more lines
71 fewer lines
3 lines yanked
15 lines yanked
14 more lines
14 fewer lines
8 lines yanked
7 more lines
7 fewer lines
36 lines yanked
35 more lines
35 fewer lines
14 lines yanked
16 more lines
14 fewer lines
3 lines yanked
10 lines yanked
9 more lines
7 fewer lines
7 more lines
7 fewer lines
10 lines yanked
9 more lines
3 lines yanked
