2025-05-01 11:46:36.206 [info] [main] Log level: Info
2025-05-01 11:46:36.206 [info] [main] Validating found git in: "git"
2025-05-01 11:46:36.206 [info] [main] Using git "2.48.1" from "git"
2025-05-01 11:46:36.206 [info] [Model][doInitialScan] Initial repository scan started
2025-05-01 11:46:36.206 [info] [Model][doInitialScan] Initial repository scan completed - repositories (0), closed repositories (0), parent repositories (0), unsafe repositories (0)
2025-05-01 11:48:48.198 [info] [main] Log level: Info
2025-05-01 11:48:48.198 [info] [main] Validating found git in: "git"
2025-05-01 11:48:48.198 [info] [main] Using git "2.48.1" from "git"
2025-05-01 11:48:48.198 [info] [Model][doInitialScan] Initial repository scan started
2025-05-01 11:48:48.198 [info] > git rev-parse --show-toplevel [4ms]
2025-05-01 11:48:48.202 [info] > git rev-parse --git-dir --git-common-dir [1ms]
2025-05-01 11:48:48.213 [info] [Model][openRepository] Opened repository: /home/felipe/coding/feiradeciencias
2025-05-01 11:48:48.224 [info] > git rev-parse --show-toplevel [2ms]
2025-05-01 11:48:48.225 [info] > git config --get commit.template [5ms]
2025-05-01 11:48:48.253 [info] > git rev-parse --show-toplevel [23ms]
2025-05-01 11:48:48.263 [info] > git for-each-ref --format=%(refname)%00%(upstream:short)%00%(objectname)%00%(upstream:track)%00%(upstream:remotename)%00%(upstream:remoteref) refs/heads/master refs/remotes/master [14ms]
2025-05-01 11:48:48.267 [warning] [Git][revParse] Unable to read file: ENOENT: no such file or directory, open '/home/felipe/coding/feiradeciencias/.git/refs/remotes/origin/master'
2025-05-01 11:48:48.267 [info] > git rev-parse --show-toplevel [4ms]
2025-05-01 11:48:48.271 [info] > git rev-parse refs/remotes/origin/master [4ms]
2025-05-01 11:48:48.281 [info] > git rev-parse --show-toplevel [10ms]
2025-05-01 11:48:48.281 [info] [Model][doInitialScan] Initial repository scan completed - repositories (1), closed repositories (0), parent repositories (0), unsafe repositories (0)
2025-05-01 11:48:48.282 [info] > git for-each-ref --sort -committerdate --format %(refname) %(objectname) %(*objectname) [2ms]
2025-05-01 11:48:48.297 [info] > git status -z -uall [22ms]
2025-05-01 11:48:48.314 [info] > git for-each-ref --format=%(refname)%00%(upstream:short)%00%(objectname)%00%(upstream:track)%00%(upstream:remotename)%00%(upstream:remoteref) refs/heads/master refs/remotes/master [5ms]
2025-05-01 11:48:48.319 [info] > git config --get --local branch.master.vscode-merge-base [1ms]
2025-05-01 11:48:48.319 [warning] [Git][config] git config failed: Failed to execute git
2025-05-01 11:48:48.322 [info] > git config --get commit.template [8ms]
2025-05-01 11:48:48.337 [info] > git reflog master --grep-reflog=branch: Created from *. [15ms]
2025-05-01 11:48:48.344 [info] > git symbolic-ref --short refs/remotes/origin/HEAD [4ms]
2025-05-01 11:48:48.348 [info] > git for-each-ref --format=%(refname)%00%(upstream:short)%00%(objectname)%00%(upstream:track)%00%(upstream:remotename)%00%(upstream:remoteref) refs/heads/master refs/remotes/master [4ms]
2025-05-01 11:48:48.351 [warning] [Git][revParse] Unable to read file: ENOENT: no such file or directory, open '/home/felipe/coding/feiradeciencias/.git/refs/remotes/origin/master'
2025-05-01 11:48:48.351 [info] > git for-each-ref --format=%(refname)%00%(upstream:short)%00%(objectname)%00%(upstream:track)%00%(upstream:remotename)%00%(upstream:remoteref) refs/heads/origin/master refs/remotes/origin/master [4ms]
2025-05-01 11:48:48.355 [info] > git rev-parse refs/remotes/origin/master [4ms]
2025-05-01 11:48:48.361 [info] > git config --add --local branch.master.vscode-merge-base origin/master [7ms]
2025-05-01 11:48:48.361 [info] > git for-each-ref --sort -committerdate --format %(refname) %(objectname) %(*objectname) [1ms] (cancelled)
2025-05-01 11:48:48.370 [info] > git status -z -uall [13ms] (cancelled)
2025-05-01 11:48:48.370 [info] > git for-each-ref --format=%(refname)%00%(upstream:short)%00%(objectname)%00%(upstream:track)%00%(upstream:remotename)%00%(upstream:remoteref) refs/heads/master refs/remotes/master [5ms]
2025-05-01 11:48:48.373 [info] > git config --get commit.template [4ms]
2025-05-01 11:48:48.373 [info] > git config --get --local branch.master.vscode-merge-base [0ms]
2025-05-01 11:48:48.379 [info] > git for-each-ref --format=%(refname)%00%(upstream:short)%00%(objectname)%00%(upstream:track)%00%(upstream:remotename)%00%(upstream:remoteref) refs/heads/origin/master refs/remotes/origin/master [2ms]
2025-05-01 11:48:48.384 [info] > git for-each-ref --format=%(refname)%00%(upstream:short)%00%(objectname)%00%(upstream:track)%00%(upstream:remotename)%00%(upstream:remoteref) refs/heads/master refs/remotes/master [5ms]
2025-05-01 11:48:48.386 [warning] [Git][revParse] Unable to read file: ENOENT: no such file or directory, open '/home/felipe/coding/feiradeciencias/.git/refs/remotes/origin/master'
2025-05-01 11:48:48.386 [info] > git merge-base refs/heads/master refs/remotes/origin/master [3ms]
2025-05-01 11:48:48.390 [info] > git rev-parse refs/remotes/origin/master [4ms]
2025-05-01 11:48:48.395 [info] > git diff --name-status -z --diff-filter=ADMR 1bd376ebda3399ccc2c01fc863e85508b6b007c5...refs/remotes/origin/master [6ms]
2025-05-01 11:48:48.396 [info] > git for-each-ref --sort -committerdate --format %(refname) %(objectname) %(*objectname) [1ms]
2025-05-01 11:48:48.411 [info] > git status -z -uall [19ms]
2025-05-01 11:48:48.736 [info] > git check-ignore -v -z --stdin [2ms]
2025-05-01 11:48:49.500 [info] > git config --get commit.template [6ms]
2025-05-01 11:48:49.501 [info] > git for-each-ref --format=%(refname)%00%(upstream:short)%00%(objectname)%00%(upstream:track)%00%(upstream:remotename)%00%(upstream:remoteref) refs/heads/master refs/remotes/master [2ms]
2025-05-01 11:48:49.506 [warning] [Git][revParse] Unable to read file: ENOENT: no such file or directory, open '/home/felipe/coding/feiradeciencias/.git/refs/remotes/origin/master'
2025-05-01 11:48:49.507 [info] > git rev-parse refs/remotes/origin/master [1ms]
2025-05-01 11:48:49.517 [info] > git for-each-ref --sort -committerdate --format %(refname) %(objectname) %(*objectname) [1ms]
2025-05-01 11:48:49.533 [info] > git status -z -uall [21ms]
2025-05-01 11:49:01.259 [info] > git config --get commit.template [1ms]
2025-05-01 11:49:01.264 [info] > git for-each-ref --format=%(refname)%00%(upstream:short)%00%(objectname)%00%(upstream:track)%00%(upstream:remotename)%00%(upstream:remoteref) refs/heads/master refs/remotes/master [1ms]
2025-05-01 11:49:01.266 [warning] [Git][revParse] Unable to read file: ENOENT: no such file or directory, open '/home/felipe/coding/feiradeciencias/.git/refs/remotes/origin/master'
2025-05-01 11:49:01.267 [info] > git rev-parse refs/remotes/origin/master [1ms]
2025-05-01 11:49:01.275 [info] > git for-each-ref --sort -committerdate --format %(refname) %(objectname) %(*objectname) [1ms]
2025-05-01 11:49:01.289 [info] > git status -z -uall [19ms]
2025-05-01 11:49:03.809 [info] > git check-ignore -v -z --stdin [3ms]
2025-05-01 11:49:04.730 [info] > git check-ignore -v -z --stdin [3ms]
2025-05-01 11:49:05.301 [info] > git show --textconv :html/index.html [6ms]
2025-05-01 11:49:05.302 [info] > git ls-files --stage -- /home/felipe/coding/feiradeciencias/html/index.html [1ms]
2025-05-01 11:49:05.308 [info] > git cat-file -s f73817dc2a70f120c9cb15ac69e7f9988981cfab [2ms]
2025-05-01 11:49:05.692 [info] > git show --textconv :html/error.html [5ms]
2025-05-01 11:49:05.693 [info] > git ls-files --stage -- /home/felipe/coding/feiradeciencias/html/error.html [1ms]
2025-05-01 11:49:05.698 [info] > git cat-file -s 7d82953fb868208b8c977eb9d0fd8d2c68191897 [1ms]
2025-05-01 11:49:07.325 [info] > git check-ignore -v -z --stdin [2ms]
2025-05-01 11:49:07.579 [info] > git show --textconv :static/styles.css [4ms]
2025-05-01 11:49:07.580 [info] > git ls-files --stage -- /home/felipe/coding/feiradeciencias/static/styles.css [1ms]
2025-05-01 11:49:07.588 [info] > git cat-file -s 7478478aaff833325f591bda1799a2e20224dedd [6ms]
2025-05-01 11:49:08.506 [info] > git show --textconv :app.js [5ms]
2025-05-01 11:49:08.507 [info] > git ls-files --stage -- /home/felipe/coding/feiradeciencias/app.js [1ms]
2025-05-01 11:49:08.512 [info] > git cat-file -s 757f72f243615408d7c2f4c253dc353a8701f551 [1ms]
2025-05-01 11:49:15.998 [info] > git show --textconv :static/styles.css [4ms]
2025-05-01 11:49:15.999 [info] > git ls-files --stage -- /home/felipe/coding/feiradeciencias/static/styles.css [2ms]
2025-05-01 11:49:16.003 [info] > git cat-file -s 7478478aaff833325f591bda1799a2e20224dedd [1ms]
2025-05-01 11:49:36.754 [info] > git config --get commit.template [7ms]
2025-05-01 11:49:36.755 [info] > git for-each-ref --format=%(refname)%00%(upstream:short)%00%(objectname)%00%(upstream:track)%00%(upstream:remotename)%00%(upstream:remoteref) refs/heads/master refs/remotes/master [2ms]
2025-05-01 11:49:36.759 [warning] [Git][revParse] Unable to read file: ENOENT: no such file or directory, open '/home/felipe/coding/feiradeciencias/.git/refs/remotes/origin/master'
2025-05-01 11:49:36.760 [info] > git rev-parse refs/remotes/origin/master [1ms]
2025-05-01 11:49:36.770 [info] > git for-each-ref --sort -committerdate --format %(refname) %(objectname) %(*objectname) [1ms]
2025-05-01 11:49:36.785 [info] > git status -z -uall [22ms]
2025-05-01 11:49:53.316 [warning] [Git][getHEAD] Failed to parse HEAD file: Repository is using reftable format.
2025-05-01 11:49:53.317 [info] > git config --get commit.template [5ms]
2025-05-01 11:49:53.317 [info] > git symbolic-ref --short HEAD [1ms]
2025-05-01 11:49:53.317 [info] fatal: No such ref: HEAD
2025-05-01 11:49:53.321 [info] > git rev-parse HEAD [1ms]
2025-05-01 11:49:53.321 [info] fatal: ambiguous argument 'HEAD': unknown revision or path not in the working tree.
Use '--' to separate paths from revisions, like this:
'git <command> [<revision>...] -- [<file>...]'
2025-05-01 11:49:53.329 [info] > git status -z -uall [4ms]
2025-05-01 11:49:53.329 [info] > git for-each-ref --sort -committerdate --format %(refname) %(objectname) %(*objectname) [1ms]
2025-05-01 11:49:58.351 [info] > git symbolic-ref --short HEAD [8ms]
2025-05-01 11:49:58.358 [info] > git config --get commit.template [8ms]
2025-05-01 11:49:58.359 [info] > git for-each-ref --format=%(refname)%00%(upstream:short)%00%(objectname)%00%(upstream:track)%00%(upstream:remotename)%00%(upstream:remoteref) refs/heads/master refs/remotes/master [2ms]
2025-05-01 11:49:58.364 [warning] [Git][revParse] Unable to read file: ENOENT: no such file or directory, open '/home/felipe/coding/feiradeciencias/.git/refs/remotes/origin/master'
2025-05-01 11:49:58.365 [info] > git rev-parse refs/remotes/origin/master [1ms]
2025-05-01 11:49:58.380 [info] > git for-each-ref --sort -committerdate --format %(refname) %(objectname) %(*objectname) [2ms]
2025-05-01 11:49:58.409 [info] > git status -z -uall [38ms]
2025-05-01 11:49:58.415 [info] > git merge-base refs/heads/master refs/remotes/origin/master [1ms]
2025-05-01 11:49:58.420 [info] > git diff --name-status -z --diff-filter=ADMR 1bd376ebda3399ccc2c01fc863e85508b6b007c5...refs/remotes/origin/master [1ms]
2025-05-01 11:50:21.076 [warning] [Git][getRemotes] Error: ENOENT: no such file or directory, open '/home/felipe/coding/feiradeciencias/.git/config'
2025-05-01 11:50:21.094 [warning] [Git][getRemotes] Error: ENOENT: no such file or directory, open '/home/felipe/coding/feiradeciencias/.git/config'
