2025-05-01 11:50:36.174 [info] Reading sessions from keychain...
2025-05-01 11:50:36.174 [info] Getting sessions for all scopes...
2025-05-01 11:50:36.174 [info] Getting sessions for all scopes...
2025-05-01 11:50:36.174 [info] Got 0 sessions for ...
2025-05-01 11:50:36.174 [info] Got 0 sessions for ...
2025-05-01 11:50:36.174 [info] Getting sessions for read:user,repo,user:email,workflow...
2025-05-01 11:50:36.174 [info] Got 0 sessions for read:user,repo,user:email,workflow...
2025-05-01 11:50:37.623 [info] Getting sessions for all scopes...
2025-05-01 11:50:37.623 [info] Got 0 sessions for ...
2025-05-01 12:39:28.717 [info] Getting sessions for read:user,repo,user:email,workflow...
2025-05-01 12:39:28.717 [info] Got 0 sessions for read:user,repo,user:email,workflow...
2025-05-01 12:39:31.406 [info] Logging in with 'any' account...
2025-05-01 12:39:31.406 [info] Logging in for the following scopes: read:user repo user:email workflow
2025-05-01 12:39:31.410 [info] Trying device code flow... (read:user repo user:email workflow)
2025-05-01 12:39:57.971 [info] Getting user info...
2025-05-01 12:39:58.482 [info] Got account info!
2025-05-01 12:39:58.483 [info] Storing 1 sessions...
2025-05-01 12:40:00.281 [info] Reading sessions from keychain...
2025-05-01 12:40:00.281 [info] Stored 1 sessions!
2025-05-01 12:40:00.281 [info] Login success!
2025-05-01 12:40:00.326 [info] Got stored sessions!
2025-05-01 12:40:00.326 [info] Got 1 verified sessions.
2025-05-01 12:40:00.667 [info] Getting sessions for read:user,repo,user:email,workflow...
2025-05-01 12:40:00.667 [info] Got 1 sessions for read:user,repo,user:email,workflow...
2025-05-01 12:40:00.724 [info] Getting sessions for read:user,repo,user:email,workflow...
2025-05-01 12:40:00.724 [info] Got 1 sessions for read:user,repo,user:email,workflow...
