2025-05-03 05:42:54.641 [info] MainController: Starting nvim: /usr/bin/nvim -N --embed --cmd source /home/felipe/.vscode-oss/extensions/asvetliakov.vscode-neovim-1.18.20-universal/runtime/vscode-neovim.vim
2025-05-03 05:42:54.664 [info] MainController: Nvim info: {
  configFile: '/home/felipe/.config/nvim/init.lua',
  nvimVersion: {
    minor: 10,
    patch: 4,
    build: 'v0.10.4',
    prerelease: false,
    api_level: 12,
    api_prerelease: false,
    api_compatible: 0,
    major: 0
  },
  logFile: '/home/felipe/.local/state/nvim/log',
  configDir: '/home/felipe/.config/nvim'
}
2025-05-03 05:42:58.740 [info] MessagesManager: '/split             \n'
2025-05-03 05:42:58.740 [info] MessagesManager: '/split             \nE486: Pattern not found: split\n'
2025-05-03 05:43:58.094 [info] MessagesManager: '16 lines yanked\n'
2025-05-03 05:43:59.478 [info] MessagesManager: '15 more lines\n'
2025-05-03 05:44:04.903 [info] MessagesManager: '15 fewer lines\n'
2025-05-03 05:44:16.630 [info] MessagesManager: '13 lines yanked\n'
2025-05-03 05:44:22.470 [info] MessagesManager: '12 more lines\n'
2025-05-03 05:44:26.162 [info] MessagesManager: '12 fewer lines\n'
2025-05-03 05:48:08.013 [info] MessagesManager: '19 lines yanked\n'
2025-05-03 05:48:11.307 [info] MessagesManager: '18 more lines\n'
2025-05-03 05:48:17.285 [info] MessagesManager: '18 fewer lines\n'
2025-05-03 05:48:46.507 [info] MessagesManager: '37 lines yanked\n'
2025-05-03 05:48:58.838 [info] MessagesManager: '37 lines yanked\n'
2025-05-03 05:49:07.510 [info] MessagesManager: '37 lines yanked\n'
2025-05-03 05:49:09.315 [info] MessagesManager: '36 more lines\n'
2025-05-03 05:49:14.639 [info] MessagesManager: '36 fewer lines\n'
2025-05-03 05:49:54.652 [info] MessagesManager: '16 lines yanked\n'
2025-05-03 05:50:02.675 [info] MessagesManager: '72 lines yanked\n'
2025-05-03 05:50:12.988 [info] MessagesManager: '71 more lines\n'
2025-05-03 05:50:21.104 [info] MessagesManager: '71 fewer lines\n'
2025-05-03 05:51:13.653 [info] MessagesManager: '3 lines yanked\n'
2025-05-03 05:54:22.152 [info] MessagesManager: '15 lines yanked\n'
2025-05-03 05:54:23.362 [info] MessagesManager: '14 more lines\n'
2025-05-03 05:54:27.115 [info] MessagesManager: '14 fewer lines\n'
2025-05-03 05:55:03.406 [info] MessagesManager: '8 lines yanked\n'
2025-05-03 05:55:06.188 [info] MessagesManager: '7 more lines\n'
2025-05-03 05:55:09.605 [info] MessagesManager: '7 fewer lines\n'
2025-05-03 05:55:29.848 [info] MessagesManager: '36 lines yanked\n'
2025-05-03 05:55:40.100 [info] MessagesManager: '35 more lines\n'
2025-05-03 05:55:49.417 [info] MessagesManager: '35 fewer lines\n'
2025-05-03 06:07:16.815 [info] MessagesManager: '14 lines yanked\n'
2025-05-03 06:08:26.038 [info] MessagesManager: '16 more lines\n'
2025-05-03 06:08:28.772 [info] MessagesManager: '14 fewer lines\n'
2025-05-03 06:20:26.321 [info] MessagesManager: '3 lines yanked\n'
2025-05-03 06:20:52.199 [info] MessagesManager: '10 lines yanked\n'
2025-05-03 06:21:09.328 [info] MessagesManager: '9 more lines\n'
2025-05-03 06:21:24.280 [info] MessagesManager: '7 fewer lines\n'
2025-05-03 06:21:26.930 [info] MessagesManager: '7 more lines\n'
2025-05-03 06:21:32.308 [info] MessagesManager: '7 fewer lines\n'
2025-05-03 06:21:40.533 [info] MessagesManager: '10 lines yanked\n'
2025-05-03 06:21:45.929 [info] MessagesManager: '9 more lines\n'
2025-05-03 06:25:34.861 [info] MessagesManager: '3 lines yanked\n'
