2025-05-01 11:46:35.676 [info] Started local extension host with pid 2002.
2025-05-01 11:46:35.795 [info] Placing extension(s) asvetliakov.vscode-neovim on a separate extension host.
2025-05-01 11:46:35.867 [info] Started local extension host with pid 2032.
2025-05-01 11:46:38.132 [error] Error while getting the latest version for the extension asvetliakov.vscode-neovim. Cannot read properties of undefined (reading 'replace')
2025-05-01 11:46:38.132 [error] Error while getting the latest version for the extension ms-vscode.live-server. Cannot read properties of undefined (reading 'replace')
2025-05-01 11:46:38.132 [error] Error while getting the latest version for the extension zhuangtongfa.material-theme. Cannot read properties of undefined (reading 'replace')
2025-05-01 11:46:38.311 [info] [perf] Render performance baseline is 21ms
2025-05-01 11:48:47.657 [info] Started local extension host with pid 3707.
2025-05-01 11:48:47.798 [info] Placing extension(s) asvetliakov.vscode-neovim on a separate extension host.
2025-05-01 11:48:47.872 [info] Started local extension host with pid 3732.
2025-05-01 11:48:50.114 [error] Error while getting the latest version for the extension asvetliakov.vscode-neovim. Cannot read properties of undefined (reading 'replace')
2025-05-01 11:48:50.114 [error] Error while getting the latest version for the extension ms-vscode.live-server. Cannot read properties of undefined (reading 'replace')
2025-05-01 11:48:50.114 [error] Error while getting the latest version for the extension zhuangtongfa.material-theme. Cannot read properties of undefined (reading 'replace')
2025-05-01 11:48:50.230 [info] [perf] Render performance baseline is 19ms
2025-05-01 11:49:49.230 [warning] [File Watcher (node.js)] Watcher shutdown because watched path got deleted
2025-05-01 11:49:49.366 [error] [File Watcher (node.js)] Failed to watch /home/felipe/coding/feiradeciencias/node_modules/lowdb/package.json for changes using fs.watch() (Error: ENOENT: no such file or directory, watch '/home/felipe/coding/feiradeciencias/node_modules/lowdb/package.json')
2025-05-01 11:49:49.366 [error] [File Watcher (node.js)] Failed to watch /home/felipe/coding/feiradeciencias/package.json for changes using fs.watch() (Error: ENOENT: no such file or directory, watch '/home/felipe/coding/feiradeciencias/package.json')
2025-05-01 11:49:49.367 [error] [File Watcher (node.js)] Failed to watch /home/felipe/coding/feiradeciencias/node_modules/body-parser/package.json for changes using fs.watch() (Error: ENOENT: no such file or directory, watch '/home/felipe/coding/feiradeciencias/node_modules/body-parser/package.json')
2025-05-01 11:49:49.368 [error] [File Watcher (node.js)] Failed to watch /home/felipe/coding/feiradeciencias/node_modules/path/package.json for changes using fs.watch() (Error: ENOENT: no such file or directory, watch '/home/felipe/coding/feiradeciencias/node_modules/path/package.json')
2025-05-01 11:49:49.368 [error] [File Watcher (node.js)] Failed to watch /home/felipe/coding/feiradeciencias/node_modules/lodash/package.json for changes using fs.watch() (Error: ENOENT: no such file or directory, watch '/home/felipe/coding/feiradeciencias/node_modules/lodash/package.json')
2025-05-01 11:49:49.368 [error] [File Watcher (node.js)] Failed to watch /home/felipe/coding/feiradeciencias/node_modules/express/package.json for changes using fs.watch() (Error: ENOENT: no such file or directory, watch '/home/felipe/coding/feiradeciencias/node_modules/express/package.json')
2025-05-01 11:49:49.369 [error] [File Watcher (node.js)] Failed to watch /home/felipe/coding/feiradeciencias/node_modules/is-promise/package.json for changes using fs.watch() (Error: ENOENT: no such file or directory, watch '/home/felipe/coding/feiradeciencias/node_modules/is-promise/package.json')
2025-05-01 11:49:49.369 [error] [File Watcher (node.js)] Failed to watch /home/felipe/coding/feiradeciencias/node_modules/lowdb/node_modules/is-promise/package.json for changes using fs.watch() (Error: ENOENT: no such file or directory, watch '/home/felipe/coding/feiradeciencias/node_modules/lowdb/node_modules/is-promise/package.json')
2025-05-01 11:49:49.369 [error] [File Watcher (node.js)] Failed to watch /home/felipe/coding/feiradeciencias/node_modules/graceful-fs/package.json for changes using fs.watch() (Error: ENOENT: no such file or directory, watch '/home/felipe/coding/feiradeciencias/node_modules/graceful-fs/package.json')
2025-05-01 11:49:49.370 [error] [File Watcher (node.js)] Failed to watch /home/felipe/coding/feiradeciencias/node_modules/util/package.json for changes using fs.watch() (Error: ENOENT: no such file or directory, watch '/home/felipe/coding/feiradeciencias/node_modules/util/package.json')
2025-05-01 11:49:49.371 [error] [File Watcher (node.js)] Failed to watch /home/felipe/coding/feiradeciencias/node_modules/util/node_modules/inherits/package.json for changes using fs.watch() (Error: ENOENT: no such file or directory, watch '/home/felipe/coding/feiradeciencias/node_modules/util/node_modules/inherits/package.json')
2025-05-01 11:49:49.371 [error] [File Watcher (node.js)] Failed to watch /home/felipe/coding/feiradeciencias/node_modules/inherits/package.json for changes using fs.watch() (Error: ENOENT: no such file or directory, watch '/home/felipe/coding/feiradeciencias/node_modules/inherits/package.json')
2025-05-01 11:49:50.254 [error] [Extension Host] Error: spawn git ENOENT
	at ChildProcess._handle.onexit (node:internal/child_process:285:19)
	at onErrorNT (node:internal/child_process:483:16)
	at process.processTicksAndRejections (node:internal/process/task_queues:82:21)
2025-05-01 11:49:50.255 [error] [Extension Host] Error: Unexpected SIGPIPE
	at process.<anonymous> (file:///usr/lib/code/out/bootstrap-fork.js:3:11860)
	at process.emit (node:events:518:28)
2025-05-01 11:49:51.258 [error] An unknown error occurred. Please consult the log for more details.
2025-05-01 11:50:18.846 [warning] [File Watcher (node.js)] Watcher shutdown because watched path got deleted
2025-05-01 11:50:18.882 [warning] [File Watcher] Watcher shutdown because watched path got deleted (path: /home/felipe/coding/feiradeciencias)
2025-05-01 11:50:18.882 [error] [File Watcher (node.js)] Failed to watch /home/felipe/coding/feiradeciencias/node_modules/path/package.json for changes using fs.watch() (Error: ENOENT: no such file or directory, watch '/home/felipe/coding/feiradeciencias/node_modules/path/package.json')
2025-05-01 11:50:18.883 [error] [File Watcher (node.js)] Failed to watch /home/felipe/coding/feiradeciencias/node_modules/util/node_modules/inherits/package.json for changes using fs.watch() (Error: ENOENT: no such file or directory, watch '/home/felipe/coding/feiradeciencias/node_modules/util/node_modules/inherits/package.json')
2025-05-01 11:50:18.883 [error] [File Watcher (node.js)] Failed to watch /home/felipe/coding/feiradeciencias/node_modules/inherits/package.json for changes using fs.watch() (Error: ENOENT: no such file or directory, watch '/home/felipe/coding/feiradeciencias/node_modules/inherits/package.json')
2025-05-01 11:50:18.883 [error] [File Watcher (node.js)] Failed to watch /home/felipe/coding/feiradeciencias/node_modules/util/package.json for changes using fs.watch() (Error: ENOENT: no such file or directory, watch '/home/felipe/coding/feiradeciencias/node_modules/util/package.json')
2025-05-01 11:50:21.331 [warning] [backup tracker] suspended, ignoring unregister event file:///home/felipe/coding/feiradeciencias/package.json 
